<?xml version="1.0" encoding="UTF-8"?>
<coverage generated="1681090011686" clover="3.2.0">
  <project timestamp="1681090011686" name="All files">
    <metrics statements="243" coveredstatements="150" conditionals="86" coveredconditionals="44" methods="86" coveredmethods="47" elements="415" coveredelements="241" complexity="0" loc="243" ncloc="243" packages="1" files="4" classes="4"/>
    <file name="dice-expression.ts" path="/Users/franco/projects/dicerollerts/src/dice-expression.ts">
      <metrics statements="70" coveredstatements="54" conditionals="8" coveredconditionals="8" methods="31" coveredmethods="15"/>
      <line num="10" count="1" type="stmt"/>
      <line num="11" count="14" type="stmt"/>
      <line num="22" count="1" type="stmt"/>
      <line num="23" count="15" type="stmt"/>
      <line num="35" count="1" type="stmt"/>
      <line num="39" count="6" type="stmt"/>
      <line num="53" count="1" type="stmt"/>
      <line num="58" count="1" type="stmt"/>
      <line num="72" count="1" type="stmt"/>
      <line num="73" count="1" type="stmt"/>
      <line num="87" count="1" type="cond" truecount="2" falsecount="0"/>
      <line num="88" count="1" type="stmt"/>
      <line num="89" count="1" type="stmt"/>
      <line num="90" count="1" type="stmt"/>
      <line num="91" count="1" type="stmt"/>
      <line num="92" count="1" type="stmt"/>
      <line num="100" count="1" type="stmt"/>
      <line num="101" count="4" type="stmt"/>
      <line num="113" count="1" type="stmt"/>
      <line num="117" count="0" type="stmt"/>
      <line num="130" count="1" type="stmt"/>
      <line num="134" count="2" type="stmt"/>
      <line num="151" count="1" type="stmt"/>
      <line num="152" count="0" type="stmt"/>
      <line num="163" count="1" type="stmt"/>
      <line num="166" count="0" type="stmt"/>
      <line num="182" count="1" type="stmt"/>
      <line num="183" count="0" type="stmt"/>
      <line num="196" count="1" type="stmt"/>
      <line num="197" count="0" type="stmt"/>
      <line num="214" count="1" type="stmt"/>
      <line num="215" count="3" type="stmt"/>
      <line num="228" count="1" type="stmt"/>
      <line num="229" count="3" type="stmt"/>
      <line num="244" count="1" type="stmt"/>
      <line num="245" count="0" type="stmt"/>
      <line num="255" count="1" type="stmt"/>
      <line num="256" count="6" type="stmt"/>
      <line num="271" count="1" type="stmt"/>
      <line num="272" count="0" type="stmt"/>
      <line num="284" count="1" type="stmt"/>
      <line num="288" count="0" type="stmt"/>
      <line num="300" count="1" type="stmt"/>
      <line num="301" count="6" type="stmt"/>
      <line num="312" count="1" type="stmt"/>
      <line num="313" count="0" type="stmt"/>
      <line num="324" count="1" type="stmt"/>
      <line num="325" count="0" type="stmt"/>
      <line num="338" count="1" type="cond" truecount="2" falsecount="0"/>
      <line num="339" count="1" type="stmt"/>
      <line num="340" count="1" type="stmt"/>
      <line num="343" count="1" type="cond" truecount="2" falsecount="0"/>
      <line num="344" count="1" type="stmt"/>
      <line num="345" count="1" type="stmt"/>
      <line num="346" count="1" type="stmt"/>
      <line num="347" count="1" type="stmt"/>
      <line num="350" count="1" type="cond" truecount="2" falsecount="0"/>
      <line num="351" count="1" type="stmt"/>
      <line num="359" count="1" type="stmt"/>
      <line num="360" count="0" type="stmt"/>
      <line num="370" count="1" type="stmt"/>
      <line num="371" count="0" type="stmt"/>
      <line num="382" count="1" type="stmt"/>
      <line num="386" count="0" type="stmt"/>
      <line num="399" count="1" type="stmt"/>
      <line num="403" count="0" type="stmt"/>
      <line num="416" count="1" type="stmt"/>
      <line num="420" count="0" type="stmt"/>
      <line num="431" count="1" type="stmt"/>
      <line num="432" count="0" type="stmt"/>
    </file>
    <file name="roll-result-domain.ts" path="/Users/franco/projects/dicerollerts/src/roll-result-domain.ts">
      <metrics statements="4" coveredstatements="4" conditionals="2" coveredconditionals="2" methods="1" coveredmethods="1"/>
      <line num="3" count="1" type="stmt"/>
      <line num="5" count="44" type="cond" truecount="2" falsecount="0"/>
      <line num="6" count="16" type="stmt"/>
      <line num="8" count="28" type="stmt"/>
    </file>
    <file name="roll-result.ts" path="/Users/franco/projects/dicerollerts/src/roll-result.ts">
      <metrics statements="28" coveredstatements="25" conditionals="0" coveredconditionals="0" methods="14" coveredmethods="11"/>
      <line num="8" count="1" type="stmt"/>
      <line num="9" count="34" type="stmt"/>
      <line num="21" count="1" type="stmt"/>
      <line num="22" count="60" type="stmt"/>
      <line num="36" count="1" type="stmt"/>
      <line num="41" count="24" type="stmt"/>
      <line num="57" count="1" type="stmt"/>
      <line num="63" count="4" type="stmt"/>
      <line num="79" count="1" type="stmt"/>
      <line num="84" count="4" type="stmt"/>
      <line num="104" count="1" type="stmt"/>
      <line num="105" count="16" type="stmt"/>
      <line num="117" count="1" type="stmt"/>
      <line num="121" count="0" type="stmt"/>
      <line num="134" count="1" type="stmt"/>
      <line num="138" count="8" type="stmt"/>
      <line num="155" count="1" type="stmt"/>
      <line num="156" count="4" type="stmt"/>
      <line num="167" count="1" type="stmt"/>
      <line num="168" count="4" type="stmt"/>
      <line num="179" count="1" type="stmt"/>
      <line num="180" count="16" type="stmt"/>
      <line num="197" count="1" type="stmt"/>
      <line num="198" count="40" type="stmt"/>
      <line num="210" count="1" type="stmt"/>
      <line num="211" count="0" type="stmt"/>
      <line num="222" count="1" type="stmt"/>
      <line num="223" count="0" type="stmt"/>
    </file>
    <file name="roller.ts" path="/Users/franco/projects/dicerollerts/src/roller.ts">
      <metrics statements="141" coveredstatements="67" conditionals="76" coveredconditionals="34" methods="40" coveredmethods="20"/>
      <line num="1" count="1" type="stmt"/>
      <line num="2" count="1" type="stmt"/>
      <line num="3" count="1" type="stmt"/>
      <line num="4" count="1" type="stmt"/>
      <line num="7" count="0" type="stmt"/>
      <line num="8" count="0" type="stmt"/>
      <line num="9" count="0" type="stmt"/>
      <line num="10" count="0" type="cond" truecount="0" falsecount="1"/>
      <line num="11" count="0" type="stmt"/>
      <line num="14" count="0" type="stmt"/>
      <line num="18" count="12" type="stmt"/>
      <line num="22" count="0" type="stmt"/>
      <line num="23" count="0" type="stmt"/>
      <line num="24" count="0" type="cond" truecount="0" falsecount="2"/>
      <line num="25" count="0" type="stmt"/>
      <line num="27" count="0" type="stmt"/>
      <line num="32" count="0" type="stmt"/>
      <line num="33" count="0" type="stmt"/>
      <line num="34" count="0" type="stmt"/>
      <line num="35" count="0" type="stmt"/>
      <line num="36" count="0" type="stmt"/>
      <line num="37" count="0" type="stmt"/>
      <line num="38" count="0" type="stmt"/>
      <line num="39" count="0" type="cond" truecount="0" falsecount="1"/>
      <line num="40" count="0" type="stmt"/>
      <line num="41" count="0" type="stmt"/>
      <line num="43" count="0" type="stmt"/>
      <line num="44" count="0" type="cond" truecount="0" falsecount="1"/>
      <line num="46" count="0" type="stmt"/>
      <line num="49" count="1" type="stmt"/>
      <line num="51" count="12" type="cond" truecount="1" falsecount="4"/>
      <line num="53" count="0" type="stmt"/>
      <line num="55" count="0" type="cond" truecount="0" falsecount="2"/>
      <line num="57" count="12" type="stmt"/>
      <line num="59" count="0" type="stmt"/>
      <line num="61" count="0" type="stmt"/>
      <line num="66" count="0" type="cond" truecount="0" falsecount="2"/>
      <line num="68" count="0" type="cond" truecount="0" falsecount="2"/>
      <line num="69" count="0" type="stmt"/>
      <line num="71" count="0" type="stmt"/>
      <line num="74" count="0" type="cond" truecount="0" falsecount="2"/>
      <line num="75" count="0" type="stmt"/>
      <line num="77" count="0" type="stmt"/>
      <line num="82" count="20" type="stmt"/>
      <line num="85" count="12" type="cond" truecount="2" falsecount="0"/>
      <line num="86" count="24" type="stmt"/>
      <line num="87" count="8" type="stmt"/>
      <line num="88" count="8" type="stmt"/>
      <line num="89" count="4" type="cond" truecount="1" falsecount="1"/>
      <line num="90" count="0" type="cond" truecount="0" falsecount="2"/>
      <line num="91" count="0" type="stmt"/>
      <line num="92" count="0" type="stmt"/>
      <line num="93" count="0" type="stmt"/>
      <line num="94" count="0" type="stmt"/>
      <line num="95" count="0" type="stmt"/>
      <line num="96" count="0" type="cond" truecount="0" falsecount="2"/>
      <line num="97" count="0" type="stmt"/>
      <line num="98" count="0" type="stmt"/>
      <line num="99" count="0" type="stmt"/>
      <line num="100" count="0" type="stmt"/>
      <line num="101" count="0" type="stmt"/>
      <line num="103" count="0" type="stmt"/>
      <line num="105" count="4" type="cond" truecount="1" falsecount="1"/>
      <line num="106" count="4" type="stmt"/>
      <line num="107" count="12" type="stmt"/>
      <line num="108" count="12" type="cond" truecount="1" falsecount="1"/>
      <line num="109" count="12" type="stmt"/>
      <line num="111" count="0" type="stmt"/>
      <line num="114" count="4" type="stmt"/>
      <line num="115" count="4" type="stmt"/>
      <line num="116" count="4" type="stmt"/>
      <line num="117" count="4" type="stmt"/>
      <line num="119" count="0" type="stmt"/>
      <line num="124" count="62" type="cond" truecount="2" falsecount="0"/>
      <line num="125" count="16" type="stmt"/>
      <line num="126" count="46" type="cond" truecount="2" falsecount="0"/>
      <line num="127" count="30" type="stmt"/>
      <line num="128" count="16" type="cond" truecount="2" falsecount="0"/>
      <line num="129" count="12" type="stmt"/>
      <line num="130" count="4" type="cond" truecount="2" falsecount="0"/>
      <line num="131" count="2" type="stmt"/>
      <line num="132" count="2" type="stmt"/>
      <line num="133" count="2" type="cond" truecount="1" falsecount="1"/>
      <line num="134" count="2" type="stmt"/>
      <line num="135" count="0" type="cond" truecount="0" falsecount="2"/>
      <line num="136" count="0" type="stmt"/>
      <line num="137" count="0" type="cond" truecount="0" falsecount="2"/>
      <line num="138" count="0" type="stmt"/>
      <line num="139" count="0" type="cond" truecount="0" falsecount="2"/>
      <line num="140" count="0" type="stmt"/>
      <line num="142" count="0" type="stmt"/>
      <line num="144" count="2" type="cond" truecount="1" falsecount="1"/>
      <line num="145" count="2" type="stmt"/>
      <line num="146" count="2" type="cond" truecount="1" falsecount="1"/>
      <line num="147" count="2" type="stmt"/>
      <line num="149" count="0" type="stmt"/>
      <line num="152" count="0" type="stmt"/>
      <line num="157" count="4" type="stmt"/>
      <line num="158" count="4" type="cond" truecount="2" falsecount="0"/>
      <line num="160" count="2" type="cond" truecount="1" falsecount="1"/>
      <line num="161" count="0" type="stmt"/>
      <line num="163" count="6" type="stmt"/>
      <line num="166" count="2" type="cond" truecount="1" falsecount="1"/>
      <line num="167" count="0" type="stmt"/>
      <line num="169" count="6" type="stmt"/>
      <line num="175" count="6" type="stmt"/>
      <line num="176" count="6" type="cond" truecount="2" falsecount="0"/>
      <line num="180" count="6" type="stmt"/>
      <line num="181" count="6" type="cond" truecount="2" falsecount="0"/>
      <line num="185" count="12" type="stmt"/>
      <line num="186" count="12" type="stmt"/>
      <line num="187" count="12" type="cond" truecount="2" falsecount="0"/>
      <line num="188" count="4" type="stmt"/>
      <line num="189" count="4" type="stmt"/>
      <line num="190" count="4" type="stmt"/>
      <line num="192" count="12" type="stmt"/>
      <line num="196" count="4" type="stmt"/>
      <line num="197" count="12" type="cond" truecount="3" falsecount="1"/>
      <line num="198" count="8" type="stmt"/>
      <line num="199" count="2" type="stmt"/>
      <line num="200" count="2" type="stmt"/>
      <line num="201" count="0" type="stmt"/>
      <line num="207" count="0" type="stmt"/>
      <line num="208" count="0" type="stmt"/>
      <line num="210" count="0" type="stmt"/>
      <line num="211" count="0" type="stmt"/>
      <line num="212" count="0" type="cond" truecount="0" falsecount="2"/>
      <line num="213" count="0" type="stmt"/>
      <line num="215" count="0" type="stmt"/>
      <line num="221" count="0" type="stmt"/>
      <line num="222" count="0" type="cond" truecount="0" falsecount="2"/>
      <line num="223" count="0" type="stmt"/>
      <line num="225" count="0" type="stmt"/>
      <line num="231" count="12" type="stmt"/>
      <line num="235" count="12" type="cond" truecount="4" falsecount="1"/>
      <line num="236" count="6" type="stmt"/>
      <line num="237" count="0" type="stmt"/>
      <line num="238" count="20" type="stmt"/>
      <line num="239" count="2" type="stmt"/>
      <line num="240" count="2" type="stmt"/>
      <line num="245" count="12" type="stmt"/>
    </file>
  </project>
</coverage>
