<?xml version="1.0" encoding="UTF-8"?>
<coverage generated="1682793735039" clover="3.2.0">
  <project timestamp="1682793735039" name="All files">
    <metrics statements="496" coveredstatements="395" conditionals="227" coveredconditionals="147" methods="170" coveredmethods="138" elements="893" coveredelements="680" complexity="0" loc="496" ncloc="496" packages="1" files="5" classes="5"/>
    <file name="dice-expression-domain.ts" path="/Users/franco/projects/dicerollerts/src/dice-expression-domain.ts">
      <metrics statements="150" coveredstatements="93" conditionals="118" coveredconditionals="67" methods="32" coveredmethods="20"/>
      <line num="1" count="1" type="stmt"/>
      <line num="2" count="1" type="stmt"/>
      <line num="5" count="54" type="stmt"/>
      <line num="9" count="18" type="cond" truecount="2" falsecount="0"/>
      <line num="10" count="2" type="stmt"/>
      <line num="11" count="16" type="cond" truecount="1" falsecount="1"/>
      <line num="12" count="16" type="stmt"/>
      <line num="14" count="0" type="stmt"/>
      <line num="19" count="88" type="cond" truecount="2" falsecount="0"/>
      <line num="20" count="49" type="stmt"/>
      <line num="21" count="39" type="cond" truecount="2" falsecount="0"/>
      <line num="22" count="18" type="stmt"/>
      <line num="23" count="21" type="cond" truecount="1" falsecount="1"/>
      <line num="24" count="21" type="stmt"/>
      <line num="26" count="0" type="stmt"/>
      <line num="31" count="32" type="cond" truecount="4" falsecount="0"/>
      <line num="33" count="14" type="stmt"/>
      <line num="35" count="3" type="stmt"/>
      <line num="37" count="10" type="stmt"/>
      <line num="39" count="5" type="stmt"/>
      <line num="44" count="4" type="cond" truecount="1" falsecount="0"/>
      <line num="46" count="4" type="stmt"/>
      <line num="50" count="1" type="stmt"/>
      <line num="52" count="293" type="cond" truecount="2" falsecount="0"/>
      <line num="53" count="109" type="stmt"/>
      <line num="54" count="184" type="cond" truecount="2" falsecount="0"/>
      <line num="55" count="60" type="stmt"/>
      <line num="56" count="124" type="cond" truecount="2" falsecount="0"/>
      <line num="57" count="88" type="stmt"/>
      <line num="58" count="36" type="cond" truecount="2" falsecount="0"/>
      <line num="59" count="32" type="stmt"/>
      <line num="60" count="4" type="cond" truecount="1" falsecount="1"/>
      <line num="61" count="4" type="stmt"/>
      <line num="63" count="0" type="stmt"/>
      <line num="68" count="87" type="cond" truecount="4" falsecount="0"/>
      <line num="69" count="2" type="stmt"/>
      <line num="70" count="85" type="cond" truecount="2" falsecount="0"/>
      <line num="71" count="76" type="stmt"/>
      <line num="72" count="9" type="cond" truecount="1" falsecount="1"/>
      <line num="73" count="0" type="stmt"/>
      <line num="75" count="9" type="stmt"/>
      <line num="80" count="21" type="cond" truecount="1" falsecount="0"/>
      <line num="81" count="8" type="stmt"/>
      <line num="82" count="8" type="stmt"/>
      <line num="83" count="8" type="cond" truecount="2" falsecount="0"/>
      <line num="85" count="4" type="stmt"/>
      <line num="87" count="4" type="stmt"/>
      <line num="90" count="8" type="cond" truecount="2" falsecount="0"/>
      <line num="91" count="2" type="stmt"/>
      <line num="92" count="6" type="cond" truecount="1" falsecount="0"/>
      <line num="93" count="2" type="stmt"/>
      <line num="96" count="8" type="stmt"/>
      <line num="98" count="13" type="stmt"/>
      <line num="99" count="13" type="stmt"/>
      <line num="100" count="13" type="cond" truecount="2" falsecount="0"/>
      <line num="102" count="8" type="stmt"/>
      <line num="104" count="5" type="stmt"/>
      <line num="106" count="26" type="stmt"/>
      <line num="107" count="13" type="stmt"/>
      <line num="111" count="23" type="cond" truecount="2" falsecount="0"/>
      <line num="112" count="21" type="stmt"/>
      <line num="114" count="6" type="stmt"/>
      <line num="115" count="2" type="stmt"/>
      <line num="120" count="13" type="cond" truecount="2" falsecount="0"/>
      <line num="121" count="3" type="stmt"/>
      <line num="122" count="10" type="cond" truecount="2" falsecount="0"/>
      <line num="123" count="6" type="stmt"/>
      <line num="124" count="4" type="cond" truecount="2" falsecount="0"/>
      <line num="125" count="2" type="stmt"/>
      <line num="127" count="2" type="stmt"/>
      <line num="132" count="13" type="cond" truecount="2" falsecount="3"/>
      <line num="133" count="12" type="stmt"/>
      <line num="134" count="0" type="stmt"/>
      <line num="135" count="0" type="stmt"/>
      <line num="136" count="0" type="stmt"/>
      <line num="137" count="1" type="stmt"/>
      <line num="142" count="65" type="cond" truecount="2" falsecount="0"/>
      <line num="143" count="27" type="cond" truecount="2" falsecount="0"/>
      <line num="144" count="38" type="cond" truecount="4" falsecount="0"/>
      <line num="145" count="2" type="stmt"/>
      <line num="147" count="36" type="stmt"/>
      <line num="152" count="65" type="stmt"/>
      <line num="153" count="65" type="stmt"/>
      <line num="154" count="152" type="cond" truecount="2" falsecount="0"/>
      <line num="155" count="118" type="stmt"/>
      <line num="157" count="34" type="stmt"/>
      <line num="160" count="31" type="stmt"/>
      <line num="164" count="88" type="cond" truecount="4" falsecount="1"/>
      <line num="165" count="78" type="stmt"/>
      <line num="166" count="3" type="stmt"/>
      <line num="167" count="3" type="stmt"/>
      <line num="168" count="4" type="stmt"/>
      <line num="169" count="0" type="stmt"/>
      <line num="174" count="18" type="cond" truecount="2" falsecount="0"/>
      <line num="175" count="9" type="cond" truecount="2" falsecount="0"/>
      <line num="176" count="6" type="stmt"/>
      <line num="178" count="3" type="stmt"/>
      <line num="181" count="9" type="cond" truecount="2" falsecount="0"/>
      <line num="182" count="6" type="stmt"/>
      <line num="184" count="3" type="stmt"/>
      <line num="190" count="4" type="stmt"/>
      <line num="194" count="0" type="cond" truecount="0" falsecount="3"/>
      <line num="196" count="0" type="stmt"/>
      <line num="199" count="0" type="stmt"/>
      <line num="200" count="0" type="cond" truecount="0" falsecount="2"/>
      <line num="201" count="0" type="stmt"/>
      <line num="203" count="0" type="stmt"/>
      <line num="207" count="0" type="stmt"/>
      <line num="212" count="0" type="cond" truecount="0" falsecount="5"/>
      <line num="213" count="0" type="stmt"/>
      <line num="214" count="0" type="stmt"/>
      <line num="215" count="0" type="stmt"/>
      <line num="216" count="0" type="stmt"/>
      <line num="217" count="0" type="stmt"/>
      <line num="222" count="0" type="cond" truecount="0" falsecount="5"/>
      <line num="224" count="0" type="cond" truecount="0" falsecount="2"/>
      <line num="225" count="0" type="stmt"/>
      <line num="227" count="0" type="stmt"/>
      <line num="230" count="0" type="stmt"/>
      <line num="232" count="0" type="stmt"/>
      <line num="234" count="0" type="stmt"/>
      <line num="236" count="0" type="stmt"/>
      <line num="241" count="0" type="cond" truecount="0" falsecount="3"/>
      <line num="243" count="0" type="cond" truecount="0" falsecount="2"/>
      <line num="244" count="0" type="stmt"/>
      <line num="246" count="0" type="stmt"/>
      <line num="250" count="0" type="stmt"/>
      <line num="251" count="0" type="cond" truecount="0" falsecount="2"/>
      <line num="252" count="0" type="stmt"/>
      <line num="254" count="0" type="stmt"/>
      <line num="258" count="0" type="stmt"/>
      <line num="259" count="0" type="cond" truecount="0" falsecount="2"/>
      <line num="260" count="0" type="cond" truecount="0" falsecount="2"/>
      <line num="261" count="0" type="stmt"/>
      <line num="262" count="0" type="cond" truecount="0" falsecount="4"/>
      <line num="263" count="0" type="stmt"/>
      <line num="264" count="0" type="cond" truecount="0" falsecount="3"/>
      <line num="265" count="0" type="stmt"/>
      <line num="267" count="0" type="stmt"/>
      <line num="273" count="0" type="stmt"/>
      <line num="274" count="0" type="cond" truecount="0" falsecount="1"/>
      <line num="275" count="0" type="stmt"/>
      <line num="278" count="0" type="stmt"/>
      <line num="282" count="0" type="cond" truecount="0" falsecount="2"/>
      <line num="286" count="0" type="stmt"/>
      <line num="288" count="0" type="stmt"/>
      <line num="293" count="0" type="stmt"/>
      <line num="294" count="0" type="cond" truecount="0" falsecount="2"/>
      <line num="295" count="0" type="stmt"/>
      <line num="297" count="0" type="stmt"/>
    </file>
    <file name="dice-expression.ts" path="/Users/franco/projects/dicerollerts/src/dice-expression.ts">
      <metrics statements="56" coveredstatements="47" conditionals="0" coveredconditionals="0" methods="28" coveredmethods="19"/>
      <line num="10" count="2" type="stmt"/>
      <line num="11" count="2365" type="stmt"/>
      <line num="22" count="2" type="stmt"/>
      <line num="23" count="907" type="stmt"/>
      <line num="35" count="2" type="stmt"/>
      <line num="39" count="456" type="stmt"/>
      <line num="53" count="2" type="stmt"/>
      <line num="58" count="47" type="stmt"/>
      <line num="72" count="2" type="stmt"/>
      <line num="73" count="9" type="stmt"/>
      <line num="94" count="2" type="stmt"/>
      <line num="95" count="714" type="stmt"/>
      <line num="107" count="2" type="stmt"/>
      <line num="111" count="74" type="stmt"/>
      <line num="124" count="2" type="stmt"/>
      <line num="128" count="88" type="stmt"/>
      <line num="145" count="2" type="stmt"/>
      <line num="146" count="634" type="stmt"/>
      <line num="157" count="2" type="stmt"/>
      <line num="160" count="168" type="stmt"/>
      <line num="176" count="2" type="stmt"/>
      <line num="177" count="42" type="stmt"/>
      <line num="190" count="2" type="stmt"/>
      <line num="191" count="36" type="stmt"/>
      <line num="208" count="2" type="stmt"/>
      <line num="209" count="38" type="stmt"/>
      <line num="222" count="2" type="stmt"/>
      <line num="223" count="26" type="stmt"/>
      <line num="236" count="2" type="stmt"/>
      <line num="240" count="89" type="stmt"/>
      <line num="256" count="2" type="stmt"/>
      <line num="257" count="6" type="stmt"/>
      <line num="267" count="2" type="stmt"/>
      <line num="268" count="52" type="stmt"/>
      <line num="283" count="2" type="stmt"/>
      <line num="284" count="48" type="stmt"/>
      <line num="296" count="2" type="stmt"/>
      <line num="300" count="0" type="stmt"/>
      <line num="312" count="2" type="stmt"/>
      <line num="313" count="16" type="stmt"/>
      <line num="324" count="2" type="stmt"/>
      <line num="325" count="0" type="stmt"/>
      <line num="336" count="2" type="stmt"/>
      <line num="337" count="0" type="stmt"/>
      <line num="361" count="2" type="stmt"/>
      <line num="362" count="0" type="stmt"/>
      <line num="372" count="2" type="stmt"/>
      <line num="373" count="0" type="stmt"/>
      <line num="384" count="2" type="stmt"/>
      <line num="388" count="0" type="stmt"/>
      <line num="401" count="2" type="stmt"/>
      <line num="405" count="0" type="stmt"/>
      <line num="418" count="2" type="stmt"/>
      <line num="422" count="0" type="stmt"/>
      <line num="433" count="2" type="stmt"/>
      <line num="434" count="0" type="stmt"/>
    </file>
    <file name="dice-parser.ts" path="/Users/franco/projects/dicerollerts/src/dice-parser.ts">
      <metrics statements="123" coveredstatements="108" conditionals="14" coveredconditionals="6" methods="66" coveredmethods="58"/>
      <line num="2" count="1" type="stmt"/>
      <line num="3" count="1" type="stmt"/>
      <line num="35" count="1" type="stmt"/>
      <line num="38" count="1" type="stmt"/>
      <line num="39" count="1" type="stmt"/>
      <line num="41" count="1" type="stmt"/>
      <line num="42" count="1" type="stmt"/>
      <line num="43" count="1" type="stmt"/>
      <line num="44" count="1" type="stmt"/>
      <line num="45" count="1" type="stmt"/>
      <line num="46" count="1" type="stmt"/>
      <line num="48" count="1" type="stmt"/>
      <line num="49" count="1" type="stmt"/>
      <line num="50" count="1" type="stmt"/>
      <line num="51" count="1" type="stmt"/>
      <line num="52" count="1" type="stmt"/>
      <line num="53" count="1" type="stmt"/>
      <line num="56" count="1" type="stmt"/>
      <line num="57" count="1" type="stmt"/>
      <line num="60" count="1" type="stmt"/>
      <line num="61" count="24" type="stmt"/>
      <line num="62" count="24" type="stmt"/>
      <line num="65" count="1" type="stmt"/>
      <line num="66" count="1600" type="stmt"/>
      <line num="68" count="48" type="stmt"/>
      <line num="70" count="16" type="stmt"/>
      <line num="74" count="1" type="stmt"/>
      <line num="75" count="0" type="stmt"/>
      <line num="76" count="0" type="stmt"/>
      <line num="79" count="1" type="stmt"/>
      <line num="80" count="1" type="stmt"/>
      <line num="81" count="1" type="stmt"/>
      <line num="83" count="48" type="stmt"/>
      <line num="86" count="48" type="stmt"/>
      <line num="87" count="0" type="cond" truecount="0" falsecount="3"/>
      <line num="88" count="0" type="stmt"/>
      <line num="89" count="0" type="stmt"/>
      <line num="90" count="0" type="stmt"/>
      <line num="97" count="1" type="stmt"/>
      <line num="104" count="1" type="stmt"/>
      <line num="110" count="1" type="stmt"/>
      <line num="112" count="12" type="stmt"/>
      <line num="121" count="16" type="stmt"/>
      <line num="127" count="4" type="stmt"/>
      <line num="130" count="1" type="stmt"/>
      <line num="131" count="2" type="stmt"/>
      <line num="132" count="48" type="stmt"/>
      <line num="135" count="1" type="stmt"/>
      <line num="139" count="4" type="stmt"/>
      <line num="140" count="0" type="stmt"/>
      <line num="143" count="1" type="stmt"/>
      <line num="144" count="1" type="stmt"/>
      <line num="145" count="1" type="stmt"/>
      <line num="146" count="1" type="stmt"/>
      <line num="147" count="1" type="stmt"/>
      <line num="149" count="1" type="stmt"/>
      <line num="150" count="1" type="stmt"/>
      <line num="156" count="7" type="stmt"/>
      <line num="157" count="1" type="stmt"/>
      <line num="159" count="1" type="stmt"/>
      <line num="166" count="1" type="stmt"/>
      <line num="167" count="38" type="stmt"/>
      <line num="170" count="1" type="stmt"/>
      <line num="171" count="1" type="stmt"/>
      <line num="172" count="847" type="stmt"/>
      <line num="173" count="26" type="stmt"/>
      <line num="174" count="38" type="cond" truecount="4" falsecount="1"/>
      <line num="177" count="17" type="stmt"/>
      <line num="180" count="21" type="cond" truecount="2" falsecount="0"/>
      <line num="182" count="7" type="stmt"/>
      <line num="184" count="14" type="stmt"/>
      <line num="187" count="0" type="stmt"/>
      <line num="194" count="1" type="stmt"/>
      <line num="198" count="1" type="stmt"/>
      <line num="199" count="1" type="stmt"/>
      <line num="200" count="3" type="stmt"/>
      <line num="201" count="442" type="stmt"/>
      <line num="207" count="22" type="stmt"/>
      <line num="209" count="420" type="stmt"/>
      <line num="213" count="1" type="stmt"/>
      <line num="214" count="4" type="stmt"/>
      <line num="223" count="1" type="stmt"/>
      <line num="224" count="1" type="stmt"/>
      <line num="226" count="2322" type="stmt"/>
      <line num="227" count="1850" type="stmt"/>
      <line num="228" count="594" type="stmt"/>
      <line num="231" count="112" type="stmt"/>
      <line num="235" count="1" type="stmt"/>
      <line num="236" count="1" type="stmt"/>
      <line num="238" count="2342" type="stmt"/>
      <line num="239" count="1996" type="stmt"/>
      <line num="240" count="614" type="stmt"/>
      <line num="243" count="20" type="stmt"/>
      <line num="244" count="166" type="stmt"/>
      <line num="246" count="800" type="stmt"/>
      <line num="247" count="4" type="stmt"/>
      <line num="248" count="32" type="stmt"/>
      <line num="249" count="4" type="stmt"/>
      <line num="250" count="32" type="stmt"/>
      <line num="252" count="72" type="stmt"/>
      <line num="257" count="1" type="stmt"/>
      <line num="258" count="1" type="stmt"/>
      <line num="260" count="2378" type="stmt"/>
      <line num="261" count="2088" type="stmt"/>
      <line num="265" count="0" type="stmt"/>
      <line num="266" count="826" type="stmt"/>
      <line num="268" count="1504" type="stmt"/>
      <line num="269" count="84" type="stmt"/>
      <line num="274" count="1" type="stmt"/>
      <line num="275" count="1" type="stmt"/>
      <line num="285" count="1" type="stmt"/>
      <line num="286" count="1" type="stmt"/>
      <line num="293" count="1" type="stmt"/>
      <line num="295" count="1" type="stmt"/>
      <line num="296" count="99" type="stmt"/>
      <line num="299" count="1" type="stmt"/>
      <line num="301" count="0" type="stmt"/>
      <line num="302" count="0" type="cond" truecount="0" falsecount="2"/>
      <line num="305" count="99" type="stmt"/>
      <line num="308" count="0" type="stmt"/>
      <line num="309" count="0" type="cond" truecount="0" falsecount="2"/>
      <line num="310" count="0" type="stmt"/>
      <line num="312" count="0" type="stmt"/>
    </file>
    <file name="roll-result-domain.ts" path="/Users/franco/projects/dicerollerts/src/roll-result-domain.ts">
      <metrics statements="4" coveredstatements="4" conditionals="2" coveredconditionals="2" methods="1" coveredmethods="1"/>
      <line num="3" count="2" type="stmt"/>
      <line num="5" count="1062" type="cond" truecount="2" falsecount="0"/>
      <line num="6" count="494" type="stmt"/>
      <line num="8" count="568" type="stmt"/>
    </file>
    <file name="roller.ts" path="/Users/franco/projects/dicerollerts/src/roller.ts">
      <metrics statements="163" coveredstatements="143" conditionals="93" coveredconditionals="72" methods="43" coveredmethods="40"/>
      <line num="1" count="2" type="stmt"/>
      <line num="2" count="2" type="stmt"/>
      <line num="3" count="2" type="stmt"/>
      <line num="4" count="2" type="stmt"/>
      <line num="7" count="24" type="stmt"/>
      <line num="8" count="24" type="stmt"/>
      <line num="9" count="80" type="stmt"/>
      <line num="10" count="80" type="cond" truecount="1" falsecount="0"/>
      <line num="11" count="43" type="stmt"/>
      <line num="14" count="24" type="stmt"/>
      <line num="18" count="252" type="stmt"/>
      <line num="22" count="0" type="stmt"/>
      <line num="23" count="0" type="stmt"/>
      <line num="24" count="0" type="cond" truecount="0" falsecount="2"/>
      <line num="25" count="0" type="stmt"/>
      <line num="27" count="0" type="stmt"/>
      <line num="32" count="80" type="stmt"/>
      <line num="33" count="56" type="stmt"/>
      <line num="34" count="24" type="stmt"/>
      <line num="35" count="24" type="stmt"/>
      <line num="36" count="24" type="stmt"/>
      <line num="37" count="24" type="stmt"/>
      <line num="38" count="80" type="stmt"/>
      <line num="39" count="80" type="cond" truecount="1" falsecount="0"/>
      <line num="40" count="40" type="stmt"/>
      <line num="41" count="40" type="stmt"/>
      <line num="43" count="80" type="stmt"/>
      <line num="44" count="80" type="cond" truecount="1" falsecount="0"/>
      <line num="46" count="24" type="stmt"/>
      <line num="50" count="612" type="stmt"/>
      <line num="51" count="612" type="stmt"/>
      <line num="52" count="612" type="cond" truecount="1" falsecount="1"/>
      <line num="53" count="0" type="stmt"/>
      <line num="54" count="612" type="cond" truecount="1" falsecount="1"/>
      <line num="55" count="0" type="stmt"/>
      <line num="57" count="612" type="cond" truecount="3" falsecount="0"/>
      <line num="59" count="3" type="cond" truecount="1" falsecount="1"/>
      <line num="61" count="3" type="cond" truecount="1" falsecount="1"/>
      <line num="63" count="606" type="stmt"/>
      <line num="68" count="2" type="stmt"/>
      <line num="70" count="116" type="cond" truecount="2" falsecount="3"/>
      <line num="72" count="86" type="stmt"/>
      <line num="74" count="0" type="cond" truecount="0" falsecount="2"/>
      <line num="76" count="30" type="stmt"/>
      <line num="78" count="0" type="stmt"/>
      <line num="80" count="0" type="stmt"/>
      <line num="85" count="24" type="cond" truecount="2" falsecount="0"/>
      <line num="87" count="14" type="cond" truecount="2" falsecount="0"/>
      <line num="88" count="37" type="stmt"/>
      <line num="90" count="9" type="stmt"/>
      <line num="93" count="10" type="cond" truecount="2" falsecount="0"/>
      <line num="94" count="25" type="stmt"/>
      <line num="96" count="9" type="stmt"/>
      <line num="101" count="203" type="stmt"/>
      <line num="104" count="177" type="cond" truecount="2" falsecount="0"/>
      <line num="105" count="350" type="stmt"/>
      <line num="106" count="107" type="stmt"/>
      <line num="107" count="107" type="stmt"/>
      <line num="108" count="70" type="cond" truecount="2" falsecount="0"/>
      <line num="109" count="24" type="cond" truecount="2" falsecount="0"/>
      <line num="110" count="20" type="stmt"/>
      <line num="111" count="4" type="stmt"/>
      <line num="112" count="4" type="stmt"/>
      <line num="113" count="4" type="stmt"/>
      <line num="114" count="4" type="stmt"/>
      <line num="115" count="20" type="cond" truecount="1" falsecount="1"/>
      <line num="116" count="60" type="stmt"/>
      <line num="117" count="20" type="stmt"/>
      <line num="118" count="20" type="stmt"/>
      <line num="119" count="20" type="stmt"/>
      <line num="120" count="20" type="stmt"/>
      <line num="122" count="0" type="stmt"/>
      <line num="124" count="46" type="cond" truecount="1" falsecount="1"/>
      <line num="125" count="46" type="stmt"/>
      <line num="126" count="98" type="stmt"/>
      <line num="127" count="98" type="cond" truecount="1" falsecount="1"/>
      <line num="128" count="98" type="stmt"/>
      <line num="130" count="0" type="stmt"/>
      <line num="133" count="46" type="stmt"/>
      <line num="134" count="46" type="stmt"/>
      <line num="135" count="46" type="stmt"/>
      <line num="136" count="46" type="stmt"/>
      <line num="138" count="0" type="stmt"/>
      <line num="143" count="843" type="cond" truecount="2" falsecount="0"/>
      <line num="144" count="408" type="stmt"/>
      <line num="145" count="435" type="cond" truecount="2" falsecount="0"/>
      <line num="146" count="196" type="stmt"/>
      <line num="147" count="239" type="cond" truecount="2" falsecount="0"/>
      <line num="148" count="177" type="stmt"/>
      <line num="149" count="62" type="cond" truecount="2" falsecount="0"/>
      <line num="150" count="50" type="stmt"/>
      <line num="151" count="50" type="stmt"/>
      <line num="152" count="50" type="cond" truecount="2" falsecount="0"/>
      <line num="153" count="27" type="stmt"/>
      <line num="154" count="23" type="cond" truecount="2" falsecount="0"/>
      <line num="155" count="3" type="stmt"/>
      <line num="156" count="20" type="cond" truecount="2" falsecount="0"/>
      <line num="157" count="13" type="stmt"/>
      <line num="158" count="7" type="cond" truecount="1" falsecount="1"/>
      <line num="159" count="7" type="stmt"/>
      <line num="161" count="0" type="stmt"/>
      <line num="163" count="12" type="cond" truecount="1" falsecount="1"/>
      <line num="164" count="12" type="stmt"/>
      <line num="165" count="12" type="cond" truecount="1" falsecount="1"/>
      <line num="166" count="12" type="stmt"/>
      <line num="168" count="0" type="stmt"/>
      <line num="171" count="0" type="stmt"/>
      <line num="176" count="46" type="cond" truecount="1" falsecount="0"/>
      <line num="177" count="12" type="stmt"/>
      <line num="179" count="34" type="stmt"/>
      <line num="180" count="34" type="cond" truecount="2" falsecount="0"/>
      <line num="182" count="20" type="cond" truecount="2" falsecount="0"/>
      <line num="183" count="18" type="stmt"/>
      <line num="185" count="34" type="stmt"/>
      <line num="188" count="14" type="cond" truecount="1" falsecount="1"/>
      <line num="189" count="0" type="stmt"/>
      <line num="191" count="34" type="stmt"/>
      <line num="197" count="12" type="stmt"/>
      <line num="198" count="12" type="cond" truecount="2" falsecount="0"/>
      <line num="199" count="12" type="stmt"/>
      <line num="200" count="12" type="stmt"/>
      <line num="201" count="606" type="cond" truecount="1" falsecount="0"/>
      <line num="202" count="600" type="stmt"/>
      <line num="203" count="600" type="stmt"/>
      <line num="205" count="12" type="cond" truecount="1" falsecount="1"/>
      <line num="206" count="0" type="stmt"/>
      <line num="208" count="12" type="stmt"/>
      <line num="213" count="52" type="stmt"/>
      <line num="214" count="52" type="cond" truecount="2" falsecount="0"/>
      <line num="218" count="34" type="stmt"/>
      <line num="219" count="34" type="cond" truecount="2" falsecount="0"/>
      <line num="223" count="86" type="stmt"/>
      <line num="224" count="86" type="stmt"/>
      <line num="225" count="86" type="cond" truecount="2" falsecount="0"/>
      <line num="226" count="58" type="stmt"/>
      <line num="227" count="58" type="stmt"/>
      <line num="228" count="58" type="stmt"/>
      <line num="230" count="86" type="stmt"/>
      <line num="234" count="46" type="stmt"/>
      <line num="235" count="98" type="cond" truecount="3" falsecount="1"/>
      <line num="236" count="70" type="stmt"/>
      <line num="237" count="15" type="stmt"/>
      <line num="238" count="13" type="stmt"/>
      <line num="239" count="0" type="stmt"/>
      <line num="245" count="24" type="stmt"/>
      <line num="246" count="136" type="stmt"/>
      <line num="248" count="24" type="stmt"/>
      <line num="249" count="24" type="stmt"/>
      <line num="250" count="80" type="cond" truecount="2" falsecount="0"/>
      <line num="251" count="43" type="stmt"/>
      <line num="253" count="37" type="stmt"/>
      <line num="259" count="24" type="stmt"/>
      <line num="260" count="80" type="cond" truecount="2" falsecount="0"/>
      <line num="261" count="43" type="stmt"/>
      <line num="263" count="37" type="stmt"/>
      <line num="269" count="177" type="stmt"/>
      <line num="273" count="177" type="cond" truecount="4" falsecount="1"/>
      <line num="274" count="28" type="stmt"/>
      <line num="275" count="0" type="stmt"/>
      <line num="276" count="381" type="stmt"/>
      <line num="277" count="9" type="stmt"/>
      <line num="278" count="9" type="stmt"/>
      <line num="283" count="177" type="stmt"/>
    </file>
  </project>
</coverage>
