{"/Users/franco/projects/dicerollerts/src/dice-expression-domain.ts": {"path":"/Users/franco/projects/dicerollerts/src/dice-expression-domain.ts","statementMap":{"0":{"start":{"line":1,"column":0},"end":{"line":1,"column":347}},"1":{"start":{"line":2,"column":0},"end":{"line":2,"column":33}},"2":{"start":{"line":5,"column":2},"end":{"line":5,"column":null}},"3":{"start":{"line":9,"column":2},"end":{"line":15,"column":null}},"4":{"start":{"line":10,"column":4},"end":{"line":10,"column":null}},"5":{"start":{"line":11,"column":9},"end":{"line":15,"column":null}},"6":{"start":{"line":12,"column":4},"end":{"line":12,"column":null}},"7":{"start":{"line":14,"column":4},"end":{"line":14,"column":null}},"8":{"start":{"line":19,"column":2},"end":{"line":27,"column":null}},"9":{"start":{"line":20,"column":4},"end":{"line":20,"column":null}},"10":{"start":{"line":21,"column":9},"end":{"line":27,"column":null}},"11":{"start":{"line":22,"column":4},"end":{"line":22,"column":null}},"12":{"start":{"line":23,"column":9},"end":{"line":27,"column":null}},"13":{"start":{"line":24,"column":4},"end":{"line":24,"column":null}},"14":{"start":{"line":26,"column":4},"end":{"line":26,"column":null}},"15":{"start":{"line":31,"column":2},"end":{"line":40,"column":null}},"16":{"start":{"line":33,"column":6},"end":{"line":33,"column":null}},"17":{"start":{"line":35,"column":6},"end":{"line":35,"column":null}},"18":{"start":{"line":37,"column":6},"end":{"line":37,"column":null}},"19":{"start":{"line":39,"column":6},"end":{"line":39,"column":null}},"20":{"start":{"line":44,"column":2},"end":{"line":47,"column":null}},"21":{"start":{"line":46,"column":6},"end":{"line":46,"column":null}},"22":{"start":{"line":50,"column":13},"end":{"line":300,"column":null}},"23":{"start":{"line":52,"column":4},"end":{"line":64,"column":null}},"24":{"start":{"line":53,"column":6},"end":{"line":53,"column":null}},"25":{"start":{"line":54,"column":11},"end":{"line":64,"column":null}},"26":{"start":{"line":55,"column":6},"end":{"line":55,"column":null}},"27":{"start":{"line":56,"column":11},"end":{"line":64,"column":null}},"28":{"start":{"line":57,"column":6},"end":{"line":57,"column":null}},"29":{"start":{"line":58,"column":11},"end":{"line":64,"column":null}},"30":{"start":{"line":59,"column":6},"end":{"line":59,"column":null}},"31":{"start":{"line":60,"column":11},"end":{"line":64,"column":null}},"32":{"start":{"line":61,"column":6},"end":{"line":61,"column":null}},"33":{"start":{"line":63,"column":6},"end":{"line":63,"column":null}},"34":{"start":{"line":68,"column":4},"end":{"line":76,"column":null}},"35":{"start":{"line":69,"column":6},"end":{"line":69,"column":null}},"36":{"start":{"line":70,"column":11},"end":{"line":76,"column":null}},"37":{"start":{"line":71,"column":6},"end":{"line":71,"column":null}},"38":{"start":{"line":72,"column":11},"end":{"line":76,"column":null}},"39":{"start":{"line":73,"column":6},"end":{"line":73,"column":null}},"40":{"start":{"line":75,"column":6},"end":{"line":75,"column":null}},"41":{"start":{"line":80,"column":4},"end":{"line":97,"column":null}},"42":{"start":{"line":81,"column":20},"end":{"line":81,"column":42}},"43":{"start":{"line":82,"column":21},"end":{"line":89,"column":10}},"44":{"start":{"line":83,"column":8},"end":{"line":88,"column":null}},"45":{"start":{"line":85,"column":12},"end":{"line":85,"column":null}},"46":{"start":{"line":87,"column":12},"end":{"line":87,"column":null}},"47":{"start":{"line":90,"column":6},"end":{"line":94,"column":null}},"48":{"start":{"line":91,"column":8},"end":{"line":91,"column":null}},"49":{"start":{"line":92,"column":13},"end":{"line":94,"column":null}},"50":{"start":{"line":93,"column":8},"end":{"line":93,"column":null}},"51":{"start":{"line":96,"column":6},"end":{"line":96,"column":null}},"52":{"start":{"line":98,"column":18},"end":{"line":98,"column":40}},"53":{"start":{"line":99,"column":19},"end":{"line":106,"column":115}},"54":{"start":{"line":100,"column":6},"end":{"line":105,"column":null}},"55":{"start":{"line":102,"column":10},"end":{"line":102,"column":null}},"56":{"start":{"line":104,"column":10},"end":{"line":104,"column":null}},"57":{"start":{"line":106,"column":95},"end":{"line":106,"column":103}},"58":{"start":{"line":107,"column":4},"end":{"line":107,"column":null}},"59":{"start":{"line":111,"column":4},"end":{"line":116,"column":null}},"60":{"start":{"line":112,"column":6},"end":{"line":112,"column":null}},"61":{"start":{"line":114,"column":16},"end":{"line":114,"column":62}},"62":{"start":{"line":114,"column":30},"end":{"line":114,"column":51}},"63":{"start":{"line":115,"column":6},"end":{"line":115,"column":null}},"64":{"start":{"line":120,"column":4},"end":{"line":128,"column":null}},"65":{"start":{"line":121,"column":6},"end":{"line":121,"column":null}},"66":{"start":{"line":122,"column":11},"end":{"line":128,"column":null}},"67":{"start":{"line":123,"column":6},"end":{"line":123,"column":null}},"68":{"start":{"line":124,"column":11},"end":{"line":128,"column":null}},"69":{"start":{"line":125,"column":6},"end":{"line":125,"column":null}},"70":{"start":{"line":127,"column":6},"end":{"line":127,"column":null}},"71":{"start":{"line":132,"column":4},"end":{"line":138,"column":null}},"72":{"start":{"line":133,"column":20},"end":{"line":133,"column":null}},"73":{"start":{"line":134,"column":22},"end":{"line":134,"column":null}},"74":{"start":{"line":135,"column":24},"end":{"line":135,"column":null}},"75":{"start":{"line":136,"column":28},"end":{"line":136,"column":null}},"76":{"start":{"line":137,"column":28},"end":{"line":137,"column":null}},"77":{"start":{"line":142,"column":4},"end":{"line":148,"column":null}},"78":{"start":{"line":143,"column":6},"end":{"line":143,"column":null}},"79":{"start":{"line":144,"column":11},"end":{"line":148,"column":null}},"80":{"start":{"line":145,"column":6},"end":{"line":145,"column":null}},"81":{"start":{"line":147,"column":6},"end":{"line":147,"column":null}},"82":{"start":{"line":152,"column":18},"end":{"line":152,"column":20}},"83":{"start":{"line":153,"column":4},"end":{"line":159,"column":null}},"84":{"start":{"line":154,"column":6},"end":{"line":158,"column":null}},"85":{"start":{"line":155,"column":8},"end":{"line":155,"column":null}},"86":{"start":{"line":157,"column":8},"end":{"line":157,"column":null}},"87":{"start":{"line":160,"column":4},"end":{"line":160,"column":null}},"88":{"start":{"line":164,"column":4},"end":{"line":170,"column":null}},"89":{"start":{"line":165,"column":18},"end":{"line":165,"column":null}},"90":{"start":{"line":166,"column":18},"end":{"line":166,"column":null}},"91":{"start":{"line":167,"column":18},"end":{"line":167,"column":null}},"92":{"start":{"line":168,"column":22},"end":{"line":168,"column":null}},"93":{"start":{"line":169,"column":21},"end":{"line":169,"column":null}},"94":{"start":{"line":174,"column":4},"end":{"line":186,"column":null}},"95":{"start":{"line":175,"column":6},"end":{"line":179,"column":null}},"96":{"start":{"line":176,"column":8},"end":{"line":176,"column":null}},"97":{"start":{"line":178,"column":8},"end":{"line":178,"column":null}},"98":{"start":{"line":181,"column":6},"end":{"line":185,"column":null}},"99":{"start":{"line":182,"column":8},"end":{"line":182,"column":null}},"100":{"start":{"line":184,"column":8},"end":{"line":184,"column":null}},"101":{"start":{"line":190,"column":4},"end":{"line":190,"column":null}},"102":{"start":{"line":194,"column":4},"end":{"line":208,"column":null}},"103":{"start":{"line":196,"column":8},"end":{"line":196,"column":null}},"104":{"start":{"line":196,"column":46},"end":{"line":196,"column":80}},"105":{"start":{"line":199,"column":21},"end":{"line":199,"column":28}},"106":{"start":{"line":200,"column":8},"end":{"line":204,"column":null}},"107":{"start":{"line":201,"column":10},"end":{"line":201,"column":null}},"108":{"start":{"line":203,"column":10},"end":{"line":203,"column":null}},"109":{"start":{"line":203,"column":50},"end":{"line":203,"column":84}},"110":{"start":{"line":207,"column":8},"end":{"line":207,"column":null}},"111":{"start":{"line":212,"column":4},"end":{"line":218,"column":null}},"112":{"start":{"line":213,"column":18},"end":{"line":213,"column":null}},"113":{"start":{"line":214,"column":22},"end":{"line":214,"column":null}},"114":{"start":{"line":215,"column":24},"end":{"line":215,"column":null}},"115":{"start":{"line":216,"column":23},"end":{"line":216,"column":null}},"116":{"start":{"line":217,"column":26},"end":{"line":217,"column":null}},"117":{"start":{"line":222,"column":4},"end":{"line":237,"column":null}},"118":{"start":{"line":224,"column":8},"end":{"line":228,"column":null}},"119":{"start":{"line":225,"column":10},"end":{"line":225,"column":null}},"120":{"start":{"line":227,"column":10},"end":{"line":227,"column":null}},"121":{"start":{"line":230,"column":8},"end":{"line":230,"column":null}},"122":{"start":{"line":232,"column":8},"end":{"line":232,"column":null}},"123":{"start":{"line":234,"column":8},"end":{"line":234,"column":null}},"124":{"start":{"line":236,"column":8},"end":{"line":236,"column":null}},"125":{"start":{"line":241,"column":4},"end":{"line":269,"column":null}},"126":{"start":{"line":243,"column":8},"end":{"line":247,"column":null}},"127":{"start":{"line":244,"column":10},"end":{"line":244,"column":null}},"128":{"start":{"line":246,"column":10},"end":{"line":246,"column":null}},"129":{"start":{"line":246,"column":69},"end":{"line":246,"column":102}},"130":{"start":{"line":250,"column":20},"end":{"line":253,"column":14}},"131":{"start":{"line":251,"column":10},"end":{"line":252,"column":null}},"132":{"start":{"line":251,"column":25},"end":{"line":251,"column":null}},"133":{"start":{"line":252,"column":15},"end":{"line":252,"column":null}},"134":{"start":{"line":254,"column":8},"end":{"line":254,"column":null}},"135":{"start":{"line":254,"column":43},"end":{"line":254,"column":73}},"136":{"start":{"line":258,"column":41},"end":{"line":258,"column":43}},"137":{"start":{"line":259,"column":20},"end":{"line":259,"column":105}},"138":{"start":{"line":260,"column":8},"end":{"line":266,"column":null}},"139":{"start":{"line":261,"column":10},"end":{"line":261,"column":null}},"140":{"start":{"line":262,"column":15},"end":{"line":266,"column":null}},"141":{"start":{"line":263,"column":10},"end":{"line":263,"column":null}},"142":{"start":{"line":264,"column":15},"end":{"line":266,"column":null}},"143":{"start":{"line":265,"column":10},"end":{"line":265,"column":null}},"144":{"start":{"line":267,"column":8},"end":{"line":267,"column":null}},"145":{"start":{"line":273,"column":4},"end":{"line":277,"column":null}},"146":{"start":{"line":273,"column":17},"end":{"line":273,"column":18}},"147":{"start":{"line":274,"column":6},"end":{"line":276,"column":null}},"148":{"start":{"line":275,"column":8},"end":{"line":275,"column":null}},"149":{"start":{"line":278,"column":4},"end":{"line":278,"column":null}},"150":{"start":{"line":282,"column":4},"end":{"line":289,"column":null}},"151":{"start":{"line":286,"column":6},"end":{"line":286,"column":null}},"152":{"start":{"line":288,"column":6},"end":{"line":288,"column":null}},"153":{"start":{"line":293,"column":17},"end":{"line":293,"column":38}},"154":{"start":{"line":294,"column":4},"end":{"line":298,"column":null}},"155":{"start":{"line":295,"column":6},"end":{"line":295,"column":null}},"156":{"start":{"line":297,"column":6},"end":{"line":297,"column":null}}},"fnMap":{"0":{"name":"distinctPrimitive","decl":{"start":{"line":4,"column":9},"end":{"line":4,"column":26}},"loc":{"start":{"line":4,"column":38},"end":{"line":6,"column":1}}},"1":{"name":"diceListWithFilterToString","decl":{"start":{"line":8,"column":9},"end":{"line":8,"column":35}},"loc":{"start":{"line":8,"column":61},"end":{"line":16,"column":1}}},"2":{"name":"diceReduceToString","decl":{"start":{"line":18,"column":9},"end":{"line":18,"column":27}},"loc":{"start":{"line":18,"column":43},"end":{"line":28,"column":1}}},"3":{"name":"binOpToString","decl":{"start":{"line":30,"column":9},"end":{"line":30,"column":22}},"loc":{"start":{"line":30,"column":37},"end":{"line":41,"column":1}}},"4":{"name":"unaryOpToString","decl":{"start":{"line":43,"column":9},"end":{"line":43,"column":24}},"loc":{"start":{"line":43,"column":38},"end":{"line":48,"column":1}}},"5":{"name":"(anonymous_5)","decl":{"start":{"line":51,"column":2},"end":{"line":51,"column":10}},"loc":{"start":{"line":51,"column":32},"end":{"line":65,"column":3}}},"6":{"name":"(anonymous_6)","decl":{"start":{"line":67,"column":2},"end":{"line":67,"column":14}},"loc":{"start":{"line":67,"column":44},"end":{"line":77,"column":3}}},"7":{"name":"(anonymous_7)","decl":{"start":{"line":79,"column":2},"end":{"line":79,"column":17}},"loc":{"start":{"line":79,"column":54},"end":{"line":108,"column":3}}},"8":{"name":"(anonymous_8)","decl":{"start":{"line":82,"column":22},"end":{"line":82,"column":35}},"loc":{"start":{"line":82,"column":37},"end":{"line":89,"column":7}}},"9":{"name":"(anonymous_9)","decl":{"start":{"line":99,"column":20},"end":{"line":99,"column":23}},"loc":{"start":{"line":99,"column":25},"end":{"line":106,"column":5}}},"10":{"name":"(anonymous_10)","decl":{"start":{"line":106,"column":90},"end":{"line":106,"column":91}},"loc":{"start":{"line":106,"column":95},"end":{"line":106,"column":103}}},"11":{"name":"(anonymous_11)","decl":{"start":{"line":110,"column":2},"end":{"line":110,"column":15}},"loc":{"start":{"line":110,"column":30},"end":{"line":117,"column":3}}},"12":{"name":"(anonymous_12)","decl":{"start":{"line":114,"column":25},"end":{"line":114,"column":26}},"loc":{"start":{"line":114,"column":30},"end":{"line":114,"column":51}}},"13":{"name":"(anonymous_13)","decl":{"start":{"line":119,"column":2},"end":{"line":119,"column":15}},"loc":{"start":{"line":119,"column":29},"end":{"line":129,"column":3}}},"14":{"name":"(anonymous_14)","decl":{"start":{"line":131,"column":2},"end":{"line":131,"column":15}},"loc":{"start":{"line":131,"column":29},"end":{"line":139,"column":3}}},"15":{"name":"(anonymous_15)","decl":{"start":{"line":141,"column":2},"end":{"line":141,"column":21}},"loc":{"start":{"line":141,"column":46},"end":{"line":149,"column":3}}},"16":{"name":"(anonymous_16)","decl":{"start":{"line":151,"column":2},"end":{"line":151,"column":20}},"loc":{"start":{"line":151,"column":45},"end":{"line":161,"column":3}}},"17":{"name":"(anonymous_17)","decl":{"start":{"line":163,"column":2},"end":{"line":163,"column":29}},"loc":{"start":{"line":163,"column":51},"end":{"line":171,"column":3}}},"18":{"name":"(anonymous_18)","decl":{"start":{"line":173,"column":2},"end":{"line":173,"column":20}},"loc":{"start":{"line":173,"column":40},"end":{"line":187,"column":3}}},"19":{"name":"(anonymous_19)","decl":{"start":{"line":189,"column":2},"end":{"line":189,"column":13}},"loc":{"start":{"line":189,"column":35},"end":{"line":191,"column":3}}},"20":{"name":"(anonymous_20)","decl":{"start":{"line":193,"column":2},"end":{"line":193,"column":31}},"loc":{"start":{"line":193,"column":51},"end":{"line":209,"column":3}}},"21":{"name":"(anonymous_21)","decl":{"start":{"line":196,"column":31},"end":{"line":196,"column":32}},"loc":{"start":{"line":196,"column":46},"end":{"line":196,"column":80}}},"22":{"name":"(anonymous_22)","decl":{"start":{"line":203,"column":35},"end":{"line":203,"column":36}},"loc":{"start":{"line":203,"column":50},"end":{"line":203,"column":84}}},"23":{"name":"(anonymous_23)","decl":{"start":{"line":211,"column":2},"end":{"line":211,"column":21}},"loc":{"start":{"line":211,"column":43},"end":{"line":219,"column":3}}},"24":{"name":"(anonymous_24)","decl":{"start":{"line":221,"column":2},"end":{"line":221,"column":14}},"loc":{"start":{"line":221,"column":36},"end":{"line":238,"column":3}}},"25":{"name":"(anonymous_25)","decl":{"start":{"line":240,"column":2},"end":{"line":240,"column":24}},"loc":{"start":{"line":240,"column":44},"end":{"line":270,"column":3}}},"26":{"name":"(anonymous_26)","decl":{"start":{"line":246,"column":33},"end":{"line":246,"column":34}},"loc":{"start":{"line":246,"column":69},"end":{"line":246,"column":102}}},"27":{"name":"(anonymous_27)","decl":{"start":{"line":250,"column":35},"end":{"line":250,"column":36}},"loc":{"start":{"line":250,"column":71},"end":{"line":253,"column":9}}},"28":{"name":"(anonymous_28)","decl":{"start":{"line":254,"column":38},"end":{"line":254,"column":39}},"loc":{"start":{"line":254,"column":43},"end":{"line":254,"column":73}}},"29":{"name":"(anonymous_29)","decl":{"start":{"line":272,"column":2},"end":{"line":272,"column":15}},"loc":{"start":{"line":272,"column":44},"end":{"line":279,"column":3}}},"30":{"name":"(anonymous_30)","decl":{"start":{"line":281,"column":2},"end":{"line":281,"column":14}},"loc":{"start":{"line":281,"column":46},"end":{"line":290,"column":3}}},"31":{"name":"(anonymous_31)","decl":{"start":{"line":292,"column":2},"end":{"line":292,"column":10}},"loc":{"start":{"line":292,"column":32},"end":{"line":299,"column":3}}}},"branchMap":{"0":{"loc":{"start":{"line":9,"column":2},"end":{"line":15,"column":null}},"type":"if","locations":[{"start":{"line":9,"column":2},"end":{"line":15,"column":null}},{"start":{"line":11,"column":9},"end":{"line":15,"column":null}}]},"1":{"loc":{"start":{"line":11,"column":9},"end":{"line":15,"column":null}},"type":"if","locations":[{"start":{"line":11,"column":9},"end":{"line":15,"column":null}},{"start":{"line":13,"column":9},"end":{"line":15,"column":null}}]},"2":{"loc":{"start":{"line":19,"column":2},"end":{"line":27,"column":null}},"type":"if","locations":[{"start":{"line":19,"column":2},"end":{"line":27,"column":null}},{"start":{"line":21,"column":9},"end":{"line":27,"column":null}}]},"3":{"loc":{"start":{"line":21,"column":9},"end":{"line":27,"column":null}},"type":"if","locations":[{"start":{"line":21,"column":9},"end":{"line":27,"column":null}},{"start":{"line":23,"column":9},"end":{"line":27,"column":null}}]},"4":{"loc":{"start":{"line":23,"column":9},"end":{"line":27,"column":null}},"type":"if","locations":[{"start":{"line":23,"column":9},"end":{"line":27,"column":null}},{"start":{"line":25,"column":9},"end":{"line":27,"column":null}}]},"5":{"loc":{"start":{"line":31,"column":2},"end":{"line":40,"column":null}},"type":"switch","locations":[{"start":{"line":32,"column":4},"end":{"line":33,"column":null}},{"start":{"line":34,"column":4},"end":{"line":35,"column":null}},{"start":{"line":36,"column":4},"end":{"line":37,"column":null}},{"start":{"line":38,"column":4},"end":{"line":39,"column":null}}]},"6":{"loc":{"start":{"line":44,"column":2},"end":{"line":47,"column":null}},"type":"switch","locations":[{"start":{"line":45,"column":4},"end":{"line":46,"column":null}}]},"7":{"loc":{"start":{"line":52,"column":4},"end":{"line":64,"column":null}},"type":"if","locations":[{"start":{"line":52,"column":4},"end":{"line":64,"column":null}},{"start":{"line":54,"column":11},"end":{"line":64,"column":null}}]},"8":{"loc":{"start":{"line":54,"column":11},"end":{"line":64,"column":null}},"type":"if","locations":[{"start":{"line":54,"column":11},"end":{"line":64,"column":null}},{"start":{"line":56,"column":11},"end":{"line":64,"column":null}}]},"9":{"loc":{"start":{"line":56,"column":11},"end":{"line":64,"column":null}},"type":"if","locations":[{"start":{"line":56,"column":11},"end":{"line":64,"column":null}},{"start":{"line":58,"column":11},"end":{"line":64,"column":null}}]},"10":{"loc":{"start":{"line":58,"column":11},"end":{"line":64,"column":null}},"type":"if","locations":[{"start":{"line":58,"column":11},"end":{"line":64,"column":null}},{"start":{"line":60,"column":11},"end":{"line":64,"column":null}}]},"11":{"loc":{"start":{"line":60,"column":11},"end":{"line":64,"column":null}},"type":"if","locations":[{"start":{"line":60,"column":11},"end":{"line":64,"column":null}},{"start":{"line":62,"column":11},"end":{"line":64,"column":null}}]},"12":{"loc":{"start":{"line":68,"column":4},"end":{"line":76,"column":null}},"type":"if","locations":[{"start":{"line":68,"column":4},"end":{"line":76,"column":null}},{"start":{"line":70,"column":11},"end":{"line":76,"column":null}}]},"13":{"loc":{"start":{"line":68,"column":8},"end":{"line":68,"column":36}},"type":"binary-expr","locations":[{"start":{"line":68,"column":8},"end":{"line":68,"column":19}},{"start":{"line":68,"column":23},"end":{"line":68,"column":36}}]},"14":{"loc":{"start":{"line":70,"column":11},"end":{"line":76,"column":null}},"type":"if","locations":[{"start":{"line":70,"column":11},"end":{"line":76,"column":null}},{"start":{"line":72,"column":11},"end":{"line":76,"column":null}}]},"15":{"loc":{"start":{"line":72,"column":11},"end":{"line":76,"column":null}},"type":"if","locations":[{"start":{"line":72,"column":11},"end":{"line":76,"column":null}},{"start":{"line":74,"column":11},"end":{"line":76,"column":null}}]},"16":{"loc":{"start":{"line":80,"column":4},"end":{"line":97,"column":null}},"type":"if","locations":[{"start":{"line":80,"column":4},"end":{"line":97,"column":null}}]},"17":{"loc":{"start":{"line":83,"column":8},"end":{"line":88,"column":null}},"type":"switch","locations":[{"start":{"line":84,"column":10},"end":{"line":85,"column":null}},{"start":{"line":86,"column":10},"end":{"line":87,"column":null}}]},"18":{"loc":{"start":{"line":90,"column":6},"end":{"line":94,"column":null}},"type":"if","locations":[{"start":{"line":90,"column":6},"end":{"line":94,"column":null}},{"start":{"line":92,"column":13},"end":{"line":94,"column":null}}]},"19":{"loc":{"start":{"line":92,"column":13},"end":{"line":94,"column":null}},"type":"if","locations":[{"start":{"line":92,"column":13},"end":{"line":94,"column":null}}]},"20":{"loc":{"start":{"line":100,"column":6},"end":{"line":105,"column":null}},"type":"switch","locations":[{"start":{"line":101,"column":8},"end":{"line":102,"column":null}},{"start":{"line":103,"column":8},"end":{"line":104,"column":null}}]},"21":{"loc":{"start":{"line":111,"column":4},"end":{"line":116,"column":null}},"type":"if","locations":[{"start":{"line":111,"column":4},"end":{"line":116,"column":null}},{"start":{"line":113,"column":11},"end":{"line":116,"column":null}}]},"22":{"loc":{"start":{"line":120,"column":4},"end":{"line":128,"column":null}},"type":"if","locations":[{"start":{"line":120,"column":4},"end":{"line":128,"column":null}},{"start":{"line":122,"column":11},"end":{"line":128,"column":null}}]},"23":{"loc":{"start":{"line":122,"column":11},"end":{"line":128,"column":null}},"type":"if","locations":[{"start":{"line":122,"column":11},"end":{"line":128,"column":null}},{"start":{"line":124,"column":11},"end":{"line":128,"column":null}}]},"24":{"loc":{"start":{"line":124,"column":11},"end":{"line":128,"column":null}},"type":"if","locations":[{"start":{"line":124,"column":11},"end":{"line":128,"column":null}},{"start":{"line":126,"column":11},"end":{"line":128,"column":null}}]},"25":{"loc":{"start":{"line":132,"column":4},"end":{"line":138,"column":null}},"type":"switch","locations":[{"start":{"line":133,"column":6},"end":{"line":133,"column":null}},{"start":{"line":134,"column":6},"end":{"line":134,"column":null}},{"start":{"line":135,"column":6},"end":{"line":135,"column":null}},{"start":{"line":136,"column":6},"end":{"line":136,"column":null}},{"start":{"line":137,"column":6},"end":{"line":137,"column":null}}]},"26":{"loc":{"start":{"line":142,"column":4},"end":{"line":148,"column":null}},"type":"if","locations":[{"start":{"line":142,"column":4},"end":{"line":148,"column":null}},{"start":{"line":144,"column":11},"end":{"line":148,"column":null}}]},"27":{"loc":{"start":{"line":143,"column":14},"end":{"line":143,"column":58}},"type":"cond-expr","locations":[{"start":{"line":143,"column":33},"end":{"line":143,"column":53}},{"start":{"line":143,"column":56},"end":{"line":143,"column":58}}]},"28":{"loc":{"start":{"line":144,"column":11},"end":{"line":148,"column":null}},"type":"if","locations":[{"start":{"line":144,"column":11},"end":{"line":148,"column":null}},{"start":{"line":146,"column":11},"end":{"line":148,"column":null}}]},"29":{"loc":{"start":{"line":144,"column":15},"end":{"line":144,"column":62}},"type":"binary-expr","locations":[{"start":{"line":144,"column":15},"end":{"line":144,"column":33}},{"start":{"line":144,"column":37},"end":{"line":144,"column":62}}]},"30":{"loc":{"start":{"line":154,"column":6},"end":{"line":158,"column":null}},"type":"if","locations":[{"start":{"line":154,"column":6},"end":{"line":158,"column":null}},{"start":{"line":156,"column":13},"end":{"line":158,"column":null}}]},"31":{"loc":{"start":{"line":164,"column":4},"end":{"line":170,"column":null}},"type":"switch","locations":[{"start":{"line":165,"column":6},"end":{"line":165,"column":null}},{"start":{"line":166,"column":6},"end":{"line":166,"column":null}},{"start":{"line":167,"column":6},"end":{"line":167,"column":null}},{"start":{"line":168,"column":6},"end":{"line":168,"column":null}},{"start":{"line":169,"column":6},"end":{"line":169,"column":null}}]},"32":{"loc":{"start":{"line":174,"column":4},"end":{"line":186,"column":null}},"type":"if","locations":[{"start":{"line":174,"column":4},"end":{"line":186,"column":null}},{"start":{"line":180,"column":11},"end":{"line":186,"column":null}}]},"33":{"loc":{"start":{"line":175,"column":6},"end":{"line":179,"column":null}},"type":"if","locations":[{"start":{"line":175,"column":6},"end":{"line":179,"column":null}},{"start":{"line":177,"column":13},"end":{"line":179,"column":null}}]},"34":{"loc":{"start":{"line":181,"column":6},"end":{"line":185,"column":null}},"type":"if","locations":[{"start":{"line":181,"column":6},"end":{"line":185,"column":null}},{"start":{"line":183,"column":13},"end":{"line":185,"column":null}}]},"35":{"loc":{"start":{"line":194,"column":4},"end":{"line":208,"column":null}},"type":"switch","locations":[{"start":{"line":195,"column":6},"end":{"line":196,"column":null}},{"start":{"line":197,"column":6},"end":{"line":205,"column":null}},{"start":{"line":206,"column":6},"end":{"line":207,"column":null}}]},"36":{"loc":{"start":{"line":200,"column":8},"end":{"line":204,"column":null}},"type":"if","locations":[{"start":{"line":200,"column":8},"end":{"line":204,"column":null}},{"start":{"line":202,"column":15},"end":{"line":204,"column":null}}]},"37":{"loc":{"start":{"line":212,"column":4},"end":{"line":218,"column":null}},"type":"switch","locations":[{"start":{"line":213,"column":6},"end":{"line":213,"column":null}},{"start":{"line":214,"column":6},"end":{"line":214,"column":null}},{"start":{"line":215,"column":6},"end":{"line":215,"column":null}},{"start":{"line":216,"column":6},"end":{"line":216,"column":null}},{"start":{"line":217,"column":6},"end":{"line":217,"column":null}}]},"38":{"loc":{"start":{"line":222,"column":4},"end":{"line":237,"column":null}},"type":"switch","locations":[{"start":{"line":223,"column":6},"end":{"line":228,"column":null}},{"start":{"line":229,"column":6},"end":{"line":230,"column":null}},{"start":{"line":231,"column":6},"end":{"line":232,"column":null}},{"start":{"line":233,"column":6},"end":{"line":234,"column":null}},{"start":{"line":235,"column":6},"end":{"line":236,"column":null}}]},"39":{"loc":{"start":{"line":224,"column":8},"end":{"line":228,"column":null}},"type":"if","locations":[{"start":{"line":224,"column":8},"end":{"line":228,"column":null}},{"start":{"line":226,"column":15},"end":{"line":228,"column":null}}]},"40":{"loc":{"start":{"line":241,"column":4},"end":{"line":269,"column":null}},"type":"switch","locations":[{"start":{"line":242,"column":6},"end":{"line":247,"column":null}},{"start":{"line":248,"column":6},"end":{"line":255,"column":null}},{"start":{"line":256,"column":6},"end":{"line":268,"column":null}}]},"41":{"loc":{"start":{"line":243,"column":8},"end":{"line":247,"column":null}},"type":"if","locations":[{"start":{"line":243,"column":8},"end":{"line":247,"column":null}},{"start":{"line":245,"column":15},"end":{"line":247,"column":null}}]},"42":{"loc":{"start":{"line":251,"column":10},"end":{"line":252,"column":null}},"type":"if","locations":[{"start":{"line":251,"column":10},"end":{"line":252,"column":null}},{"start":{"line":252,"column":15},"end":{"line":252,"column":null}}]},"43":{"loc":{"start":{"line":259,"column":20},"end":{"line":259,"column":105}},"type":"cond-expr","locations":[{"start":{"line":259,"column":63},"end":{"line":259,"column":82}},{"start":{"line":259,"column":85},"end":{"line":259,"column":105}}]},"44":{"loc":{"start":{"line":260,"column":8},"end":{"line":266,"column":null}},"type":"if","locations":[{"start":{"line":260,"column":8},"end":{"line":266,"column":null}},{"start":{"line":262,"column":15},"end":{"line":266,"column":null}}]},"45":{"loc":{"start":{"line":262,"column":15},"end":{"line":266,"column":null}},"type":"if","locations":[{"start":{"line":262,"column":15},"end":{"line":266,"column":null}},{"start":{"line":264,"column":15},"end":{"line":266,"column":null}}]},"46":{"loc":{"start":{"line":262,"column":19},"end":{"line":262,"column":70}},"type":"binary-expr","locations":[{"start":{"line":262,"column":19},"end":{"line":262,"column":44}},{"start":{"line":262,"column":48},"end":{"line":262,"column":70}}]},"47":{"loc":{"start":{"line":264,"column":15},"end":{"line":266,"column":null}},"type":"if","locations":[{"start":{"line":264,"column":15},"end":{"line":266,"column":null}}]},"48":{"loc":{"start":{"line":264,"column":19},"end":{"line":264,"column":69}},"type":"binary-expr","locations":[{"start":{"line":264,"column":19},"end":{"line":264,"column":44}},{"start":{"line":264,"column":48},"end":{"line":264,"column":69}}]},"49":{"loc":{"start":{"line":274,"column":6},"end":{"line":276,"column":null}},"type":"if","locations":[{"start":{"line":274,"column":6},"end":{"line":276,"column":null}}]},"50":{"loc":{"start":{"line":282,"column":4},"end":{"line":289,"column":null}},"type":"if","locations":[{"start":{"line":282,"column":4},"end":{"line":289,"column":null}},{"start":{"line":287,"column":11},"end":{"line":289,"column":null}}]},"51":{"loc":{"start":{"line":283,"column":6},"end":{"line":284,"column":39}},"type":"binary-expr","locations":[{"start":{"line":283,"column":7},"end":{"line":283,"column":28}},{"start":{"line":283,"column":32},"end":{"line":283,"column":52}},{"start":{"line":284,"column":6},"end":{"line":284,"column":39}}]},"52":{"loc":{"start":{"line":294,"column":4},"end":{"line":298,"column":null}},"type":"if","locations":[{"start":{"line":294,"column":4},"end":{"line":298,"column":null}},{"start":{"line":296,"column":11},"end":{"line":298,"column":null}}]}},"s":{"0":1,"1":1,"2":54,"3":18,"4":2,"5":16,"6":16,"7":0,"8":88,"9":49,"10":39,"11":18,"12":21,"13":21,"14":0,"15":32,"16":14,"17":3,"18":10,"19":5,"20":4,"21":4,"22":1,"23":293,"24":109,"25":184,"26":60,"27":124,"28":88,"29":36,"30":32,"31":4,"32":4,"33":0,"34":87,"35":2,"36":85,"37":76,"38":9,"39":0,"40":9,"41":21,"42":8,"43":8,"44":8,"45":4,"46":4,"47":8,"48":2,"49":6,"50":2,"51":8,"52":13,"53":13,"54":13,"55":8,"56":5,"57":26,"58":13,"59":23,"60":21,"61":2,"62":6,"63":2,"64":13,"65":3,"66":10,"67":6,"68":4,"69":2,"70":2,"71":13,"72":12,"73":0,"74":0,"75":0,"76":1,"77":65,"78":27,"79":38,"80":2,"81":36,"82":65,"83":65,"84":152,"85":118,"86":34,"87":31,"88":88,"89":78,"90":3,"91":3,"92":4,"93":0,"94":18,"95":9,"96":6,"97":3,"98":9,"99":6,"100":3,"101":4,"102":0,"103":0,"104":0,"105":0,"106":0,"107":0,"108":0,"109":0,"110":0,"111":0,"112":0,"113":0,"114":0,"115":0,"116":0,"117":0,"118":0,"119":0,"120":0,"121":0,"122":0,"123":0,"124":0,"125":0,"126":0,"127":0,"128":0,"129":0,"130":0,"131":0,"132":0,"133":0,"134":0,"135":0,"136":0,"137":0,"138":0,"139":0,"140":0,"141":0,"142":0,"143":0,"144":0,"145":0,"146":0,"147":0,"148":0,"149":0,"150":0,"151":0,"152":0,"153":0,"154":0,"155":0,"156":0},"f":{"0":54,"1":18,"2":88,"3":32,"4":4,"5":293,"6":87,"7":21,"8":8,"9":13,"10":26,"11":23,"12":6,"13":13,"14":13,"15":65,"16":65,"17":88,"18":18,"19":4,"20":0,"21":0,"22":0,"23":0,"24":0,"25":0,"26":0,"27":0,"28":0,"29":0,"30":0,"31":0},"b":{"0":[2,16],"1":[16,0],"2":[49,39],"3":[18,21],"4":[21,0],"5":[14,3,10,5],"6":[4],"7":[109,184],"8":[60,124],"9":[88,36],"10":[32,4],"11":[4,0],"12":[2,85],"13":[87,78],"14":[76,9],"15":[0,9],"16":[8],"17":[4,4],"18":[2,6],"19":[2],"20":[8,5],"21":[21,2],"22":[3,10],"23":[6,4],"24":[2,2],"25":[12,0,0,0,1],"26":[27,38],"27":[22,5],"28":[2,36],"29":[38,4],"30":[118,34],"31":[78,3,3,4,0],"32":[9,9],"33":[6,3],"34":[6,3],"35":[0,0,0],"36":[0,0],"37":[0,0,0,0,0],"38":[0,0,0,0,0],"39":[0,0],"40":[0,0,0],"41":[0,0],"42":[0,0],"43":[0,0],"44":[0,0],"45":[0,0],"46":[0,0],"47":[0],"48":[0,0],"49":[0],"50":[0,0],"51":[0,0,0],"52":[0,0]}}
,"/Users/franco/projects/dicerollerts/src/dice-expression.ts": {"path":"/Users/franco/projects/dicerollerts/src/dice-expression.ts","statementMap":{"0":{"start":{"line":11,"column":2},"end":{"line":14,"column":null}},"1":{"start":{"line":10,"column":0},"end":{"line":10,"column":16}},"2":{"start":{"line":23,"column":2},"end":{"line":26,"column":null}},"3":{"start":{"line":22,"column":0},"end":{"line":22,"column":16}},"4":{"start":{"line":39,"column":2},"end":{"line":43,"column":null}},"5":{"start":{"line":35,"column":0},"end":{"line":35,"column":16}},"6":{"start":{"line":58,"column":2},"end":{"line":63,"column":null}},"7":{"start":{"line":53,"column":0},"end":{"line":53,"column":16}},"8":{"start":{"line":73,"column":2},"end":{"line":77,"column":null}},"9":{"start":{"line":72,"column":0},"end":{"line":72,"column":16}},"10":{"start":{"line":95,"column":2},"end":{"line":98,"column":null}},"11":{"start":{"line":94,"column":0},"end":{"line":94,"column":16}},"12":{"start":{"line":111,"column":2},"end":{"line":115,"column":null}},"13":{"start":{"line":107,"column":0},"end":{"line":107,"column":16}},"14":{"start":{"line":128,"column":2},"end":{"line":132,"column":null}},"15":{"start":{"line":124,"column":0},"end":{"line":124,"column":16}},"16":{"start":{"line":146,"column":2},"end":{"line":149,"column":null}},"17":{"start":{"line":145,"column":0},"end":{"line":145,"column":16}},"18":{"start":{"line":160,"column":2},"end":{"line":163,"column":null}},"19":{"start":{"line":157,"column":0},"end":{"line":157,"column":16}},"20":{"start":{"line":177,"column":2},"end":{"line":181,"column":null}},"21":{"start":{"line":176,"column":0},"end":{"line":176,"column":16}},"22":{"start":{"line":191,"column":2},"end":{"line":195,"column":null}},"23":{"start":{"line":190,"column":0},"end":{"line":190,"column":16}},"24":{"start":{"line":209,"column":2},"end":{"line":213,"column":null}},"25":{"start":{"line":208,"column":0},"end":{"line":208,"column":16}},"26":{"start":{"line":223,"column":2},"end":{"line":227,"column":null}},"27":{"start":{"line":222,"column":0},"end":{"line":222,"column":16}},"28":{"start":{"line":240,"column":2},"end":{"line":244,"column":null}},"29":{"start":{"line":236,"column":0},"end":{"line":236,"column":16}},"30":{"start":{"line":257,"column":2},"end":{"line":259,"column":null}},"31":{"start":{"line":256,"column":0},"end":{"line":256,"column":16}},"32":{"start":{"line":268,"column":2},"end":{"line":271,"column":null}},"33":{"start":{"line":267,"column":0},"end":{"line":267,"column":16}},"34":{"start":{"line":284,"column":2},"end":{"line":287,"column":null}},"35":{"start":{"line":283,"column":0},"end":{"line":283,"column":16}},"36":{"start":{"line":300,"column":2},"end":{"line":304,"column":null}},"37":{"start":{"line":296,"column":0},"end":{"line":296,"column":16}},"38":{"start":{"line":313,"column":2},"end":{"line":316,"column":null}},"39":{"start":{"line":312,"column":0},"end":{"line":312,"column":16}},"40":{"start":{"line":325,"column":2},"end":{"line":328,"column":null}},"41":{"start":{"line":324,"column":0},"end":{"line":324,"column":16}},"42":{"start":{"line":337,"column":2},"end":{"line":340,"column":null}},"43":{"start":{"line":336,"column":0},"end":{"line":336,"column":16}},"44":{"start":{"line":362,"column":2},"end":{"line":365,"column":null}},"45":{"start":{"line":361,"column":0},"end":{"line":361,"column":16}},"46":{"start":{"line":373,"column":2},"end":{"line":375,"column":null}},"47":{"start":{"line":372,"column":0},"end":{"line":372,"column":16}},"48":{"start":{"line":388,"column":2},"end":{"line":392,"column":null}},"49":{"start":{"line":384,"column":0},"end":{"line":384,"column":16}},"50":{"start":{"line":405,"column":2},"end":{"line":409,"column":null}},"51":{"start":{"line":401,"column":0},"end":{"line":401,"column":16}},"52":{"start":{"line":422,"column":2},"end":{"line":426,"column":null}},"53":{"start":{"line":418,"column":0},"end":{"line":418,"column":16}},"54":{"start":{"line":434,"column":2},"end":{"line":436,"column":null}},"55":{"start":{"line":433,"column":0},"end":{"line":433,"column":16}}},"fnMap":{"0":{"name":"die","decl":{"start":{"line":10,"column":16},"end":{"line":10,"column":19}},"loc":{"start":{"line":10,"column":34},"end":{"line":15,"column":1}}},"1":{"name":"literal","decl":{"start":{"line":22,"column":16},"end":{"line":22,"column":23}},"loc":{"start":{"line":22,"column":38},"end":{"line":27,"column":1}}},"2":{"name":"diceReduce","decl":{"start":{"line":35,"column":16},"end":{"line":35,"column":26}},"loc":{"start":{"line":37,"column":22},"end":{"line":44,"column":1}}},"3":{"name":"binaryOp","decl":{"start":{"line":53,"column":16},"end":{"line":53,"column":24}},"loc":{"start":{"line":56,"column":23},"end":{"line":64,"column":1}}},"4":{"name":"unaryOp","decl":{"start":{"line":72,"column":16},"end":{"line":72,"column":23}},"loc":{"start":{"line":72,"column":59},"end":{"line":78,"column":1}}},"5":{"name":"diceExpressions","decl":{"start":{"line":94,"column":16},"end":{"line":94,"column":31}},"loc":{"start":{"line":94,"column":59},"end":{"line":99,"column":1}}},"6":{"name":"diceListWithFilter","decl":{"start":{"line":107,"column":16},"end":{"line":107,"column":34}},"loc":{"start":{"line":109,"column":20},"end":{"line":116,"column":1}}},"7":{"name":"diceListWithMap","decl":{"start":{"line":124,"column":16},"end":{"line":124,"column":31}},"loc":{"start":{"line":126,"column":22},"end":{"line":133,"column":1}}},"8":{"name":"filterableDiceArray","decl":{"start":{"line":145,"column":16},"end":{"line":145,"column":35}},"loc":{"start":{"line":145,"column":50},"end":{"line":150,"column":1}}},"9":{"name":"filterableDiceExpressions","decl":{"start":{"line":157,"column":16},"end":{"line":157,"column":41}},"loc":{"start":{"line":158,"column":28},"end":{"line":164,"column":1}}},"10":{"name":"drop","decl":{"start":{"line":176,"column":16},"end":{"line":176,"column":20}},"loc":{"start":{"line":176,"column":49},"end":{"line":182,"column":1}}},"11":{"name":"keep","decl":{"start":{"line":190,"column":16},"end":{"line":190,"column":20}},"loc":{"start":{"line":190,"column":49},"end":{"line":196,"column":1}}},"12":{"name":"explode","decl":{"start":{"line":208,"column":16},"end":{"line":208,"column":23}},"loc":{"start":{"line":208,"column":51},"end":{"line":214,"column":1}}},"13":{"name":"reroll","decl":{"start":{"line":222,"column":16},"end":{"line":222,"column":22}},"loc":{"start":{"line":222,"column":50},"end":{"line":228,"column":1}}},"14":{"name":"emphasis","decl":{"start":{"line":236,"column":16},"end":{"line":236,"column":24}},"loc":{"start":{"line":238,"column":34},"end":{"line":245,"column":1}}},"15":{"name":"always","decl":{"start":{"line":256,"column":16},"end":{"line":256,"column":22}},"loc":{"start":{"line":256,"column":22},"end":{"line":260,"column":1}}},"16":{"name":"upTo","decl":{"start":{"line":267,"column":16},"end":{"line":267,"column":20}},"loc":{"start":{"line":267,"column":35},"end":{"line":272,"column":1}}},"17":{"name":"exact","decl":{"start":{"line":283,"column":16},"end":{"line":283,"column":21}},"loc":{"start":{"line":283,"column":36},"end":{"line":288,"column":1}}},"18":{"name":"between","decl":{"start":{"line":296,"column":16},"end":{"line":296,"column":23}},"loc":{"start":{"line":298,"column":22},"end":{"line":305,"column":1}}},"19":{"name":"valueOrMore","decl":{"start":{"line":312,"column":16},"end":{"line":312,"column":27}},"loc":{"start":{"line":312,"column":42},"end":{"line":317,"column":1}}},"20":{"name":"valueOrLess","decl":{"start":{"line":324,"column":16},"end":{"line":324,"column":27}},"loc":{"start":{"line":324,"column":42},"end":{"line":329,"column":1}}},"21":{"name":"composite","decl":{"start":{"line":336,"column":16},"end":{"line":336,"column":25}},"loc":{"start":{"line":336,"column":42},"end":{"line":341,"column":1}}},"22":{"name":"insufficientSides","decl":{"start":{"line":361,"column":16},"end":{"line":361,"column":33}},"loc":{"start":{"line":361,"column":48},"end":{"line":366,"column":1}}},"23":{"name":"emptySet","decl":{"start":{"line":372,"column":16},"end":{"line":372,"column":24}},"loc":{"start":{"line":372,"column":24},"end":{"line":376,"column":1}}},"24":{"name":"infiniteReroll","decl":{"start":{"line":384,"column":16},"end":{"line":384,"column":30}},"loc":{"start":{"line":386,"column":14},"end":{"line":393,"column":1}}},"25":{"name":"tooManyDrops","decl":{"start":{"line":401,"column":16},"end":{"line":401,"column":28}},"loc":{"start":{"line":403,"column":16},"end":{"line":410,"column":1}}},"26":{"name":"tooManyKeeps","decl":{"start":{"line":418,"column":16},"end":{"line":418,"column":28}},"loc":{"start":{"line":420,"column":16},"end":{"line":427,"column":1}}},"27":{"name":"dropOrKeepShouldBePositive","decl":{"start":{"line":433,"column":16},"end":{"line":433,"column":42}},"loc":{"start":{"line":433,"column":42},"end":{"line":437,"column":1}}}},"branchMap":{},"s":{"0":2365,"1":2,"2":907,"3":2,"4":456,"5":2,"6":47,"7":2,"8":9,"9":2,"10":714,"11":2,"12":74,"13":2,"14":88,"15":2,"16":634,"17":2,"18":168,"19":2,"20":42,"21":2,"22":36,"23":2,"24":38,"25":2,"26":26,"27":2,"28":89,"29":2,"30":6,"31":2,"32":52,"33":2,"34":48,"35":2,"36":0,"37":2,"38":16,"39":2,"40":0,"41":2,"42":0,"43":2,"44":0,"45":2,"46":0,"47":2,"48":0,"49":2,"50":0,"51":2,"52":0,"53":2,"54":0,"55":2},"f":{"0":2365,"1":907,"2":456,"3":47,"4":9,"5":714,"6":74,"7":88,"8":634,"9":168,"10":42,"11":36,"12":38,"13":26,"14":89,"15":6,"16":52,"17":48,"18":0,"19":16,"20":0,"21":0,"22":0,"23":0,"24":0,"25":0,"26":0,"27":0},"b":{}}
,"/Users/franco/projects/dicerollerts/src/dice-parser.ts": {"path":"/Users/franco/projects/dicerollerts/src/dice-parser.ts","statementMap":{"0":{"start":{"line":2,"column":0},"end":{"line":2,"column":45}},"1":{"start":{"line":3,"column":0},"end":{"line":3,"column":null}},"2":{"start":{"line":35,"column":0},"end":{"line":35,"column":62}},"3":{"start":{"line":38,"column":0},"end":{"line":38,"column":77}},"4":{"start":{"line":39,"column":0},"end":{"line":39,"column":51}},"5":{"start":{"line":41,"column":13},"end":{"line":41,"column":27}},"6":{"start":{"line":42,"column":14},"end":{"line":42,"column":28}},"7":{"start":{"line":43,"column":17},"end":{"line":43,"column":123}},"8":{"start":{"line":44,"column":17},"end":{"line":44,"column":102}},"9":{"start":{"line":45,"column":14},"end":{"line":45,"column":78}},"10":{"start":{"line":46,"column":10},"end":{"line":46,"column":47}},"11":{"start":{"line":48,"column":25},"end":{"line":48,"column":39}},"12":{"start":{"line":49,"column":26},"end":{"line":49,"column":40}},"13":{"start":{"line":50,"column":14},"end":{"line":50,"column":28}},"14":{"start":{"line":51,"column":16},"end":{"line":51,"column":30}},"15":{"start":{"line":52,"column":11},"end":{"line":52,"column":29}},"16":{"start":{"line":53,"column":12},"end":{"line":53,"column":30}},"17":{"start":{"line":56,"column":23},"end":{"line":56,"column":92}},"18":{"start":{"line":57,"column":17},"end":{"line":57,"column":79}},"19":{"start":{"line":60,"column":2},"end":{"line":62,"column":null}},"20":{"start":{"line":61,"column":50},"end":{"line":61,"column":64}},"21":{"start":{"line":62,"column":52},"end":{"line":62,"column":67}},"22":{"start":{"line":65,"column":17},"end":{"line":71,"column":4}},"23":{"start":{"line":66,"column":2},"end":{"line":71,"column":4}},"24":{"start":{"line":68,"column":6},"end":{"line":68,"column":null}},"25":{"start":{"line":68,"column":49},"end":{"line":68,"column":63}},"26":{"start":{"line":70,"column":27},"end":{"line":70,"column":46}},"27":{"start":{"line":74,"column":2},"end":{"line":76,"column":null}},"28":{"start":{"line":75,"column":27},"end":{"line":75,"column":42}},"29":{"start":{"line":76,"column":27},"end":{"line":76,"column":42}},"30":{"start":{"line":79,"column":19},"end":{"line":79,"column":110}},"31":{"start":{"line":80,"column":11},"end":{"line":80,"column":54}},"32":{"start":{"line":81,"column":14},"end":{"line":94,"column":null}},"33":{"start":{"line":83,"column":4},"end":{"line":83,"column":null}},"34":{"start":{"line":83,"column":44},"end":{"line":83,"column":61}},"35":{"start":{"line":86,"column":4},"end":{"line":92,"column":null}},"36":{"start":{"line":87,"column":6},"end":{"line":91,"column":null}},"37":{"start":{"line":88,"column":21},"end":{"line":88,"column":null}},"38":{"start":{"line":89,"column":21},"end":{"line":89,"column":null}},"39":{"start":{"line":90,"column":17},"end":{"line":90,"column":null}},"40":{"start":{"line":97,"column":14},"end":{"line":101,"column":null}},"41":{"start":{"line":104,"column":21},"end":{"line":108,"column":null}},"42":{"start":{"line":110,"column":22},"end":{"line":128,"column":2}},"43":{"start":{"line":110,"column":33},"end":{"line":127,"column":null}},"44":{"start":{"line":112,"column":4},"end":{"line":117,"column":null}},"45":{"start":{"line":121,"column":4},"end":{"line":125,"column":null}},"46":{"start":{"line":127,"column":70},"end":{"line":127,"column":95}},"47":{"start":{"line":130,"column":25},"end":{"line":133,"column":5}},"48":{"start":{"line":131,"column":2},"end":{"line":133,"column":5}},"49":{"start":{"line":132,"column":4},"end":{"line":132,"column":null}},"50":{"start":{"line":132,"column":43},"end":{"line":132,"column":58}},"51":{"start":{"line":135,"column":20},"end":{"line":141,"column":2}},"52":{"start":{"line":135,"column":31},"end":{"line":140,"column":null}},"53":{"start":{"line":139,"column":58},"end":{"line":139,"column":91}},"54":{"start":{"line":140,"column":58},"end":{"line":140,"column":90}},"55":{"start":{"line":143,"column":12},"end":{"line":143,"column":24}},"56":{"start":{"line":144,"column":16},"end":{"line":144,"column":53}},"57":{"start":{"line":145,"column":15},"end":{"line":145,"column":51}},"58":{"start":{"line":146,"column":12},"end":{"line":146,"column":70}},"59":{"start":{"line":147,"column":12},"end":{"line":147,"column":69}},"60":{"start":{"line":149,"column":26},"end":{"line":149,"column":27}},"61":{"start":{"line":150,"column":12},"end":{"line":154,"column":41}},"62":{"start":{"line":156,"column":15},"end":{"line":156,"column":94}},"63":{"start":{"line":156,"column":26},"end":{"line":156,"column":93}},"64":{"start":{"line":156,"column":69},"end":{"line":156,"column":92}},"65":{"start":{"line":157,"column":14},"end":{"line":157,"column":20}},"66":{"start":{"line":159,"column":20},"end":{"line":163,"column":null}},"67":{"start":{"line":166,"column":16},"end":{"line":168,"column":3}},"68":{"start":{"line":167,"column":2},"end":{"line":167,"column":null}},"69":{"start":{"line":167,"column":51},"end":{"line":167,"column":64}},"70":{"start":{"line":170,"column":14},"end":{"line":192,"column":2}},"71":{"start":{"line":171,"column":2},"end":{"line":191,"column":null}},"72":{"start":{"line":172,"column":4},"end":{"line":190,"column":null}},"73":{"start":{"line":173,"column":6},"end":{"line":189,"column":null}},"74":{"start":{"line":174,"column":8},"end":{"line":188,"column":null}},"75":{"start":{"line":177,"column":12},"end":{"line":177,"column":null}},"76":{"start":{"line":180,"column":12},"end":{"line":185,"column":null}},"77":{"start":{"line":182,"column":16},"end":{"line":182,"column":null}},"78":{"start":{"line":184,"column":16},"end":{"line":184,"column":null}},"79":{"start":{"line":187,"column":12},"end":{"line":187,"column":null}},"80":{"start":{"line":194,"column":22},"end":{"line":196,"column":null}},"81":{"start":{"line":198,"column":26},"end":{"line":198,"column":44}},"82":{"start":{"line":199,"column":19},"end":{"line":211,"column":1}},"83":{"start":{"line":200,"column":2},"end":{"line":210,"column":null}},"84":{"start":{"line":201,"column":4},"end":{"line":207,"column":null}},"85":{"start":{"line":207,"column":22},"end":{"line":207,"column":65}},"86":{"start":{"line":209,"column":24},"end":{"line":209,"column":48}},"87":{"start":{"line":213,"column":23},"end":{"line":221,"column":1}},"88":{"start":{"line":214,"column":2},"end":{"line":216,"column":null}},"89":{"start":{"line":223,"column":24},"end":{"line":233,"column":2}},"90":{"start":{"line":224,"column":2},"end":{"line":232,"column":null}},"91":{"start":{"line":226,"column":6},"end":{"line":229,"column":null}},"92":{"start":{"line":227,"column":21},"end":{"line":227,"column":63}},"93":{"start":{"line":227,"column":48},"end":{"line":227,"column":62}},"94":{"start":{"line":228,"column":8},"end":{"line":228,"column":null}},"95":{"start":{"line":231,"column":40},"end":{"line":231,"column":65}},"96":{"start":{"line":235,"column":23},"end":{"line":255,"column":2}},"97":{"start":{"line":236,"column":2},"end":{"line":254,"column":null}},"98":{"start":{"line":238,"column":6},"end":{"line":241,"column":null}},"99":{"start":{"line":239,"column":21},"end":{"line":239,"column":54}},"100":{"start":{"line":239,"column":48},"end":{"line":239,"column":53}},"101":{"start":{"line":240,"column":8},"end":{"line":240,"column":null}},"102":{"start":{"line":243,"column":36},"end":{"line":243,"column":61}},"103":{"start":{"line":244,"column":40},"end":{"line":244,"column":71}},"104":{"start":{"line":246,"column":4},"end":{"line":253,"column":null}},"105":{"start":{"line":247,"column":62},"end":{"line":247,"column":76}},"106":{"start":{"line":248,"column":46},"end":{"line":248,"column":66}},"107":{"start":{"line":249,"column":62},"end":{"line":249,"column":77}},"108":{"start":{"line":250,"column":47},"end":{"line":250,"column":67}},"109":{"start":{"line":252,"column":6},"end":{"line":252,"column":null}},"110":{"start":{"line":257,"column":21},"end":{"line":272,"column":2}},"111":{"start":{"line":258,"column":2},"end":{"line":271,"column":null}},"112":{"start":{"line":260,"column":6},"end":{"line":262,"column":null}},"113":{"start":{"line":261,"column":8},"end":{"line":261,"column":null}},"114":{"start":{"line":261,"column":42},"end":{"line":261,"column":47}},"115":{"start":{"line":265,"column":42},"end":{"line":265,"column":45}},"116":{"start":{"line":266,"column":17},"end":{"line":266,"column":20}},"117":{"start":{"line":268,"column":4},"end":{"line":270,"column":null}},"118":{"start":{"line":269,"column":6},"end":{"line":269,"column":null}},"119":{"start":{"line":274,"column":23},"end":{"line":283,"column":2}},"120":{"start":{"line":275,"column":2},"end":{"line":282,"column":null}},"121":{"start":{"line":285,"column":19},"end":{"line":290,"column":45}},"122":{"start":{"line":286,"column":2},"end":{"line":289,"column":null}},"123":{"start":{"line":293,"column":2},"end":{"line":293,"column":54}},"124":{"start":{"line":295,"column":15},"end":{"line":297,"column":1}},"125":{"start":{"line":296,"column":2},"end":{"line":296,"column":null}},"126":{"start":{"line":299,"column":13},"end":{"line":315,"column":null}},"127":{"start":{"line":301,"column":19},"end":{"line":301,"column":48}},"128":{"start":{"line":302,"column":4},"end":{"line":302,"column":null}},"129":{"start":{"line":305,"column":4},"end":{"line":305,"column":null}},"130":{"start":{"line":308,"column":19},"end":{"line":308,"column":32}},"131":{"start":{"line":309,"column":4},"end":{"line":313,"column":null}},"132":{"start":{"line":310,"column":6},"end":{"line":310,"column":null}},"133":{"start":{"line":312,"column":6},"end":{"line":312,"column":null}}},"fnMap":{"0":{"name":"(anonymous_0)","decl":{"start":{"line":61,"column":45},"end":{"line":61,"column":46}},"loc":{"start":{"line":61,"column":50},"end":{"line":61,"column":64}}},"1":{"name":"(anonymous_1)","decl":{"start":{"line":62,"column":47},"end":{"line":62,"column":48}},"loc":{"start":{"line":62,"column":52},"end":{"line":62,"column":67}}},"2":{"name":"(anonymous_2)","decl":{"start":{"line":65,"column":17},"end":{"line":65,"column":18}},"loc":{"start":{"line":66,"column":2},"end":{"line":71,"column":4}}},"3":{"name":"(anonymous_3)","decl":{"start":{"line":67,"column":22},"end":{"line":67,"column":25}},"loc":{"start":{"line":67,"column":28},"end":{"line":69,"column":5}}},"4":{"name":"(anonymous_4)","decl":{"start":{"line":68,"column":39},"end":{"line":68,"column":44}},"loc":{"start":{"line":68,"column":49},"end":{"line":68,"column":63}}},"5":{"name":"(anonymous_5)","decl":{"start":{"line":70,"column":17},"end":{"line":70,"column":22}},"loc":{"start":{"line":70,"column":27},"end":{"line":70,"column":46}}},"6":{"name":"(anonymous_6)","decl":{"start":{"line":75,"column":22},"end":{"line":75,"column":23}},"loc":{"start":{"line":75,"column":27},"end":{"line":75,"column":42}}},"7":{"name":"(anonymous_7)","decl":{"start":{"line":76,"column":22},"end":{"line":76,"column":23}},"loc":{"start":{"line":76,"column":27},"end":{"line":76,"column":42}}},"8":{"name":"(anonymous_8)","decl":{"start":{"line":82,"column":13},"end":{"line":82,"column":16}},"loc":{"start":{"line":82,"column":19},"end":{"line":84,"column":3}}},"9":{"name":"(anonymous_9)","decl":{"start":{"line":83,"column":37},"end":{"line":83,"column":40}},"loc":{"start":{"line":83,"column":44},"end":{"line":83,"column":61}}},"10":{"name":"(anonymous_10)","decl":{"start":{"line":85,"column":13},"end":{"line":85,"column":18}},"loc":{"start":{"line":85,"column":21},"end":{"line":93,"column":3}}},"11":{"name":"(anonymous_11)","decl":{"start":{"line":86,"column":39},"end":{"line":86,"column":42}},"loc":{"start":{"line":86,"column":45},"end":{"line":92,"column":5}}},"12":{"name":"(anonymous_12)","decl":{"start":{"line":110,"column":27},"end":{"line":110,"column":30}},"loc":{"start":{"line":110,"column":33},"end":{"line":127,"column":null}}},"13":{"name":"(anonymous_13)","decl":{"start":{"line":111,"column":41},"end":{"line":111,"column":44}},"loc":{"start":{"line":111,"column":46},"end":{"line":118,"column":3}}},"14":{"name":"(anonymous_14)","decl":{"start":{"line":120,"column":65},"end":{"line":120,"column":70}},"loc":{"start":{"line":120,"column":73},"end":{"line":126,"column":3}}},"15":{"name":"(anonymous_15)","decl":{"start":{"line":127,"column":61},"end":{"line":127,"column":66}},"loc":{"start":{"line":127,"column":70},"end":{"line":127,"column":95}}},"16":{"name":"(anonymous_16)","decl":{"start":{"line":130,"column":25},"end":{"line":130,"column":26}},"loc":{"start":{"line":131,"column":2},"end":{"line":133,"column":5}}},"17":{"name":"(anonymous_17)","decl":{"start":{"line":131,"column":55},"end":{"line":131,"column":60}},"loc":{"start":{"line":131,"column":63},"end":{"line":133,"column":3}}},"18":{"name":"(anonymous_18)","decl":{"start":{"line":132,"column":34},"end":{"line":132,"column":39}},"loc":{"start":{"line":132,"column":43},"end":{"line":132,"column":58}}},"19":{"name":"(anonymous_19)","decl":{"start":{"line":135,"column":25},"end":{"line":135,"column":28}},"loc":{"start":{"line":135,"column":31},"end":{"line":140,"column":null}}},"20":{"name":"(anonymous_20)","decl":{"start":{"line":139,"column":53},"end":{"line":139,"column":54}},"loc":{"start":{"line":139,"column":58},"end":{"line":139,"column":91}}},"21":{"name":"(anonymous_21)","decl":{"start":{"line":140,"column":53},"end":{"line":140,"column":54}},"loc":{"start":{"line":140,"column":58},"end":{"line":140,"column":90}}},"22":{"name":"(anonymous_22)","decl":{"start":{"line":156,"column":20},"end":{"line":156,"column":23}},"loc":{"start":{"line":156,"column":26},"end":{"line":156,"column":93}}},"23":{"name":"(anonymous_23)","decl":{"start":{"line":156,"column":61},"end":{"line":156,"column":65}},"loc":{"start":{"line":156,"column":69},"end":{"line":156,"column":92}}},"24":{"name":"(anonymous_24)","decl":{"start":{"line":166,"column":49},"end":{"line":166,"column":51}},"loc":{"start":{"line":166,"column":54},"end":{"line":168,"column":1}}},"25":{"name":"(anonymous_25)","decl":{"start":{"line":167,"column":41},"end":{"line":167,"column":46}},"loc":{"start":{"line":167,"column":51},"end":{"line":167,"column":64}}},"26":{"name":"(anonymous_26)","decl":{"start":{"line":170,"column":19},"end":{"line":170,"column":22}},"loc":{"start":{"line":170,"column":24},"end":{"line":192,"column":1}}},"27":{"name":"(anonymous_27)","decl":{"start":{"line":171,"column":32},"end":{"line":171,"column":36}},"loc":{"start":{"line":171,"column":39},"end":{"line":191,"column":3}}},"28":{"name":"(anonymous_28)","decl":{"start":{"line":172,"column":34},"end":{"line":172,"column":35}},"loc":{"start":{"line":172,"column":38},"end":{"line":190,"column":5}}},"29":{"name":"(anonymous_29)","decl":{"start":{"line":173,"column":22},"end":{"line":173,"column":23}},"loc":{"start":{"line":173,"column":53},"end":{"line":189,"column":7}}},"30":{"name":"(anonymous_30)","decl":{"start":{"line":199,"column":19},"end":{"line":199,"column":20}},"loc":{"start":{"line":199,"column":128},"end":{"line":211,"column":1}}},"31":{"name":"(anonymous_31)","decl":{"start":{"line":200,"column":28},"end":{"line":200,"column":31}},"loc":{"start":{"line":200,"column":34},"end":{"line":208,"column":3}}},"32":{"name":"(anonymous_32)","decl":{"start":{"line":207,"column":11},"end":{"line":207,"column":18}},"loc":{"start":{"line":207,"column":22},"end":{"line":207,"column":65}}},"33":{"name":"(anonymous_33)","decl":{"start":{"line":209,"column":19},"end":{"line":209,"column":20}},"loc":{"start":{"line":209,"column":24},"end":{"line":209,"column":48}}},"34":{"name":"(anonymous_34)","decl":{"start":{"line":213,"column":23},"end":{"line":213,"column":27}},"loc":{"start":{"line":213,"column":112},"end":{"line":221,"column":1}}},"35":{"name":"(anonymous_35)","decl":{"start":{"line":223,"column":29},"end":{"line":223,"column":81}},"loc":{"start":{"line":223,"column":83},"end":{"line":233,"column":1}}},"36":{"name":"(anonymous_36)","decl":{"start":{"line":225,"column":21},"end":{"line":225,"column":26}},"loc":{"start":{"line":225,"column":29},"end":{"line":230,"column":5}}},"37":{"name":"(anonymous_37)","decl":{"start":{"line":226,"column":21},"end":{"line":226,"column":26}},"loc":{"start":{"line":226,"column":29},"end":{"line":229,"column":7}}},"38":{"name":"(anonymous_38)","decl":{"start":{"line":227,"column":43},"end":{"line":227,"column":44}},"loc":{"start":{"line":227,"column":48},"end":{"line":227,"column":62}}},"39":{"name":"(anonymous_39)","decl":{"start":{"line":231,"column":35},"end":{"line":231,"column":36}},"loc":{"start":{"line":231,"column":40},"end":{"line":231,"column":65}}},"40":{"name":"(anonymous_40)","decl":{"start":{"line":235,"column":28},"end":{"line":235,"column":80}},"loc":{"start":{"line":235,"column":82},"end":{"line":255,"column":1}}},"41":{"name":"(anonymous_41)","decl":{"start":{"line":237,"column":21},"end":{"line":237,"column":22}},"loc":{"start":{"line":237,"column":31},"end":{"line":242,"column":5}}},"42":{"name":"(anonymous_42)","decl":{"start":{"line":238,"column":21},"end":{"line":238,"column":26}},"loc":{"start":{"line":238,"column":29},"end":{"line":241,"column":7}}},"43":{"name":"(anonymous_43)","decl":{"start":{"line":239,"column":43},"end":{"line":239,"column":44}},"loc":{"start":{"line":239,"column":48},"end":{"line":239,"column":53}}},"44":{"name":"(anonymous_44)","decl":{"start":{"line":243,"column":28},"end":{"line":243,"column":32}},"loc":{"start":{"line":243,"column":36},"end":{"line":243,"column":61}}},"45":{"name":"(anonymous_45)","decl":{"start":{"line":244,"column":35},"end":{"line":244,"column":36}},"loc":{"start":{"line":244,"column":40},"end":{"line":244,"column":71}}},"46":{"name":"(anonymous_46)","decl":{"start":{"line":245,"column":12},"end":{"line":245,"column":22}},"loc":{"start":{"line":245,"column":25},"end":{"line":254,"column":3}}},"47":{"name":"(anonymous_47)","decl":{"start":{"line":247,"column":57},"end":{"line":247,"column":58}},"loc":{"start":{"line":247,"column":62},"end":{"line":247,"column":76}}},"48":{"name":"(anonymous_48)","decl":{"start":{"line":248,"column":41},"end":{"line":248,"column":42}},"loc":{"start":{"line":248,"column":46},"end":{"line":248,"column":66}}},"49":{"name":"(anonymous_49)","decl":{"start":{"line":249,"column":57},"end":{"line":249,"column":58}},"loc":{"start":{"line":249,"column":62},"end":{"line":249,"column":77}}},"50":{"name":"(anonymous_50)","decl":{"start":{"line":250,"column":42},"end":{"line":250,"column":43}},"loc":{"start":{"line":250,"column":47},"end":{"line":250,"column":67}}},"51":{"name":"(anonymous_51)","decl":{"start":{"line":251,"column":11},"end":{"line":251,"column":13}},"loc":{"start":{"line":251,"column":16},"end":{"line":253,"column":5}}},"52":{"name":"(anonymous_52)","decl":{"start":{"line":257,"column":26},"end":{"line":257,"column":78}},"loc":{"start":{"line":257,"column":80},"end":{"line":272,"column":1}}},"53":{"name":"(anonymous_53)","decl":{"start":{"line":259,"column":21},"end":{"line":259,"column":26}},"loc":{"start":{"line":259,"column":29},"end":{"line":263,"column":5}}},"54":{"name":"(anonymous_54)","decl":{"start":{"line":260,"column":21},"end":{"line":260,"column":26}},"loc":{"start":{"line":260,"column":29},"end":{"line":262,"column":7}}},"55":{"name":"(anonymous_55)","decl":{"start":{"line":261,"column":37},"end":{"line":261,"column":38}},"loc":{"start":{"line":261,"column":42},"end":{"line":261,"column":47}}},"56":{"name":"(anonymous_56)","decl":{"start":{"line":265,"column":37},"end":{"line":265,"column":38}},"loc":{"start":{"line":265,"column":42},"end":{"line":265,"column":45}}},"57":{"name":"(anonymous_57)","decl":{"start":{"line":266,"column":12},"end":{"line":266,"column":13}},"loc":{"start":{"line":266,"column":17},"end":{"line":266,"column":20}}},"58":{"name":"(anonymous_58)","decl":{"start":{"line":267,"column":12},"end":{"line":267,"column":15}},"loc":{"start":{"line":267,"column":18},"end":{"line":271,"column":3}}},"59":{"name":"(anonymous_59)","decl":{"start":{"line":268,"column":40},"end":{"line":268,"column":47}},"loc":{"start":{"line":268,"column":50},"end":{"line":270,"column":5}}},"60":{"name":"(anonymous_60)","decl":{"start":{"line":274,"column":28},"end":{"line":274,"column":80}},"loc":{"start":{"line":274,"column":82},"end":{"line":283,"column":1}}},"61":{"name":"(anonymous_61)","decl":{"start":{"line":285,"column":24},"end":{"line":285,"column":76}},"loc":{"start":{"line":285,"column":78},"end":{"line":290,"column":1}}},"62":{"name":"(anonymous_62)","decl":{"start":{"line":295,"column":15},"end":{"line":295,"column":16}},"loc":{"start":{"line":295,"column":87},"end":{"line":297,"column":1}}},"63":{"name":"(anonymous_63)","decl":{"start":{"line":300,"column":13},"end":{"line":300,"column":14}},"loc":{"start":{"line":300,"column":31},"end":{"line":303,"column":3}}},"64":{"name":"(anonymous_64)","decl":{"start":{"line":304,"column":9},"end":{"line":304,"column":10}},"loc":{"start":{"line":304,"column":81},"end":{"line":306,"column":3}}},"65":{"name":"(anonymous_65)","decl":{"start":{"line":307,"column":15},"end":{"line":307,"column":16}},"loc":{"start":{"line":307,"column":56},"end":{"line":314,"column":3}}}},"branchMap":{"0":{"loc":{"start":{"line":87,"column":6},"end":{"line":91,"column":null}},"type":"switch","locations":[{"start":{"line":88,"column":8},"end":{"line":88,"column":null}},{"start":{"line":89,"column":8},"end":{"line":89,"column":null}},{"start":{"line":90,"column":8},"end":{"line":90,"column":null}}]},"1":{"loc":{"start":{"line":174,"column":8},"end":{"line":188,"column":null}},"type":"switch","locations":[{"start":{"line":175,"column":10},"end":{"line":175,"column":21}},{"start":{"line":176,"column":10},"end":{"line":177,"column":null}},{"start":{"line":178,"column":10},"end":{"line":178,"column":26}},{"start":{"line":179,"column":10},"end":{"line":185,"column":null}},{"start":{"line":186,"column":10},"end":{"line":187,"column":null}}]},"2":{"loc":{"start":{"line":180,"column":12},"end":{"line":185,"column":null}},"type":"switch","locations":[{"start":{"line":181,"column":14},"end":{"line":182,"column":null}},{"start":{"line":183,"column":14},"end":{"line":184,"column":null}}]},"3":{"loc":{"start":{"line":302,"column":11},"end":{"line":302,"column":55}},"type":"cond-expr","locations":[{"start":{"line":302,"column":29},"end":{"line":302,"column":48}},{"start":{"line":302,"column":51},"end":{"line":302,"column":55}}]},"4":{"loc":{"start":{"line":309,"column":4},"end":{"line":313,"column":null}},"type":"if","locations":[{"start":{"line":309,"column":4},"end":{"line":313,"column":null}},{"start":{"line":311,"column":11},"end":{"line":313,"column":null}}]}},"s":{"0":1,"1":1,"2":1,"3":1,"4":1,"5":1,"6":1,"7":1,"8":1,"9":1,"10":1,"11":1,"12":1,"13":1,"14":1,"15":1,"16":1,"17":1,"18":1,"19":1,"20":24,"21":24,"22":1,"23":1600,"24":48,"25":48,"26":16,"27":1,"28":0,"29":0,"30":1,"31":1,"32":1,"33":48,"34":0,"35":48,"36":0,"37":0,"38":0,"39":0,"40":1,"41":1,"42":1,"43":1,"44":12,"45":16,"46":4,"47":1,"48":2,"49":48,"50":48,"51":1,"52":1,"53":4,"54":0,"55":1,"56":1,"57":1,"58":1,"59":1,"60":1,"61":1,"62":1,"63":1,"64":7,"65":1,"66":1,"67":1,"68":38,"69":38,"70":1,"71":1,"72":847,"73":26,"74":38,"75":17,"76":21,"77":7,"78":14,"79":0,"80":1,"81":1,"82":1,"83":3,"84":442,"85":22,"86":420,"87":1,"88":4,"89":1,"90":1,"91":2322,"92":594,"93":1850,"94":594,"95":112,"96":1,"97":1,"98":2342,"99":614,"100":1996,"101":614,"102":20,"103":166,"104":800,"105":4,"106":32,"107":4,"108":32,"109":72,"110":1,"111":1,"112":2378,"113":650,"114":2088,"115":0,"116":826,"117":1504,"118":84,"119":1,"120":1,"121":1,"122":1,"123":1,"124":1,"125":99,"126":1,"127":0,"128":0,"129":99,"130":0,"131":0,"132":0,"133":0},"f":{"0":24,"1":24,"2":1600,"3":48,"4":48,"5":16,"6":0,"7":0,"8":48,"9":0,"10":48,"11":0,"12":1,"13":12,"14":16,"15":4,"16":2,"17":48,"18":48,"19":1,"20":4,"21":0,"22":1,"23":7,"24":38,"25":38,"26":1,"27":847,"28":26,"29":38,"30":3,"31":442,"32":22,"33":420,"34":4,"35":1,"36":2322,"37":594,"38":1850,"39":112,"40":1,"41":2342,"42":614,"43":1996,"44":20,"45":166,"46":800,"47":4,"48":32,"49":4,"50":32,"51":72,"52":1,"53":2378,"54":650,"55":2088,"56":0,"57":826,"58":1504,"59":84,"60":1,"61":1,"62":99,"63":0,"64":99,"65":0},"b":{"0":[0,0,0],"1":[14,17,8,21,0],"2":[7,14],"3":[0,0],"4":[0,0]}}
,"/Users/franco/projects/dicerollerts/src/roll-result-domain.ts": {"path":"/Users/franco/projects/dicerollerts/src/roll-result-domain.ts","statementMap":{"0":{"start":{"line":3,"column":13},"end":{"line":11,"column":null}},"1":{"start":{"line":5,"column":4},"end":{"line":9,"column":null}},"2":{"start":{"line":6,"column":6},"end":{"line":6,"column":null}},"3":{"start":{"line":8,"column":6},"end":{"line":8,"column":null}}},"fnMap":{"0":{"name":"(anonymous_0)","decl":{"start":{"line":4,"column":2},"end":{"line":4,"column":11}},"loc":{"start":{"line":4,"column":31},"end":{"line":10,"column":3}}}},"branchMap":{"0":{"loc":{"start":{"line":5,"column":4},"end":{"line":9,"column":null}},"type":"if","locations":[{"start":{"line":5,"column":4},"end":{"line":9,"column":null}},{"start":{"line":7,"column":11},"end":{"line":9,"column":null}}]}},"s":{"0":2,"1":1062,"2":494,"3":568},"f":{"0":1062},"b":{"0":[494,568]}}
,"/Users/franco/projects/dicerollerts/src/roller.ts": {"path":"/Users/franco/projects/dicerollerts/src/roller.ts","statementMap":{"0":{"start":{"line":1,"column":0},"end":{"line":1,"column":153}},"1":{"start":{"line":2,"column":0},"end":{"line":2,"column":225}},"2":{"start":{"line":3,"column":0},"end":{"line":3,"column":119}},"3":{"start":{"line":4,"column":0},"end":{"line":4,"column":41}},"4":{"start":{"line":7,"column":22},"end":{"line":7,"column":24}},"5":{"start":{"line":8,"column":2},"end":{"line":13,"column":null}},"6":{"start":{"line":9,"column":14},"end":{"line":9,"column":19}},"7":{"start":{"line":10,"column":4},"end":{"line":12,"column":null}},"8":{"start":{"line":11,"column":6},"end":{"line":11,"column":null}},"9":{"start":{"line":14,"column":2},"end":{"line":14,"column":null}},"10":{"start":{"line":18,"column":2},"end":{"line":18,"column":null}},"11":{"start":{"line":22,"column":17},"end":{"line":22,"column":49}},"12":{"start":{"line":23,"column":14},"end":{"line":23,"column":43}},"13":{"start":{"line":24,"column":2},"end":{"line":28,"column":null}},"14":{"start":{"line":25,"column":4},"end":{"line":25,"column":null}},"15":{"start":{"line":27,"column":4},"end":{"line":27,"column":null}},"16":{"start":{"line":32,"column":14},"end":{"line":32,"column":54}},"17":{"start":{"line":32,"column":47},"end":{"line":32,"column":53}},"18":{"start":{"line":33,"column":2},"end":{"line":33,"column":null}},"19":{"start":{"line":33,"column":21},"end":{"line":33,"column":40}},"20":{"start":{"line":34,"column":16},"end":{"line":34,"column":45}},"21":{"start":{"line":35,"column":13},"end":{"line":35,"column":14}},"22":{"start":{"line":36,"column":13},"end":{"line":36,"column":22}},"23":{"start":{"line":37,"column":2},"end":{"line":45,"column":null}},"24":{"start":{"line":37,"column":15},"end":{"line":37,"column":16}},"25":{"start":{"line":38,"column":23},"end":{"line":38,"column":29}},"26":{"start":{"line":39,"column":4},"end":{"line":42,"column":null}},"27":{"start":{"line":40,"column":6},"end":{"line":40,"column":null}},"28":{"start":{"line":41,"column":6},"end":{"line":41,"column":null}},"29":{"start":{"line":43,"column":4},"end":{"line":43,"column":null}},"30":{"start":{"line":44,"column":4},"end":{"line":44,"column":null}},"31":{"start":{"line":44,"column":29},"end":{"line":44,"column":null}},"32":{"start":{"line":46,"column":2},"end":{"line":46,"column":null}},"33":{"start":{"line":50,"column":24},"end":{"line":50,"column":55}},"34":{"start":{"line":51,"column":25},"end":{"line":51,"column":57}},"35":{"start":{"line":52,"column":2},"end":{"line":65,"column":null}},"36":{"start":{"line":53,"column":4},"end":{"line":53,"column":null}},"37":{"start":{"line":54,"column":9},"end":{"line":65,"column":null}},"38":{"start":{"line":55,"column":4},"end":{"line":55,"column":null}},"39":{"start":{"line":57,"column":4},"end":{"line":64,"column":null}},"40":{"start":{"line":59,"column":8},"end":{"line":59,"column":null}},"41":{"start":{"line":61,"column":8},"end":{"line":61,"column":null}},"42":{"start":{"line":63,"column":8},"end":{"line":63,"column":null}},"43":{"start":{"line":70,"column":4},"end":{"line":81,"column":null}},"44":{"start":{"line":72,"column":8},"end":{"line":72,"column":null}},"45":{"start":{"line":74,"column":8},"end":{"line":74,"column":null}},"46":{"start":{"line":76,"column":8},"end":{"line":76,"column":null}},"47":{"start":{"line":78,"column":8},"end":{"line":78,"column":null}},"48":{"start":{"line":80,"column":8},"end":{"line":80,"column":null}},"49":{"start":{"line":80,"column":42},"end":{"line":80,"column":69}},"50":{"start":{"line":85,"column":4},"end":{"line":98,"column":null}},"51":{"start":{"line":87,"column":8},"end":{"line":91,"column":null}},"52":{"start":{"line":88,"column":10},"end":{"line":88,"column":null}},"53":{"start":{"line":88,"column":26},"end":{"line":88,"column":45}},"54":{"start":{"line":90,"column":10},"end":{"line":90,"column":null}},"55":{"start":{"line":90,"column":34},"end":{"line":90,"column":61}},"56":{"start":{"line":93,"column":8},"end":{"line":97,"column":null}},"57":{"start":{"line":94,"column":10},"end":{"line":94,"column":null}},"58":{"start":{"line":94,"column":34},"end":{"line":94,"column":62}},"59":{"start":{"line":96,"column":10},"end":{"line":96,"column":null}},"60":{"start":{"line":96,"column":26},"end":{"line":96,"column":44}},"61":{"start":{"line":101,"column":32},"end":{"line":101,"column":45}},"62":{"start":{"line":104,"column":4},"end":{"line":139,"column":null}},"63":{"start":{"line":105,"column":20},"end":{"line":105,"column":68}},"64":{"start":{"line":105,"column":52},"end":{"line":105,"column":67}},"65":{"start":{"line":106,"column":21},"end":{"line":106,"column":56}},"66":{"start":{"line":107,"column":6},"end":{"line":107,"column":null}},"67":{"start":{"line":108,"column":11},"end":{"line":139,"column":null}},"68":{"start":{"line":109,"column":6},"end":{"line":123,"column":null}},"69":{"start":{"line":110,"column":22},"end":{"line":110,"column":73}},"70":{"start":{"line":110,"column":55},"end":{"line":110,"column":72}},"71":{"start":{"line":111,"column":30},"end":{"line":111,"column":75}},"72":{"start":{"line":112,"column":34},"end":{"line":112,"column":71}},"73":{"start":{"line":113,"column":23},"end":{"line":113,"column":70}},"74":{"start":{"line":114,"column":8},"end":{"line":114,"column":null}},"75":{"start":{"line":115,"column":13},"end":{"line":123,"column":null}},"76":{"start":{"line":116,"column":22},"end":{"line":116,"column":75}},"77":{"start":{"line":116,"column":59},"end":{"line":116,"column":74}},"78":{"start":{"line":117,"column":30},"end":{"line":117,"column":75}},"79":{"start":{"line":118,"column":34},"end":{"line":118,"column":71}},"80":{"start":{"line":119,"column":23},"end":{"line":119,"column":70}},"81":{"start":{"line":120,"column":8},"end":{"line":120,"column":null}},"82":{"start":{"line":122,"column":8},"end":{"line":122,"column":null}},"83":{"start":{"line":124,"column":11},"end":{"line":139,"column":null}},"84":{"start":{"line":125,"column":20},"end":{"line":132,"column":8}},"85":{"start":{"line":126,"column":21},"end":{"line":126,"column":38}},"86":{"start":{"line":127,"column":8},"end":{"line":131,"column":null}},"87":{"start":{"line":128,"column":10},"end":{"line":128,"column":null}},"88":{"start":{"line":130,"column":10},"end":{"line":130,"column":null}},"89":{"start":{"line":133,"column":21},"end":{"line":133,"column":64}},"90":{"start":{"line":134,"column":30},"end":{"line":134,"column":58}},"91":{"start":{"line":135,"column":21},"end":{"line":135,"column":81}},"92":{"start":{"line":136,"column":6},"end":{"line":136,"column":null}},"93":{"start":{"line":138,"column":6},"end":{"line":138,"column":null}},"94":{"start":{"line":143,"column":4},"end":{"line":172,"column":null}},"95":{"start":{"line":144,"column":6},"end":{"line":144,"column":null}},"96":{"start":{"line":145,"column":11},"end":{"line":172,"column":null}},"97":{"start":{"line":146,"column":6},"end":{"line":146,"column":null}},"98":{"start":{"line":147,"column":11},"end":{"line":172,"column":null}},"99":{"start":{"line":148,"column":6},"end":{"line":148,"column":null}},"100":{"start":{"line":149,"column":11},"end":{"line":172,"column":null}},"101":{"start":{"line":150,"column":19},"end":{"line":150,"column":39}},"102":{"start":{"line":151,"column":20},"end":{"line":151,"column":41}},"103":{"start":{"line":152,"column":6},"end":{"line":162,"column":null}},"104":{"start":{"line":153,"column":8},"end":{"line":153,"column":null}},"105":{"start":{"line":154,"column":13},"end":{"line":162,"column":null}},"106":{"start":{"line":155,"column":8},"end":{"line":155,"column":null}},"107":{"start":{"line":156,"column":13},"end":{"line":162,"column":null}},"108":{"start":{"line":157,"column":8},"end":{"line":157,"column":null}},"109":{"start":{"line":158,"column":13},"end":{"line":162,"column":null}},"110":{"start":{"line":159,"column":8},"end":{"line":159,"column":null}},"111":{"start":{"line":161,"column":8},"end":{"line":161,"column":null}},"112":{"start":{"line":163,"column":11},"end":{"line":172,"column":null}},"113":{"start":{"line":164,"column":20},"end":{"line":164,"column":40}},"114":{"start":{"line":165,"column":6},"end":{"line":169,"column":null}},"115":{"start":{"line":166,"column":8},"end":{"line":166,"column":null}},"116":{"start":{"line":168,"column":8},"end":{"line":168,"column":null}},"117":{"start":{"line":171,"column":6},"end":{"line":171,"column":null}},"118":{"start":{"line":176,"column":4},"end":{"line":178,"column":null}},"119":{"start":{"line":177,"column":6},"end":{"line":177,"column":null}},"120":{"start":{"line":177,"column":31},"end":{"line":177,"column":96}},"121":{"start":{"line":179,"column":18},"end":{"line":179,"column":31}},"122":{"start":{"line":180,"column":4},"end":{"line":193,"column":null}},"123":{"start":{"line":182,"column":8},"end":{"line":186,"column":null}},"124":{"start":{"line":183,"column":10},"end":{"line":183,"column":null}},"125":{"start":{"line":183,"column":35},"end":{"line":183,"column":76}},"126":{"start":{"line":185,"column":10},"end":{"line":185,"column":null}},"127":{"start":{"line":185,"column":35},"end":{"line":185,"column":85}},"128":{"start":{"line":188,"column":8},"end":{"line":192,"column":null}},"129":{"start":{"line":189,"column":10},"end":{"line":189,"column":null}},"130":{"start":{"line":189,"column":35},"end":{"line":189,"column":75}},"131":{"start":{"line":191,"column":10},"end":{"line":191,"column":null}},"132":{"start":{"line":191,"column":35},"end":{"line":191,"column":84}},"133":{"start":{"line":197,"column":16},"end":{"line":197,"column":55}},"134":{"start":{"line":198,"column":26},"end":{"line":198,"column":96}},"135":{"start":{"line":199,"column":17},"end":{"line":199,"column":76}},"136":{"start":{"line":200,"column":4},"end":{"line":204,"column":null}},"137":{"start":{"line":200,"column":17},"end":{"line":200,"column":18}},"138":{"start":{"line":201,"column":6},"end":{"line":201,"column":null}},"139":{"start":{"line":201,"column":30},"end":{"line":201,"column":35}},"140":{"start":{"line":202,"column":6},"end":{"line":202,"column":null}},"141":{"start":{"line":203,"column":6},"end":{"line":203,"column":null}},"142":{"start":{"line":205,"column":4},"end":{"line":209,"column":null}},"143":{"start":{"line":206,"column":6},"end":{"line":206,"column":null}},"144":{"start":{"line":208,"column":6},"end":{"line":208,"column":null}},"145":{"start":{"line":213,"column":16},"end":{"line":213,"column":50}},"146":{"start":{"line":214,"column":4},"end":{"line":214,"column":null}},"147":{"start":{"line":218,"column":16},"end":{"line":218,"column":50}},"148":{"start":{"line":219,"column":4},"end":{"line":219,"column":null}},"149":{"start":{"line":223,"column":16},"end":{"line":223,"column":22}},"150":{"start":{"line":224,"column":15},"end":{"line":224,"column":19}},"151":{"start":{"line":225,"column":4},"end":{"line":229,"column":null}},"152":{"start":{"line":226,"column":6},"end":{"line":226,"column":null}},"153":{"start":{"line":227,"column":6},"end":{"line":227,"column":null}},"154":{"start":{"line":228,"column":6},"end":{"line":228,"column":null}},"155":{"start":{"line":230,"column":4},"end":{"line":230,"column":null}},"156":{"start":{"line":234,"column":4},"end":{"line":241,"column":null}},"157":{"start":{"line":235,"column":6},"end":{"line":240,"column":null}},"158":{"start":{"line":236,"column":23},"end":{"line":236,"column":null}},"159":{"start":{"line":237,"column":25},"end":{"line":237,"column":null}},"160":{"start":{"line":238,"column":25},"end":{"line":238,"column":null}},"161":{"start":{"line":239,"column":17},"end":{"line":239,"column":null}},"162":{"start":{"line":245,"column":19},"end":{"line":247,"column":6}},"163":{"start":{"line":246,"column":6},"end":{"line":246,"column":null}},"164":{"start":{"line":248,"column":14},"end":{"line":248,"column":36}},"165":{"start":{"line":249,"column":4},"end":{"line":255,"column":null}},"166":{"start":{"line":250,"column":6},"end":{"line":254,"column":null}},"167":{"start":{"line":251,"column":8},"end":{"line":251,"column":null}},"168":{"start":{"line":253,"column":8},"end":{"line":253,"column":null}},"169":{"start":{"line":259,"column":4},"end":{"line":265,"column":null}},"170":{"start":{"line":260,"column":6},"end":{"line":264,"column":null}},"171":{"start":{"line":261,"column":8},"end":{"line":261,"column":null}},"172":{"start":{"line":263,"column":8},"end":{"line":263,"column":null}},"173":{"start":{"line":269,"column":4},"end":{"line":269,"column":null}},"174":{"start":{"line":273,"column":4},"end":{"line":279,"column":null}},"175":{"start":{"line":274,"column":22},"e
[...]
line":33,"column":12}},"loc":{"start":{"line":33,"column":21},"end":{"line":33,"column":40}}},"6":{"name":"pickFurthest","decl":{"start":{"line":49,"column":9},"end":{"line":49,"column":21}},"loc":{"start":{"line":49,"column":114},"end":{"line":66,"column":1}}},"7":{"name":"(anonymous_7)","decl":{"start":{"line":69,"column":2},"end":{"line":69,"column":8}},"loc":{"start":{"line":69,"column":44},"end":{"line":82,"column":3}}},"8":{"name":"(anonymous_8)","decl":{"start":{"line":80,"column":33},"end":{"line":80,"column":38}},"loc":{"start":{"line":80,"column":42},"end":{"line":80,"column":69}}},"9":{"name":"(anonymous_9)","decl":{"start":{"line":84,"column":2},"end":{"line":84,"column":8}},"loc":{"start":{"line":84,"column":36},"end":{"line":99,"column":3}}},"10":{"name":"(anonymous_10)","decl":{"start":{"line":88,"column":17},"end":{"line":88,"column":18}},"loc":{"start":{"line":88,"column":26},"end":{"line":88,"column":45}}},"11":{"name":"(anonymous_11)","decl":{"start":{"line":90,"column":17},"end":{"line":90,"column":18}},"loc":{"start":{"line":90,"column":34},"end":{"line":90,"column":61}}},"12":{"name":"(anonymous_12)","decl":{"start":{"line":94,"column":17},"end":{"line":94,"column":18}},"loc":{"start":{"line":94,"column":34},"end":{"line":94,"column":62}}},"13":{"name":"(anonymous_13)","decl":{"start":{"line":96,"column":17},"end":{"line":96,"column":18}},"loc":{"start":{"line":96,"column":26},"end":{"line":96,"column":44}}},"14":{"name":"(anonymous_14)","decl":{"start":{"line":101,"column":2},"end":{"line":101,"column":32}},"loc":{"start":{"line":101,"column":45},"end":{"line":101,"column":50}}},"15":{"name":"(anonymous_15)","decl":{"start":{"line":103,"column":10},"end":{"line":103,"column":24}},"loc":{"start":{"line":103,"column":40},"end":{"line":140,"column":3}}},"16":{"name":"(anonymous_16)","decl":{"start":{"line":105,"column":44},"end":{"line":105,"column":48}},"loc":{"start":{"line":105,"column":52},"end":{"line":105,"column":67}}},"17":{"name":"(anonymous_17)","decl":{"start":{"line":110,"column":50},"end":{"line":110,"column":51}},"loc":{"start":{"line":110,"column":55},"end":{"line":110,"column":72}}},"18":{"name":"(anonymous_18)","decl":{"start":{"line":116,"column":51},"end":{"line":116,"column":55}},"loc":{"start":{"line":116,"column":59},"end":{"line":116,"column":74}}},"19":{"name":"(anonymous_19)","decl":{"start":{"line":125,"column":43},"end":{"line":125,"column":44}},"loc":{"start":{"line":125,"column":47},"end":{"line":132,"column":7}}},"20":{"name":"(anonymous_20)","decl":{"start":{"line":142,"column":2},"end":{"line":142,"column":6}},"loc":{"start":{"line":142,"column":28},"end":{"line":173,"column":3}}},"21":{"name":"(anonymous_21)","decl":{"start":{"line":175,"column":2},"end":{"line":175,"column":10}},"loc":{"start":{"line":175,"column":52},"end":{"line":194,"column":3}}},"22":{"name":"(anonymous_22)","decl":{"start":{"line":177,"column":23},"end":{"line":177,"column":27}},"loc":{"start":{"line":177,"column":31},"end":{"line":177,"column":96}}},"23":{"name":"(anonymous_23)","decl":{"start":{"line":183,"column":27},"end":{"line":183,"column":31}},"loc":{"start":{"line":183,"column":35},"end":{"line":183,"column":76}}},"24":{"name":"(anonymous_24)","decl":{"start":{"line":185,"column":27},"end":{"line":185,"column":31}},"loc":{"start":{"line":185,"column":35},"end":{"line":185,"column":85}}},"25":{"name":"(anonymous_25)","decl":{"start":{"line":189,"column":27},"end":{"line":189,"column":31}},"loc":{"start":{"line":189,"column":35},"end":{"line":189,"column":75}}},"26":{"name":"(anonymous_26)","decl":{"start":{"line":191,"column":27},"end":{"line":191,"column":31}},"loc":{"start":{"line":191,"column":35},"end":{"line":191,"column":84}}},"27":{"name":"(anonymous_27)","decl":{"start":{"line":196,"column":2},"end":{"line":196,"column":14}},"loc":{"start":{"line":196,"column":104},"end":{"line":210,"column":3}}},"28":{"name":"(anonymous_28)","decl":{"start":{"line":212,"column":2},"end":{"line":212,"column":13}},"loc":{"start":{"line":212,"column":59},"end":{"line":215,"column":3}}},"29":{"name":"(anonymous_29)","decl":{"start":{"line":217,"column":2},"end":{"line":217,"column":12}},"loc":{"start":{"line":217,"column":58},"end":{"line":220,"column":3}}},"30":{"name":"(anonymous_30)","decl":{"start":{"line":222,"column":2},"end":{"line":222,"column":11}},"loc":{"start":{"line":222,"column":57},"end":{"line":231,"column":3}}},"31":{"name":"(anonymous_31)","decl":{"start":{"line":233,"column":2},"end":{"line":233,"column":17}},"loc":{"start":{"line":233,"column":44},"end":{"line":242,"column":3}}},"32":{"name":"(anonymous_32)","decl":{"start":{"line":234,"column":25},"end":{"line":234,"column":29}},"loc":{"start":{"line":234,"column":32},"end":{"line":241,"column":5}}},"33":{"name":"(anonymous_33)","decl":{"start":{"line":244,"column":2},"end":{"line":244,"column":13}},"loc":{"start":{"line":244,"column":54},"end":{"line":256,"column":3}}},"34":{"name":"(anonymous_34)","decl":{"start":{"line":245,"column":31},"end":{"line":245,"column":32}},"loc":{"start":{"line":245,"column":40},"end":{"line":247,"column":5}}},"35":{"name":"(anonymous_35)","decl":{"start":{"line":249,"column":21},"end":{"line":249,"column":22}},"loc":{"start":{"line":249,"column":33},"end":{"line":255,"column":5}}},"36":{"name":"(anonymous_36)","decl":{"start":{"line":258,"column":2},"end":{"line":258,"column":19}},"loc":{"start":{"line":258,"column":45},"end":{"line":266,"column":3}}},"37":{"name":"(anonymous_37)","decl":{"start":{"line":259,"column":29},"end":{"line":259,"column":30}},"loc":{"start":{"line":259,"column":38},"end":{"line":265,"column":5}}},"38":{"name":"(anonymous_38)","decl":{"start":{"line":268,"column":2},"end":{"line":268,"column":13}},"loc":{"start":{"line":268,"column":56},"end":{"line":270,"column":3}}},"39":{"name":"(anonymous_39)","decl":{"start":{"line":272,"column":2},"end":{"line":272,"column":15}},"loc":{"start":{"line":272,"column":56},"end":{"line":280,"column":3}}},"40":{"name":"(anonymous_40)","decl":{"start":{"line":274,"column":55},"end":{"line":274,"column":56}},"loc":{"start":{"line":274,"column":65},"end":{"line":274,"column":70}}},"41":{"name":"(anonymous_41)","decl":{"start":{"line":276,"column":40},"end":{"line":276,"column":41}},"loc":{"start":{"line":276,"column":50},"end":{"line":276,"column":55}}},"42":{"name":"(anonymous_42)","decl":{"start":{"line":282,"column":2},"end":{"line":282,"column":16}},"loc":{"start":{"line":282,"column":37},"end":{"line":284,"column":3}}}},"branchMap":{"0":{"loc":{"start":{"line":10,"column":4},"end":{"line":12,"column":null}},"type":"if","locations":[{"start":{"line":10,"column":4},"end":{"line":12,"column":null}}]},"1":{"loc":{"start":{"line":24,"column":2},"end":{"line":28,"column":null}},"type":"if","locations":[{"start":{"line":24,"column":2},"end":{"line":28,"column":null}},{"start":{"line":26,"column":9},"end":{"line":28,"column":null}}]},"2":{"loc":{"start":{"line":31,"column":63},"end":{"line":31,"column":89}},"type":"default-arg","locations":[{"start":{"line":31,"column":85},"end":{"line":31,"column":89}}]},"3":{"loc":{"start":{"line":39,"column":4},"end":{"line":42,"column":null}},"type":"if","locations":[{"start":{"line":39,"column":4},"end":{"line":42,"column":null}}]},"4":{"loc":{"start":{"line":44,"column":4},"end":{"line":44,"column":null}},"type":"if","locations":[{"start":{"line":44,"column":4},"end":{"line":44,"column":null}}]},"5":{"loc":{"start":{"line":52,"column":2},"end":{"line":65,"column":null}},"type":"if","locations":[{"start":{"line":52,"column":2},"end":{"line":65,"column":null}},{"start":{"line":54,"column":9},"end":{"line":65,"column":null}}]},"6":{"loc":{"start":{"line":54,"column":9},"end":{"line":65,"column":null}},"type":"if","locations":[{"start":{"line":54,"column":9},"end":{"line":65,"column":null}},{"start":{"line":56,"column":9},"end":{"line":65,"column":null}}]},"7":{"loc":{"start":{"line":57,"column":4},"end":{"line":64,"column":null}},"type":"switch","locations":[{"start":{"line":58,"column":6},"end":{"line":59,"column":null}},{"start":{"line":60,"column":6},"end":{"line":61,"column":null}},{"start":{"line":62,"column":6},"end":{"line":63,"column":null}}]},"8":{"loc":{"start":{"line":59,"column":15},"end":{"line":59,"column":50}},"type":"cond-expr","locations":[{"start":{"line":59,"column":32},"end":{"line":59,"column":39}},{"start":{"line":59,"column":42},"end":{"line":59,"column":50}}]},"9":{"loc":{"start":{"line":61,"column":15},"end":{"line":61,"column":50}},"type":"cond-expr","locations":[{"start":{"line":61,"column":32},"end":{"line":61,"column":39}},{"start":{"line":61,"column":42},"end":{"line":61,"column":50}}]},"10":{"loc":{"start":{"line":70,"column":4},"end":{"line":81,"column":null}},"type":"switch","locations":[{"start":{"line":71,"column":6},"end":{"line":72,"column":null}},{"start":{"line":73,"column":6},"end":{"line":74,"column":null}},{"start":{"line":75,"column":6},"end":{"line":76,"column":null}},{"start":{"line":77,"column":6},"end":{"line":78,"column":null}},{"start":{"line":79,"column":6},"end":{"line":80,"column":null}}]},"11":{"loc":{"start":{"line":74,"column":15},"end":{"line":74,"column":103}},"type":"binary-expr","locations":[{"start":{"line":74,"column":15},"end":{"line":74,"column":57}},{"start":{"line":74,"column":61},"end":{"line":74,"column":103}}]},"12":{"loc":{"start":{"line":85,"column":4},"end":{"line":98,"column":null}},"type":"switch","locations":[{"start":{"line":86,"column":6},"end":{"line":91,"column":null}},{"start":{"line":92,"column":6},"end":{"line":97,"column":null}}]},"13":{"loc":{"start":{"line":87,"column":8},"end":{"line":91,"column":null}},"type":"if","locations":[{"start":{"line":87,"column":8},"end":{"line":91,"column":null}},{"start":{"line":89,"column":15},"end":{"line":91,"column":null}}]},"14":{"loc":{"start":{"line":93,"column":8},"end":{"line":97,"column":null}},"type":"if","locations":[{"start":{"line":93,"column":8},"end":{"line":97,"column":null}},{"start":{"line":95,"column":15},"end":{"line":97,"column":null}}]},"15":{"loc":{"start":{"line":104,"column":4},"end":{"line":139,"column":null}},"type":"if","locations":[{"start":{"line":104,"column":4},"end":{"line":139,"column":null}},{"start":{"line":108,"column":11},"end":{"line":139,"column":null}}]},"16":{"loc":{"start":{"line":108,"column":11},"end":{"line":139,"column":null}},"type":"if","locations":[{"start":{"line":108,"column":11},"end":{"line":139,"column":null}},{"start":{"line":124,"column":11},"end":{"line":139,"column":null}}]},"17":{"loc":{"start":{"line":109,"column":6},"end":{"line":123,"column":null}},"type":"if","locations":[{"start":{"line":109,"column":6},"end":{"line":123,"column":null}},{"start":{"line":115,"column":13},"end":{"line":123,"column":null}}]},"18":{"loc":{"start":{"line":115,"column":13},"end":{"line":123,"column":null}},"type":"if","locations":[{"start":{"line":115,"column":13},"end":{"line":123,"column":null}},{"start":{"line":121,"column":13},"end":{"line":123,"column":null}}]},"19":{"loc":{"start":{"line":124,"column":11},"end":{"line":139,"column":null}},"type":"if","locations":[{"start":{"line":124,"column":11},"end":{"line":139,"column":null}},{"start":{"line":137,"column":11},"end":{"line":139,"column":null}}]},"20":{"loc":{"start":{"line":127,"column":8},"end":{"line":131,"column":null}},"type":"if","locations":[{"start":{"line":127,"column":8},"end":{"line":131,"column":null}},{"start":{"line":129,"column":15},"end":{"line":131,"column":null}}]},"21":{"loc":{"start":{"line":143,"column":4},"end":{"line":172,"column":null}},"type":"if","locations":[{"start":{"line":143,"column":4},"end":{"line":172,"column":null}},{"start":{"line":145,"column":11},"end":{"line":172,"column":null}}]},"22":{"loc":{"start":{"line":145,"column":11},"end":{"line":172,"column":null}},"type":"if","locations":[{"start":{"line":145,"column":11},"end":{"line":172,"column":null}},{"start":{"line":147,"column":11},"end":{"line":172,"column":null}}]},"23":{"loc":{"start":{"line":147,"column":11},"end":{"line":172,"column":null}},"type":"if","locations":[{"start":{"line":147,"column":11},"end":{"line":172,"column":null}},{"start":{"line":149,"column":11},"end":{"line":172,"column":null}}]},"24":{"loc":{"start":{"line":149,"column":11},"end":{"line":172,"column":null}},"type":"if","locations":[{"start":{"line":149,"column":11},"end":{"line":172,"column":null}},{"start":{"line":163,"column":11},"end":{"line":172,"column":null}}]},"25":{"loc":{"start":{"line":152,"column":6},"end":{"line":162,"column":null}},"type":"if","locations":[{"start":{"line":152,"column":6},"end":{"line":162,"column":null}},{"start":{"line":154,"column":13},"end":{"line":162,"column":null}}]},"26":{"loc":{"start":{"line":154,"column":13},"end":{"line":162,"column":null}},"type":"if","locations":[{"start":{"line":154,"column":13},"end":{"line":162,"column":null}},{"start":{"line":156,"column":13},"end":{"line":162,"column":null}}]},"27":{"loc":{"start":{"line":156,"column":13},"end":{"line":162,"column":null}},"type":"if","locations":[{"start":{"line":156,"column":13},"end":{"line":162,"column":null}},{"start":{"line":158,"column":13},"end":{"line":162,"column":null}}]},"28":{"loc":{"start":{"line":158,"column":13},"end":{"line":162,"column":null}},"type":"if","locations":[{"start":{"line":158,"column":13},"end":{"line":162,"column":null}},{"start":{"line":160,"column":13},"end":{"line":162,"column":null}}]},"29":{"loc":{"start":{"line":163,"column":11},"end":{"line":172,"column":null}},"type":"if","locations":[{"start":{"line":163,"column":11},"end":{"line":172,"column":null}},{"start":{"line":170,"column":11},"end":{"line":172,"column":null}}]},"30":{"loc":{"start":{"line":165,"column":6},"end":{"line":169,"column":null}},"type":"if","locations":[{"start":{"line":165,"column":6},"end":{"line":169,"column":null}},{"start":{"line":167,"column":13},"end":{"line":169,"column":null}}]},"31":{"loc":{"start":{"line":176,"column":4},"end":{"line":178,"column":null}},"type":"if","locations":[{"start":{"line":176,"column":4},"end":{"line":178,"column":null}}]},"32":{"loc":{"start":{"line":180,"column":4},"end":{"line":193,"column":null}},"type":"switch","locations":[{"start":{"line":181,"column":6},"end":{"line":186,"column":null}},{"start":{"line":187,"column":6},"end":{"line":192,"column":null}}]},"33":{"loc":{"start":{"line":182,"column":8},"end":{"line":186,"column":null}},"type":"if","locations":[{"start":{"line":182,"column":8},"end":{"line":186,"column":null}},{"start":{"line":184,"column":15},"end":{"line":186,"column":null}}]},"34":{"loc":{"start":{"line":188,"column":8},"end":{"line":192,"column":null}},"type":"if","locations":[{"start":{"line":188,"column":8},"end":{"line":192,"column":null}},{"start":{"line":190,"column":15},"end":{"line":192,"column":null}}]},"35":{"loc":{"start":{"line":198,"column":26},"end":{"line":198,"column":96}},"type":"cond-expr","locations":[{"start":{"line":198,"column":55},"end":{"line":198,"column":81}},{"start":{"line":198,"column":84},"end":{"line":198,"column":96}}]},"36":{"loc":{"start":{"line":201,"column":6},"end":{"line":201,"column":null}},"type":"if","locations":[{"start":{"line":201,"column":6},"end":{"line":201,"column":null}}]},"37":{"loc":{"start":{"line":205,"column":4},"end":{"line":209,"column":null}},"type":"if","locations":[{"start":{"line":205,"column":4},"end":{"line":209,"column":null}},{"start":{"line":207,"column":11},"end":{"line":209,"column":null}}]},"38":{"loc":{"start":{"line":214,"column":11},"end":{"line":214,"column":60}},"type":"cond-expr","locations":[{"start":{"line":214,"column":30},"end":{"line":214,"column":44}},{"start":{"line":214,"column":47},"end":{"line":214,"column":60}}]},"39":{"loc":{"start":{"line":219,"column":11},"end":{"line":219,"column":60}},"type":"cond-expr","locations":[{"start":{"line":219,"column":30},"end":{"line":219,"column":44}},{"start":{"line":219,"column":47},"end":{"line":219,"column":60}}]},"40":{"loc":{"start":{"line":225,"column":11},"end":{"line":225,"column":63}},"type":"binary-expr","locations":[{"start":{"line":225,"column":11},"end":{"line":225,"column":22}},{"start":{"line":225,"column":26},"end":{"line":225,"column":63}}]},"41":{"loc":{"start":{"line":235,"column":6},"end":{"line":240,"column":null}},"type":"switch","locations":[{"start":{"line":236,"column":8},"end":{"line":236,"column":null}},{"start":{"line":237,"column":8},"end":{"line":237,"column":null}},{"start":{"line":238,"column":8},"end":{"line":238,"column":null}},{"start":{"line":239,"column":8},"end":{"line":239,"column":null}}]},"42":{"loc":{"start":{"line":250,"column":6},"end":{"line":254,"column":null}},"type":"if","locations":[{"start":{"line":250,"column":6},"end":{"line":254,"column":null}},{"start":{"line":252,"column":13},"end":{"line":254,"column":null}}]},"43":{"loc":{"start":{"line":260,"column":6},"end":{"line":264,"column":null}},"type":"if","locations":[{"start":{"line":260,"column":6},"end":{"line":264,"column":null}},{"start":{"line":262,"column":13},"end":{"line":264,"column":null}}]},"44":{"loc":{"start":{"line":273,"column":4},"end":{"line":279,"column":null}},"type":"switch","locations":[{"start":{"line":274,"column":6},"end":{"line":274,"column":null}},{"start":{"line":275,"column":6},"end":{"line":275,"column":null}},{"start":{"line":276,"column":6},"end":{"line":276,"column":null}},{"start":{"line":277,"column":6},"end":{"line":277,"column":null}},{"start":{"line":278,"column":6},"end":{"line":278,"column":null}}]}},"s":{"0":2,"1":2,"2":2,"3":2,"4":24,"5":24,"6":80,"7":80,"8":43,"9":24,"10":252,"11":0,"12":0,"13":0,"14":0,"15":0,"16":24,"17":80,"18":24,"19":56,"20":24,"21":24,"22":24,"23":24,"24":24,"25":80,"26":80,"27":40,"28":40,"29":80,"30":80,"31":80,"32":24,"33":612,"34":612,"35":612,"36":0,"37":612,"38":0,"39":612,"40":3,"41":3,"42":606,"43":116,"44":86,"45":0,"46":30,"47":0,"48":0,"49":0,"50":24,"51":14,"52":11,"53":37,"54":3,"55":9,"56":10,"57":7,"58":25,"59":3,"60":9,"61":203,"62":177,"63":107,"64":350,"65":107,"66":107,"67":70,"68":24,"69":4,"70":20,"71":4,"72":4,"73":4,"74":4,"75":20,"76":20,"77":60,"78":20,"79":20,"80":20,"81":20,"82":0,"83":46,"84":46,"85":98,"86":98,"87":98,"88":0,"89":46,"90":46,"91":46,"92":46,"93":0,"94":843,"95":408,"96":435,"97":196,"98":239,"99":177,"100":62,"101":50,"102":50,"103":50,"104":27,"105":23,"106":3,"107":20,"108":13,"109":7,"110":7,"111":0,"112":12,"113":12,"114":12,"115":12,"116":0,"117":0,"118":46,"119":12,"120":12,"121":34,"122":34,"123":20,"124":6,"125":18,"126":14,"127":34,"128":14,"129":0,"130":0,"131":14,"132":34,"133":12,"134":12,"135":12,"136":12,"137":12,"138":606,"139":6,"140":600,"141":600,"142":12,"143":0,"144":12,"145":52,"146":52,"147":34,"148":34,"149":86,"150":86,"151":86,"152":58,"153":58,"154":58,"155":86,"156":46,"157":98,"158":70,"159":15,"160":13,"161":0,"162":24,"163":136,"164":24,"165":24,"166":80,"167":43,"168":37,"169":24,"170":80,"171":43,"172":37,"173":177,"174":177,"175":10,"176":28,"177":0,"178":149,"179":381,"180":9,"181":9,"182":177,"183":2},"f":{"0":24,"1":252,"2":0,"3":24,"4":80,"5":56,"6":612,"7":116,"8":0,"9":24,"10":37,"11":9,"12":25,"13":9,"14":203,"15":177,"16":350,"17":20,"18":60,"19":98,"20":843,"21":46,"22":12,"23":18,"24":34,"25":0,"26":34,"27":12,"28":52,"29":34,"30":86,"31":46,"32":98,"33":24,"34":136,"35":80,"36":24,"37":80,"38":177,"39":177,"40":28,"41":381,"42":177},"b":{"0":[43],"1":[0,0],"2":[24],"3":[40],"4":[80],"5":[0,612],"6":[0,612],"7":[3,3,606],"8":[0,3],"9":[0,3],"10":[86,0,30,0,0],"11":[0,0],"12":[14,10],"13":[11,3],"14":[7,3],"15":[107,70],"16":[24,46],"17":[4,20],"18":[20,0],"19":[46,0],"20":[98,0],"21":[408,435],"22":[196,239],"23":[177,62],"24":[50,12],"25":[27,23],"26":[3,20],"27":[13,7],"28":[7,0],"29":[12,0],"30":[12,0],"31":[12],"32":[20,14],"33":[6,14],"34":[0,14],"35":[8,4],"36":[6],"37":[0,12],"38":[39,13],"39":[19,15],"40":[144,116],"41":[70,15,13,0],"42":[43,37],"43":[43,37],"44":[10,0,149,9,9]}}
}
