{"/Users/franco/projects/dicerollerts/src/roller.ts": {"path":"/Users/franco/projects/dicerollerts/src/roller.ts","statementMap":{"0":{"start":{"line":1,"column":0},"end":{"line":1,"column":153}},"1":{"start":{"line":2,"column":0},"end":{"line":2,"column":225}},"2":{"start":{"line":3,"column":0},"end":{"line":3,"column":119}},"3":{"start":{"line":4,"column":0},"end":{"line":4,"column":41}},"4":{"start":{"line":7,"column":22},"end":{"line":7,"column":24}},"5":{"start":{"line":8,"column":2},"end":{"line":13,"column":null}},"6":{"start":{"line":9,"column":14},"end":{"line":9,"column":19}},"7":{"start":{"line":10,"column":4},"end":{"line":12,"column":null}},"8":{"start":{"line":11,"column":6},"end":{"line":11,"column":null}},"9":{"start":{"line":14,"column":2},"end":{"line":14,"column":null}},"10":{"start":{"line":18,"column":2},"end":{"line":18,"column":null}},"11":{"start":{"line":22,"column":17},"end":{"line":22,"column":49}},"12":{"start":{"line":23,"column":14},"end":{"line":23,"column":43}},"13":{"start":{"line":24,"column":2},"end":{"line":28,"column":null}},"14":{"start":{"line":25,"column":4},"end":{"line":25,"column":null}},"15":{"start":{"line":27,"column":4},"end":{"line":27,"column":null}},"16":{"start":{"line":32,"column":14},"end":{"line":32,"column":54}},"17":{"start":{"line":32,"column":47},"end":{"line":32,"column":53}},"18":{"start":{"line":33,"column":2},"end":{"line":33,"column":null}},"19":{"start":{"line":33,"column":21},"end":{"line":33,"column":40}},"20":{"start":{"line":34,"column":16},"end":{"line":34,"column":45}},"21":{"start":{"line":35,"column":13},"end":{"line":35,"column":14}},"22":{"start":{"line":36,"column":13},"end":{"line":36,"column":22}},"23":{"start":{"line":37,"column":2},"end":{"line":45,"column":null}},"24":{"start":{"line":37,"column":15},"end":{"line":37,"column":16}},"25":{"start":{"line":38,"column":23},"end":{"line":38,"column":29}},"26":{"start":{"line":39,"column":4},"end":{"line":42,"column":null}},"27":{"start":{"line":40,"column":6},"end":{"line":40,"column":null}},"28":{"start":{"line":41,"column":6},"end":{"line":41,"column":null}},"29":{"start":{"line":43,"column":4},"end":{"line":43,"column":null}},"30":{"start":{"line":44,"column":4},"end":{"line":44,"column":null}},"31":{"start":{"line":44,"column":29},"end":{"line":44,"column":null}},"32":{"start":{"line":46,"column":2},"end":{"line":46,"column":null}},"33":{"start":{"line":50,"column":24},"end":{"line":50,"column":55}},"34":{"start":{"line":51,"column":25},"end":{"line":51,"column":57}},"35":{"start":{"line":52,"column":2},"end":{"line":65,"column":null}},"36":{"start":{"line":53,"column":4},"end":{"line":53,"column":null}},"37":{"start":{"line":54,"column":9},"end":{"line":65,"column":null}},"38":{"start":{"line":55,"column":4},"end":{"line":55,"column":null}},"39":{"start":{"line":57,"column":4},"end":{"line":64,"column":null}},"40":{"start":{"line":59,"column":8},"end":{"line":59,"column":null}},"41":{"start":{"line":61,"column":8},"end":{"line":61,"column":null}},"42":{"start":{"line":63,"column":8},"end":{"line":63,"column":null}},"43":{"start":{"line":70,"column":4},"end":{"line":81,"column":null}},"44":{"start":{"line":72,"column":8},"end":{"line":72,"column":null}},"45":{"start":{"line":74,"column":8},"end":{"line":74,"column":null}},"46":{"start":{"line":76,"column":8},"end":{"line":76,"column":null}},"47":{"start":{"line":78,"column":8},"end":{"line":78,"column":null}},"48":{"start":{"line":80,"column":8},"end":{"line":80,"column":null}},"49":{"start":{"line":80,"column":42},"end":{"line":80,"column":69}},"50":{"start":{"line":85,"column":4},"end":{"line":98,"column":null}},"51":{"start":{"line":87,"column":8},"end":{"line":91,"column":null}},"52":{"start":{"line":88,"column":10},"end":{"line":88,"column":null}},"53":{"start":{"line":88,"column":26},"end":{"line":88,"column":45}},"54":{"start":{"line":90,"column":10},"end":{"line":90,"column":null}},"55":{"start":{"line":90,"column":34},"end":{"line":90,"column":61}},"56":{"start":{"line":93,"column":8},"end":{"line":97,"column":null}},"57":{"start":{"line":94,"column":10},"end":{"line":94,"column":null}},"58":{"start":{"line":94,"column":34},"end":{"line":94,"column":62}},"59":{"start":{"line":96,"column":10},"end":{"line":96,"column":null}},"60":{"start":{"line":96,"column":26},"end":{"line":96,"column":44}},"61":{"start":{"line":101,"column":32},"end":{"line":101,"column":45}},"62":{"start":{"line":104,"column":4},"end":{"line":139,"column":null}},"63":{"start":{"line":105,"column":20},"end":{"line":105,"column":68}},"64":{"start":{"line":105,"column":52},"end":{"line":105,"column":67}},"65":{"start":{"line":106,"column":21},"end":{"line":106,"column":56}},"66":{"start":{"line":107,"column":6},"end":{"line":107,"column":null}},"67":{"start":{"line":108,"column":11},"end":{"line":139,"column":null}},"68":{"start":{"line":109,"column":6},"end":{"line":123,"column":null}},"69":{"start":{"line":110,"column":22},"end":{"line":110,"column":73}},"70":{"start":{"line":110,"column":55},"end":{"line":110,"column":72}},"71":{"start":{"line":111,"column":30},"end":{"line":111,"column":75}},"72":{"start":{"line":112,"column":34},"end":{"line":112,"column":71}},"73":{"start":{"line":113,"column":23},"end":{"line":113,"column":70}},"74":{"start":{"line":114,"column":8},"end":{"line":114,"column":null}},"75":{"start":{"line":115,"column":13},"end":{"line":123,"column":null}},"76":{"start":{"line":116,"column":22},"end":{"line":116,"column":75}},"77":{"start":{"line":116,"column":59},"end":{"line":116,"column":74}},"78":{"start":{"line":117,"column":30},"end":{"line":117,"column":75}},"79":{"start":{"line":118,"column":34},"end":{"line":118,"column":71}},"80":{"start":{"line":119,"column":23},"end":{"line":119,"column":70}},"81":{"start":{"line":120,"column":8},"end":{"line":120,"column":null}},"82":{"start":{"line":122,"column":8},"end":{"line":122,"column":null}},"83":{"start":{"line":124,"column":11},"end":{"line":139,"column":null}},"84":{"start":{"line":125,"column":20},"end":{"line":132,"column":8}},"85":{"start":{"line":126,"column":21},"end":{"line":126,"column":38}},"86":{"start":{"line":127,"column":8},"end":{"line":131,"column":null}},"87":{"start":{"line":128,"column":10},"end":{"line":128,"column":null}},"88":{"start":{"line":130,"column":10},"end":{"line":130,"column":null}},"89":{"start":{"line":133,"column":21},"end":{"line":133,"column":64}},"90":{"start":{"line":134,"column":30},"end":{"line":134,"column":58}},"91":{"start":{"line":135,"column":21},"end":{"line":135,"column":81}},"92":{"start":{"line":136,"column":6},"end":{"line":136,"column":null}},"93":{"start":{"line":138,"column":6},"end":{"line":138,"column":null}},"94":{"start":{"line":143,"column":4},"end":{"line":172,"column":null}},"95":{"start":{"line":144,"column":6},"end":{"line":144,"column":null}},"96":{"start":{"line":145,"column":11},"end":{"line":172,"column":null}},"97":{"start":{"line":146,"column":6},"end":{"line":146,"column":null}},"98":{"start":{"line":147,"column":11},"end":{"line":172,"column":null}},"99":{"start":{"line":148,"column":6},"end":{"line":148,"column":null}},"100":{"start":{"line":149,"column":11},"end":{"line":172,"column":null}},"101":{"start":{"line":150,"column":19},"end":{"line":150,"column":39}},"102":{"start":{"line":151,"column":20},"end":{"line":151,"column":41}},"103":{"start":{"line":152,"column":6},"end":{"line":162,"column":null}},"104":{"start":{"line":153,"column":8},"end":{"line":153,"column":null}},"105":{"start":{"line":154,"column":13},"end":{"line":162,"column":null}},"106":{"start":{"line":155,"column":8},"end":{"line":155,"column":null}},"107":{"start":{"line":156,"column":13},"end":{"line":162,"column":null}},"108":{"start":{"line":157,"column":8},"end":{"line":157,"column":null}},"109":{"start":{"line":158,"column":13},"end":{"line":162,"column":null}},"110":{"start":{"line":159,"column":8},"end":{"line":159,"column":null}},"111":{"start":{"line":161,"column":8},"end":{"line":161,"column":null}},"112":{"start":{"line":163,"column":11},"end":{"line":172,"column":null}},"113":{"start":{"line":164,"column":20},"end":{"line":164,"column":40}},"114":{"start":{"line":165,"column":6},"end":{"line":169,"column":null}},"115":{"start":{"line":166,"column":8},"end":{"line":166,"column":null}},"116":{"start":{"line":168,"column":8},"end":{"line":168,"column":null}},"117":{"start":{"line":171,"column":6},"end":{"line":171,"column":null}},"118":{"start":{"line":176,"column":4},"end":{"line":178,"column":null}},"119":{"start":{"line":177,"column":6},"end":{"line":177,"column":null}},"120":{"start":{"line":177,"column":31},"end":{"line":177,"column":96}},"121":{"start":{"line":179,"column":18},"end":{"line":179,"column":31}},"122":{"start":{"line":180,"column":4},"end":{"line":193,"column":null}},"123":{"start":{"line":182,"column":8},"end":{"line":186,"column":null}},"124":{"start":{"line":183,"column":10},"end":{"line":183,"column":null}},"125":{"start":{"line":183,"column":35},"end":{"line":183,"column":76}},"126":{"start":{"line":185,"column":10},"end":{"line":185,"column":null}},"127":{"start":{"line":185,"column":35},"end":{"line":185,"column":85}},"128":{"start":{"line":188,"column":8},"end":{"line":192,"column":null}},"129":{"start":{"line":189,"column":10},"end":{"line":189,"column":null}},"130":{"start":{"line":189,"column":35},"end":{"line":189,"column":75}},"131":{"start":{"line":191,"column":10},"end":{"line":191,"column":null}},"132":{"start":{"line":191,"column":35},"end":{"line":191,"column":84}},"133":{"start":{"line":197,"column":16},"end":{"line":197,"column":55}},"134":{"start":{"line":198,"column":26},"end":{"line":198,"column":96}},"135":{"start":{"line":199,"column":17},"end":{"line":199,"column":76}},"136":{"start":{"line":200,"column":4},"end":{"line":204,"column":null}},"137":{"start":{"line":200,"column":17},"end":{"line":200,"column":18}},"138":{"start":{"line":201,"column":6},"end":{"line":201,"column":null}},"139":{"start":{"line":201,"column":30},"end":{"line":201,"column":35}},"140":{"start":{"line":202,"column":6},"end":{"line":202,"column":null}},"141":{"start":{"line":203,"column":6},"end":{"line":203,"column":null}},"142":{"start":{"line":205,"column":4},"end":{"line":209,"column":null}},"143":{"start":{"line":206,"column":6},"end":{"line":206,"column":null}},"144":{"start":{"line":208,"column":6},"end":{"line":208,"column":null}},"145":{"start":{"line":213,"column":16},"end":{"line":213,"column":50}},"146":{"start":{"line":214,"column":4},"end":{"line":214,"column":null}},"147":{"start":{"line":218,"column":16},"end":{"line":218,"column":50}},"148":{"start":{"line":219,"column":4},"end":{"line":219,"column":null}},"149":{"start":{"line":223,"column":16},"end":{"line":223,"column":22}},"150":{"start":{"line":224,"column":15},"end":{"line":224,"column":19}},"151":{"start":{"line":225,"column":4},"end":{"line":229,"column":null}},"152":{"start":{"line":226,"column":6},"end":{"line":226,"column":null}},"153":{"start":{"line":227,"column":6},"end":{"line":227,"column":null}},"154":{"start":{"line":228,"column":6},"end":{"line":228,"column":null}},"155":{"start":{"line":230,"column":4},"end":{"line":230,"column":null}},"156":{"start":{"line":234,"column":4},"end":{"line":241,"column":null}},"157":{"start":{"line":235,"column":6},"end":{"line":240,"column":null}},"158":{"start":{"line":236,"column":23},"end":{"line":236,"column":null}},"159":{"start":{"line":237,"column":25},"end":{"line":237,"column":null}},"160":{"start":{"line":238,"column":25},"end":{"line":238,"column":null}},"161":{"start":{"line":239,"column":17},"end":{"line":239,"column":null}},"162":{"start":{"line":245,"column":19},"end":{"line":247,"column":6}},"163":{"start":{"line":246,"column":6},"end":{"line":246,"column":null}},"164":{"start":{"line":248,"column":14},"end":{"line":248,"column":36}},"165":{"start":{"line":249,"column":4},"end":{"line":255,"column":null}},"166":{"start":{"line":250,"column":6},"end":{"line":254,"column":null}},"167":{"start":{"line":251,"column":8},"end":{"line":251,"column":null}},"168":{"start":{"line":253,"column":8},"end":{"line":253,"column":null}},"169":{"start":{"line":259,"column":4},"end":{"line":265,"column":null}},"170":{"start":{"line":260,"column":6},"end":{"line":264,"column":null}},"171":{"start":{"line":261,"column":8},"end":{"line":261,"column":null}},"172":{"start":{"line":263,"column":8},"end":{"line":263,"column":null}},"173":{"start":{"line":269,"column":4},"end":{"line":269,"column":null}},"174":{"start":{"line":273,"column":4},"end":{"line":279,"column":null}},"175":{"start":{"line":274,"column":22},"end":{"line":274,"column":null}},"176":{"start":{"line":274,"column":65},"end":{"line":274,"column":70}},"177":{"start":{"line":275,"column":21},"end":{"line":275,"column":null}},"178":{"start":{"line":276,"column":18},"end":{"line":276,"column":null}},"179":{"start":{"line":276,"column":50},"end":{"line":276,"column":55}},"180":{"start":{"line":277,"column":18},"end":{"line":277,"column":null}},"181":{"start":{"line":278,"column":18},"end":{"line":278,"column":null}},"182":{"start":{"line":283,"column":4},"end":{"line":283,"column":null}},"183":{"start":{"line":68,"column":0},"end":{"line":68,"column":13}}},"fnMap":{"0":{"name":"mapNotNull","decl":{"start":{"line":6,"column":9},"end":{"line":6,"column":19}},"loc":{"start":{"line":6,"column":59},"end":{"line":15,"column":1}}},"1":{"name":"compareNumbers","decl":{"start":{"line":17,"column":9},"end":{"line":17,"column":23}},"loc":{"start":{"line":17,"column":45},"end":{"line":19,"column":1}}},"2":{"name":"median","decl":{"start":{"line":21,"column":9},"end":{"line":21,"column":15}},"loc":{"start":{"line":21,"column":30},"end":{"line":29,"column":1}}},"3":{"name":"rank","decl":{"start":{"line":31,"column":9},"end":{"line":31,"column":13}},"loc":{"start":{"line":31,"column":89},"end":{"line":47,"column":1}}},"4":{"name":"(anonymous_4)","decl":{"start":{"line":32,"column":24},"end":{"line":32,"column":25}},"loc":{"start":{"line":32,"column":47},"end":{"line":32,"column":53}}},"5":{"name":"(anonymous_5)","decl":{"start":{"line":33,"column":11},"end":{"line":33,"column":12}},"loc":{"start":{"line":33,"column":21},"end":{"line":33,"column":40}}},"6":{"name":"pickFurthest","decl":{"start":{"line":49,"column":9},"end":{"line":49,"column":21}},"loc":{"start":{"line":49,"column":114},"end":{"line":66,"column":1}}},"7":{"name":"(anonymous_7)","decl":{"start":{"line":69,"column":2},"end":{"line":69,"column":8}},"loc":{"start":{"line":69,"column":44},"end":{"line":82,"column":3}}},"8":{"name":"(anonymous_8)","decl":{"start":{"line":80,"column":33},"end":{"line":80,"column":38}},"loc":{"start":{"line":80,"column":42},"end":{"line":80,"column":69}}},"9":{"name":"(anonymous_9)","decl":{"start":{"line":84,"column":2},"end":{"line":84,"column":8}},"loc":{"start":{"line":84,"column":36},"end":{"line":99,"column":3}}},"10":{"name":"(anonymous_10)","decl":{"start":{"line":88,"column":17},"end":{"line":88,"column":18}},"loc":{"start":{"line":88,"column":26},"end":{"line":88,"column":45}}},"11":{"name":"(anonymous_11)","decl":{"start":{"line":90,"column":17},"end":{"line":90,"column":18}},"loc":{"start":{"line":90,"column":34},"end":{"line":90,"column":61}}},"12":{"name":"(anonymous_12)","decl":{"start":{"line":94,"column":17},"end":{"line":94,"column":18}},"loc":{"start":{"line":94,"column":34},"end":{"line":94,"column":62}}},"13":{"name":"(anonymous_13)","decl":{"start":{"line":96,"column":17},"end":{"line":96,"column":18}},"loc":{"start":{"line":96,"column":26},"end":{"line":96,"column":44}}},"14":{"name":"(anonymous_14)","decl":{"start":{"line":101,"column":2},"end":{"line":101,"column":32}},"loc":{"start":{"line":101,"column":45},"end":{"line":101,"column":50}}},"15":{"name":"(anonymous_15)","decl":{"start":{"line":103,"column":10},"end":{"line":103,"column":24}},"loc":{"start":{"line":103,"column":40},"end":{"line":140,"column":3}}},"16":{"name":"(anonymous_16)","decl":{"start":{"line":105,"column":44},"end":{"line":105,"column":48}},"loc":{"start":{"line":105,"column":52},"end":{"line":105,"column":67}}},"17":{"name":"(anonymous_17)","decl":{"start":{"line":110,"column":50},"end":{"line":110,"column":51}},"loc":{"start":{"line":110,"column":55},"end":{"line":110,"column":72}}},"18":{"name":"(anonymous_18)","decl":{"start":{"line":116,"column":51},"end":{"line":116,"column":55}},"loc":{"start":{"line":116,"column":59},"end":{"line":116,"column":74}}},"19":{"name":"(anonymous_19)","decl":{"start":{"line":125,"column":43},"end":{"line":125,"column":44}},"loc":{"start":{"line":125,"column":47},"end":{"line":132,"column":7}}},"20":{"name":"(anonymous_20)","decl":{"start":{"line":142,"column":2},"end":{"line":142,"column":6}},"loc":{"start":{"line":142,"column":28},"end":{"line":173,"column":3}}},"21":{"name":"(anonymous_21)","decl":{"start":{"line":175,"column":2},"end":{"line":175,"column":10}},"loc":{"start":{"line":175,"column":52},"end":{"line":194,"column":3}}},"22":{"name":"(anonymous_22)","decl":{"start":{"line":177,"column":23},"end":{"line":177,"column":27}},"loc":{"start":{"line":177,"column":31},"end":{"line":177,"column":96}}},"23":{"name":"(anonymous_23)","decl":{"start":{"line":183,"column":27},"end":{"line":183,"column":31}},"loc":{"start":{"line":183,"column":35},"end":{"line":183,"column":76}}},"24":{"name":"(anonymous_24)","decl":{"start":{"line":185,"column":27},"end":{"line":185,"column":31}},"loc":{"start":{"line":185,"column":35},"end":{"line":185,"column":85}}},"25":{"name":"(anonymous_25)","decl":{"start":{"line":189,"column":27},"end":{"line":189,"column":31}},"loc":{"start":{"line":189,"column":35},"end":{"line":189,"column":75}}},"26":{"name":"(anonymous_26)","decl":{"start":{"line":191,"column":27},"end":{"line":191,"column":31}},"loc":{"start":{"line":191,"column":35},"end":{"line":191,"column":84}}},"27":{"name":"(anonymous_27)","decl":{"start":{"line":196,"column":2},"end":{"line":196,"column":14}},"loc":{"start":{"line":196,"column":104},"end":{"line":210,"column":3}}},"28":{"name":"(anonymous_28)","decl":{"start":{"line":212,"column":2},"end":{"line":212,"column":13}},"loc":{"start":{"line":212,"column":59},"end":{"line":215,"column":3}}},"29":{"name":"(anonymous_29)","decl":{"start":{"line":217,"column":2},"end":{"line":217,"column":12}},"loc":{"start":{"line":217,"column":58},"end":{"line":220,"column":3}}},"30":{"name":"(anonymous_30)","decl":{"start":{"line":222,"column":2},"end":{"line":222,"column":11}},"loc":{"start":{"line":222,"column":57},"end":{"line":231,"column":3}}},"31":{"name":"(anonymous_31)","decl":{"start":{"line":233,"column":2},"end":{"line":233,"column":17}},"loc":{"start":{"line":233,"column":44},"end":{"line":242,"column":3}}},"32":{"name":"(anonymous_32)","decl":{"start":{"line":234,"column":25},"end":{"line":234,"column":29}},"loc":{"start":{"line":234,"column":32},"end":{"line":241,"column":5}}},"33":{"name":"(anonymous_33)","decl":{"start":{"line":244,"column":2},"end":{"line":244,"column":13}},"loc":{"start":{"line":244,"column":54},"end":{"line":256,"column":3}}},"34":{"name":"(anonymous_34)","decl":{"start":{"line":245,"column":31},"end":{"line":245,"column":32}},"loc":{"start":{"line":245,"column":40},"end":{"line":247,"column":5}}},"35":{"name":"(anonymous_35)","decl":{"start":{"line":249,"column":21},"end":{"line":249,"column":22}},"loc":{"start":{"line":249,"column":33},"end":{"line":255,"column":5}}},"36":{"name":"(anonymous_36)","decl":{"start":{"line":258,"column":2},"end":{"line":258,"column":19}},"loc":{"start":{"line":258,"column":45},"end":{"line":266,"column":3}}},"37":{"name":"(anonymous_37)","decl":{"start":{"line":259,"column":29},"end":{"line":259,"column":30}},"loc":{"start":{"line":259,"column":38},"end":{"line":265,"column":5}}},"38":{"name":"(anonymous_38)","decl":{"start":{"line":268,"column":2},"end":{"line":268,"column":13}},"loc":{"start":{"line":268,"column":56},"end":{"line":270,"column":3}}},"39":{"name":"(anonymous_39)","decl":{"start":{"line":272,"column":2},"end":{"line":272,"column":15}},"loc":{"start":{"line":272,"column":56},"end":{"line":280,"column":3}}},"40":{"name":"(anonymous_40)","decl":{"start":{"line":274,"column":55},"end":{"line":274,"column":56}},"loc":{"start":{"line":274,"column":65},"end":{"line":274,"column":70}}},"41":{"name":"(anonymous_41)","decl":{"start":{"line":276,"column":40},"end":{"line":276,"column":41}},"loc":{"start":{"line":276,"column":50},"end":{"line":276,"column":55}}},"42":{"name":"(anonymous_42)","decl":{"start":{"line":282,"column":2},"end":{"line":282,"column":16}},"loc":{"start":{"line":282,"column":37},"end":{"line":284,"column":3}}}},"branchMap":{"0":{"loc":{"start":{"line":10,"column":4},"end":{"line":12,"column":null}},"type":"if","locations":[{"start":{"line":10,"column":4},"end":{"line":12,"column":null}}]},"1":{"loc":{"start":{"line":24,"column":2},"end":{"line":28,"column":null}},"type":"if","locations":[{"start":{"line":24,"column":2},"end":{"line":28,"column":null}},{"start":{"line":26,"column":9},"end":{"line":28,"column":null}}]},"2":{"loc":{"start":{"line":31,"column":63},"end":{"line":31,"column":89}},"type":"default-arg","locations":[{"start":{"line":31,"column":85},"end":{"line":31,"column":89}}]},"3":{"loc":{"start":{"line":39,"column":4},"end":{"line":42,"column":null}},"type":"if","locations":[{"start":{"line":39,"column":4},"end":{"line":42,"column":null}}]},"4":{"loc":{"start":{"line":44,"column":4},"end":{"line":44,"column":null}},"type":"if","locations":[{"start":{"line":44,"column":4},"end":{"line":44,"column":null}}]},"5":{"loc":{"start":{"line":52,"column":2},"end":{"line":65,"column":null}},"type":"if","locations":[{"start":{"line":52,"column":2},"end":{"line":65,"column":null}},{"start":{"line":54,"column":9},"end":{"line":65,"column":null}}]},"6":{"loc":{"start":{"line":54,"column":9},"end":{"line":65,"column":null}},"type":"if","locations":[{"start":{"line":54,"column":9},"end":{"line":65,"column":null}},{"start":{"line":56,"column":9},"end":{"line":65,"column":null}}]},"7":{"loc":{"start":{"line":57,"column":4},"end":{"line":64,"column":null}},"type":"switch","locations":[{"start":{"line":58,"column":6},"end":{"line":59,"column":null}},{"start":{"line":60,"column":6},"end":{"line":61,"column":null}},{"start":{"line":62,"column":6},"end":{"line":63,"column":null}}]},"8":{"loc":{"start":{"line":59,"column":15},"end":{"line":59,"column":50}},"type":"cond-expr","locations":[{"start":{"line":59,"column":32},"end":{"line":59,"column":39}},{"start":{"line":59,"column":42},"end":{"line":59,"column":50}}]},"9":{"loc":{"start":{"line":61,"column":15},"end":{"line":61,"column":50}},"type":"cond-expr","locations":[{"start":{"line":61,"column":32},"end":{"line":61,"column":39}},{"start":{"line":61,"column":42},"end":{"line":61,"column":50}}]},"10":{"loc":{"start":{"line":70,"column":4},"end":{"line":81,"column":null}},"type":"switch","locations":[{"start":{"line":71,"column":6},"end":{"line":72,"column":null}},{"start":{"line":73,"column":6},"end":{"line":74,"column":null}},{"start":{"line":75,"column":6},"end":{"line":76,"column":null}},{"start":{"line":77,"column":6},"end":{"line":78,"column":null}},{"start":{"line":79,"column":6},"end":{"line":80,"column":null}}]},"11":{"loc":{"start":{"line":74,"column":15},"end":{"line":74,"column":103}},"type":"binary-expr","locations":[{"start":{"line":74,"column":15},"end":{"line":74,"column":57}},{"start":{"line":74,"column":61},"end":{"line":74,"column":103}}]},"12":{"loc":{"start":{"line":85,"column":4},"end":{"line":98,"column":null}},"type":"switch","locations":[{"start":{"line":86,"column":6},"end":{"line":91,"column":null}},{"start":{"line":92,"column":6},"end":{"line":97,"column":null}}]},"13":{"loc":{"start":{"line":87,"column":8},"end":{"line":91,"column":null}},"type":"if","locations":[{"start":{"line":87,"column":8},"end":{"line":91,"column":null}},{"start":{"line":89,"column":15},"end":{"line":91,"column":null}}]},"14":{"loc":{"start":{"line":93,"column":8},"end":{"line":97,"column":null}},"type":"if","locations":[{"start":{"line":93,"column":8},"end":{"line":97,"column":null}},{"start":{"line":95,"column":15},"end":{"line":97,"column":null}}]},"15":{"loc":{"start":{"line":104,"column":4},"end":{"line":139,"column":null}},"type":"if","locations":[{"start":{"line":104,"column":4},"end":{"line":139,"column":null}},{"start":{"line":108,"column":11},"end":{"line":139,"column":null}}]},"16":{"loc":{"start":{"line":108,"column":11},"end":{"line":139,"column":null}},"type":"if","locations":[{"start":{"line":108,"column":11},"end":{"line":139,"column":null}},{"start":{"line":124,"column":11},"end":{"line":139,"column":null}}]},"17":{"loc":{"start":{"line":109,"column":6},"end":{"line":123,"column":null}},"type":"if","locations":[{"start":{"line":109,"column":6},"end":{"line":123,"column":null}},{"start":{"line":115,"column":13},"end":{"line":123,"column":null}}]},"18":{"loc":{"start":{"line":115,"column":13},"end":{"line":123,"column":null}},"type":"if","locations":[{"start":{"line":115,"column":13},"end":{"line":123,"column":null}},{"start":{"line":121,"column":13},"end":{"line":123,"column":null}}]},"19":{"loc":{"start":{"line":124,"column":11},"end":{"line":139,"column":null}},"type":"if","locations":[{"start":{"line":124,"column":11},"end":{"line":139,"column":null}},{"start":{"line":137,"column":11},"end":{"line":139,"column":null}}]},"20":{"loc":{"start":{"line":127,"column":8},"end":{"line":131,"column":null}},"type":"if","locations":[{"start":{"line":127,"column":8},"end":{"line":131,"column":null}},{"start":{"line":129,"column":15},"end":{"line":131,"column":null}}]},"21":{"loc":{"start":{"line":143,"column":4},"end":{"line":172,"column":null}},"type":"if","locations":[{"start":{"line":143,"column":4},"end":{"line":172,"column":null}},{"start":{"line":145,"column":11},"end":{"line":172,"column":null}}]},"22":{"loc":{"start":{"line":145,"column":11},"end":{"line":172,"column":null}},"type":"if","locations":[{"start":{"line":145,"column":11},"end":{"line":172,"column":null}},{"start":{"line":147,"column":11},"end":{"line":172,"column":null}}]},"23":{"loc":{"start":{"line":147,"column":11},"end":{"line":172,"column":null}},"type":"if","locations":[{"start":{"line":147,"column":11},"end":{"line":172,"column":null}},{"start":{"line":149,"column":11},"end":{"line":172,"column":null}}]},"24":{"loc":{"start":{"line":149,"column":11},"end":{"line":172,"column":null}},"type":"if","locations":[{"start":{"line":149,"column":11},"end":{"line":172,"column":null}},{"start":{"line":163,"column":11},"end":{"line":172,"column":null}}]},"25":{"loc":{"start":{"line":152,"column":6},"end":{"line":162,"column":null}},"type":"if","locations":[{"start":{"line":152,"column":6},"end":{"line":162,"column":null}},{"start":{"line":154,"column":13},"end":{"line":162,"column":null}}]},"26":{"loc":{"start":{"line":154,"column":13},"end":{"line":162,"column":null}},"type":"if","locations":[{"start":{"line":154,"column":13},"end":{"line":162,"column":null}},{"start":{"line":156,"column":13},"end":{"line":162,"column":null}}]},"27":{"loc":{"start":{"line":156,"column":13},"end":{"line":162,"column":null}},"type":"if","locations":[{"start":{"line":156,"column":13},"end":{"line":162,"column":null}},{"start":{"line":158,"column":13},"end":{"line":162,"column":null}}]},"28":{"loc":{"start":{"line":158,"column":13},"end":{"line":162,"column":null}},"type":"if","locations":[{"start":{"line":158,"column":13},"end":{"line":162,"column":null}},{"start":{"line":160,"column":13},"end":{"line":162,"column":null}}]},"29":{"loc":{"start":{"line":163,"column":11},"end":{"line":172,"column":null}},"type":"if","locations":[{"start":{"line":163,"column":11},"end":{"line":172,"column":null}},{"start":{"line":170,"column":11},"end":{"line":172,"column":null}}]},"30":{"loc":{"start":{"line":165,"column":6},"end":{"line":169,"column":null}},"type":"if","locations":[{"start":{"line":165,"column":6},"end":{"line":169,"column":null}},{"start":{"line":167,"column":13},"end":{"line":169,"column":null}}]},"31":{"loc":{"start":{"line":176,"column":4},"end":{"line":178,"column":null}},"type":"if","locations":[{"start":{"line":176,"column":4},"end":{"line":178,"column":null}}]},"32":{"loc":{"start":{"line":180,"column":4},"end":{"line":193,"column":null}},"type":"switch","locations":[{"start":{"line":181,"column":6},"end":{"line":186,"column":null}},{"start":{"line":187,"column":6},"end":{"line":192,"column":null}}]},"33":{"loc":{"start":{"line":182,"column":8},"end":{"line":186,"column":null}},"type":"if","locations":[{"start":{"line":182,"column":8},"end":{"line":186,"column":null}},{"start":{"line":184,"column":15},"end":{"line":186,"column":null}}]},"34":{"loc":{"start":{"line":188,"column":8},"end":{"line":192,"column":null}},"type":"if","locations":[{"start":{"line":188,"column":8},"end":{"line":192,"column":null}},{"start":{"line":190,"column":15},"end":{"line":192,"column":null}}]},"35":{"loc":{"start":{"line":198,"column":26},"end":{"line":198,"column":96}},"type":"cond-expr","locations":[{"start":{"line":198,"column":55},"end":{"line":198,"column":81}},{"start":{"line":198,"column":84},"end":{"line":198,"column":96}}]},"36":{"loc":{"start":{"line":201,"column":6},"end":{"line":201,"column":null}},"type":"if","locations":[{"start":{"line":201,"column":6},"end":{"line":201,"column":null}}]},"37":{"loc":{"start":{"line":205,"column":4},"end":{"line":209,"column":null}},"type":"if","locations":[{"start":{"line":205,"column":4},"end":{"line":209,"column":null}},{"start":{"line":207,"column":11},"end":{"line":209,"column":null}}]},"38":{"loc":{"start":{"line":214,"column":11},"end":{"line":214,"column":60}},"type":"cond-expr","locations":[{"start":{"line":214,"column":30},"end":{"line":214,"column":44}},{"start":{"line":214,"column":47},"end":{"line":214,"column":60}}]},"39":{"loc":{"start":{"line":219,"column":11},"end":{"line":219,"column":60}},"type":"cond-expr","locations":[{"start":{"line":219,"column":30},"end":{"line":219,"column":44}},{"start":{"line":219,"column":47},"end":{"line":219,"column":60}}]},"40":{"loc":{"start":{"line":225,"column":11},"end":{"line":225,"column":63}},"type":"binary-expr","locations":[{"start":{"line":225,"column":11},"end":{"line":225,"column":22}},{"start":{"line":225,"column":26},"end":{"line":225,"column":63}}]},"41":{"loc":{"start":{"line":235,"column":6},"end":{"line":240,"column":null}},"type":"switch","locations":[{"start":{"line":236,"column":8},"end":{"line":236,"column":null}},{"start":{"line":237,"column":8},"end":{"line":237,"column":null}},{"start":{"line":238,"column":8},"end":{"line":238,"column":null}},{"start":{"line":239,"column":8},"end":{"line":239,"column":null}}]},"42":{"loc":{"start":{"line":250,"column":6},"end":{"line":254,"column":null}},"type":"if","locations":[{"start":{"line":250,"column":6},"end":{"line":254,"column":null}},{"start":{"line":252,"column":13},"end":{"line":254,"column":null}}]},"43":{"loc":{"start":{"line":260,"column":6},"end":{"line":264,"column":null}},"type":"if","locations":[{"start":{"line":260,"column":6},"end":{"line":264,"column":null}},{"start":{"line":262,"column":13},"end":{"line":264,"column":null}}]},"44":{"loc":{"start":{"line":273,"column":4},"end":{"line":279,"column":null}},"type":"switch","locations":[{"start":{"line":274,"column":6},"end":{"line":274,"column":null}},{"start":{"line":275,"column":6},"end":{"line":275,"column":null}},{"start":{"line":276,"column":6},"end":{"line":276,"column":null}},{"start":{"line":277,"column":6},"end":{"line":277,"column":null}},{"start":{"line":278,"column":6},"end":{"line":278,"column":null}}]}},"s":{"0":2,"1":2,"2":2,"3":2,"4":24,"5":24,"6":80,"7":80,"8":43,"9":24,"10":252,"11":0,"12":0,"13":0,"14":0,"15":0,"16":24,"17":80,"18":24,"19":56,"20":24,"21":24,"22":24,"23":24,"24":24,"25":80,"26":80,"27":40,"28":40,"29":80,"30":80,"31":80,"32":24,"33":612,"34":612,"35":612,"36":0,"37":612,"38":0,"39":612,"40":3,"41":3,"42":606,"43":116,"44":86,"45":0,"46":30,"47":0,"48":0,"49":0,"50":24,"51":14,"52":11,"53":37,"54":3,"55":9,"56":10,"57":7,"58":25,"59":3,"60":9,"61":203,"62":177,"63":107,"64":350,"65":107,"66":107,"67":70,"68":24,"69":4,"70":20,"71":4,"72":4,"73":4,"74":4,"75":20,"76":20,"77":60,"78":20,"79":20,"80":20,"81":20,"82":0,"83":46,"84":46,"85":98,"86":98,"87":98,"88":0,"89":46,"90":46,"91":46,"92":46,"93":0,"94":843,"95":408,"96":435,"97":196,"98":239,"99":177,"100":62,"101":50,"102":50,"103":50,"104":27,"105":23,"106":3,"107":20,"108":13,"109":7,"110":7,"111":0,"112":12,"113":12,"114":12,"115":12,"116":0,"117":0,"118":46,"119":12,"120":12,"121":34,"122":34,"123":20,"124":6,"125":18,"126":14,"127":34,"128":14,"129":0,"130":0,"131":14,"132":34,"133":12,"134":12,"135":12,"136":12,"137":12,"138":606,"139":6,"140":600,"141":600,"142":12,"143":0,"144":12,"145":52,"146":52,"147":34,"148":34,"149":86,"150":86,"151":86,"152":58,"153":58,"154":58,"155":86,"156":46,"157":98,"158":58,"159":27,"160":13,"161":0,"162":24,"163":136,"164":24,"165":24,"166":80,"167":43,"168":37,"169":24,"170":80,"171":43,"172":37,"173":177,"174":177,"175":10,"176":28,"177":0,"178":149,"179":381,"180":9,"181":9,"182":177,"183":2},"f":{"0":24,"1":252,"2":0,"3":24,"4":80,"5":56,"6":612,"7":116,"8":0,"9":24,"10":37,"11":9,"12":25,"13":9,"14":203,"15":177,"16":350,"17":20,"18":60,"19":98,"20":843,"21":46,"22":12,"23":18,"24":34,"25":0,"26":34,"27":12,"28":52,"29":34,"30":86,"31":46,"32":98,"33":24,"34":136,"35":80,"36":24,"37":80,"38":177,"39":177,"40":28,"41":381,"42":177},"b":{"0":[43],"1":[0,0],"2":[24],"3":[40],"4":[80],"5":[0,612],"6":[0,612],"7":[3,3,606],"8":[0,3],"9":[0,3],"10":[86,0,30,0,0],"11":[0,0],"12":[14,10],"13":[11,3],"14":[7,3],"15":[107,70],"16":[24,46],"17":[4,20],"18":[20,0],"19":[46,0],"20":[98,0],"21":[408,435],"22":[196,239],"23":[177,62],"24":[50,12],"25":[27,23],"26":[3,20],"27":[13,7],"28":[7,0],"29":[12,0],"30":[12,0],"31":[12],"32":[20,14],"33":[6,14],"34":[0,14],"35":[8,4],"36":[6],"37":[0,12],"38":[39,13],"39":[19,15],"40":[144,116],"41":[58,27,13,0],"42":[43,37],"43":[43,37],"44":[10,0,149,9,9]}}
}
