TN:
SF:src/dice-expression-domain.ts
FN:4,distinctPrimitive
FN:8,diceListWithFilterToString
FN:18,diceReduceToString
FN:30,binOpToString
FN:43,unaryOpToString
FN:51,(anonymous_5)
FN:67,(anonymous_6)
FN:79,(anonymous_7)
FN:82,(anonymous_8)
FN:99,(anonymous_9)
FN:106,(anonymous_10)
FN:110,(anonymous_11)
FN:114,(anonymous_12)
FN:119,(anonymous_13)
FN:131,(anonymous_14)
FN:141,(anonymous_15)
FN:151,(anonymous_16)
FN:163,(anonymous_17)
FN:173,(anonymous_18)
FN:189,(anonymous_19)
FN:193,(anonymous_20)
FN:196,(anonymous_21)
FN:203,(anonymous_22)
FN:211,(anonymous_23)
FN:221,(anonymous_24)
FN:240,(anonymous_25)
FN:246,(anonymous_26)
FN:250,(anonymous_27)
FN:254,(anonymous_28)
FN:272,(anonymous_29)
FN:281,(anonymous_30)
FN:292,(anonymous_31)
FNF:32
FNH:20
FNDA:54,distinctPrimitive
FNDA:18,diceListWithFilterToString
FNDA:88,diceReduceToString
FNDA:32,binOpToString
FNDA:4,unaryOpToString
FNDA:293,(anonymous_5)
FNDA:87,(anonymous_6)
FNDA:21,(anonymous_7)
FNDA:8,(anonymous_8)
FNDA:13,(anonymous_9)
FNDA:26,(anonymous_10)
FNDA:23,(anonymous_11)
FNDA:6,(anonymous_12)
FNDA:13,(anonymous_13)
FNDA:13,(anonymous_14)
FNDA:65,(anonymous_15)
FNDA:65,(anonymous_16)
FNDA:88,(anonymous_17)
FNDA:18,(anonymous_18)
FNDA:4,(anonymous_19)
FNDA:0,(anonymous_20)
FNDA:0,(anonymous_21)
FNDA:0,(anonymous_22)
FNDA:0,(anonymous_23)
FNDA:0,(anonymous_24)
FNDA:0,(anonymous_25)
FNDA:0,(anonymous_26)
FNDA:0,(anonymous_27)
FNDA:0,(anonymous_28)
FNDA:0,(anonymous_29)
FNDA:0,(anonymous_30)
FNDA:0,(anonymous_31)
DA:1,1
DA:2,1
DA:5,54
DA:9,18
DA:10,2
DA:11,16
DA:12,16
DA:14,0
DA:19,88
DA:20,49
DA:21,39
DA:22,18
DA:23,21
DA:24,21
DA:26,0
DA:31,32
DA:33,14
DA:35,3
DA:37,10
DA:39,5
DA:44,4
DA:46,4
DA:50,1
DA:52,293
DA:53,109
DA:54,184
DA:55,60
DA:56,124
DA:57,88
DA:58,36
DA:59,32
DA:60,4
DA:61,4
DA:63,0
DA:68,87
DA:69,2
DA:70,85
DA:71,76
DA:72,9
DA:73,0
DA:75,9
DA:80,21
DA:81,8
DA:82,8
DA:83,8
DA:85,4
DA:87,4
DA:90,8
DA:91,2
DA:92,6
DA:93,2
DA:96,8
DA:98,13
DA:99,13
DA:100,13
DA:102,8
DA:104,5
DA:106,26
DA:107,13
DA:111,23
DA:112,21
DA:114,6
DA:115,2
DA:120,13
DA:121,3
DA:122,10
DA:123,6
DA:124,4
DA:125,2
DA:127,2
DA:132,13
DA:133,12
DA:134,0
DA:135,0
DA:136,0
DA:137,1
DA:142,65
DA:143,27
DA:144,38
DA:145,2
DA:147,36
DA:152,65
DA:153,65
DA:154,152
DA:155,118
DA:157,34
DA:160,31
DA:164,88
DA:165,78
DA:166,3
DA:167,3
DA:168,4
DA:169,0
DA:174,18
DA:175,9
DA:176,6
DA:178,3
DA:181,9
DA:182,6
DA:184,3
DA:190,4
DA:194,0
DA:196,0
DA:199,0
DA:200,0
DA:201,0
DA:203,0
DA:207,0
DA:212,0
DA:213,0
DA:214,0
DA:215,0
DA:216,0
DA:217,0
DA:222,0
DA:224,0
DA:225,0
DA:227,0
DA:230,0
DA:232,0
DA:234,0
DA:236,0
DA:241,0
DA:243,0
DA:244,0
DA:246,0
DA:250,0
DA:251,0
DA:252,0
DA:254,0
DA:258,0
DA:259,0
DA:260,0
DA:261,0
DA:262,0
DA:263,0
DA:264,0
DA:265,0
DA:267,0
DA:273,0
DA:274,0
DA:275,0
DA:278,0
DA:282,0
DA:286,0
DA:288,0
DA:293,0
DA:294,0
DA:295,0
DA:297,0
LF:150
LH:93
BRDA:9,0,0,2
BRDA:9,0,1,16
BRDA:11,1,0,16
BRDA:11,1,1,0
BRDA:19,2,0,49
BRDA:19,2,1,39
BRDA:21,3,0,18
BRDA:21,3,1,21
BRDA:23,4,0,21
BRDA:23,4,1,0
BRDA:31,5,0,14
BRDA:31,5,1,3
BRDA:31,5,2,10
BRDA:31,5,3,5
BRDA:44,6,0,4
BRDA:52,7,0,109
BRDA:52,7,1,184
BRDA:54,8,0,60
BRDA:54,8,1,124
BRDA:56,9,0,88
BRDA:56,9,1,36
BRDA:58,10,0,32
BRDA:58,10,1,4
BRDA:60,11,0,4
BRDA:60,11,1,0
BRDA:68,12,0,2
BRDA:68,12,1,85
BRDA:68,13,0,87
BRDA:68,13,1,78
BRDA:70,14,0,76
BRDA:70,14,1,9
BRDA:72,15,0,0
BRDA:72,15,1,9
BRDA:80,16,0,8
BRDA:83,17,0,4
BRDA:83,17,1,4
BRDA:90,18,0,2
BRDA:90,18,1,6
BRDA:92,19,0,2
BRDA:100,20,0,8
BRDA:100,20,1,5
BRDA:111,21,0,21
BRDA:111,21,1,2
BRDA:120,22,0,3
BRDA:120,22,1,10
BRDA:122,23,0,6
BRDA:122,23,1,4
BRDA:124,24,0,2
BRDA:124,24,1,2
BRDA:132,25,0,12
BRDA:132,25,1,0
BRDA:132,25,2,0
BRDA:132,25,3,0
BRDA:132,25,4,1
BRDA:142,26,0,27
BRDA:142,26,1,38
BRDA:143,27,0,22
BRDA:143,27,1,5
BRDA:144,28,0,2
BRDA:144,28,1,36
BRDA:144,29,0,38
BRDA:144,29,1,4
BRDA:154,30,0,118
BRDA:154,30,1,34
BRDA:164,31,0,78
BRDA:164,31,1,3
BRDA:164,31,2,3
BRDA:164,31,3,4
BRDA:164,31,4,0
BRDA:174,32,0,9
BRDA:174,32,1,9
BRDA:175,33,0,6
BRDA:175,33,1,3
BRDA:181,34,0,6
BRDA:181,34,1,3
BRDA:194,35,0,0
BRDA:194,35,1,0
BRDA:194,35,2,0
BRDA:200,36,0,0
BRDA:200,36,1,0
BRDA:212,37,0,0
BRDA:212,37,1,0
BRDA:212,37,2,0
BRDA:212,37,3,0
BRDA:212,37,4,0
BRDA:222,38,0,0
BRDA:222,38,1,0
BRDA:222,38,2,0
BRDA:222,38,3,0
BRDA:222,38,4,0
BRDA:224,39,0,0
BRDA:224,39,1,0
BRDA:241,40,0,0
BRDA:241,40,1,0
BRDA:241,40,2,0
BRDA:243,41,0,0
BRDA:243,41,1,0
BRDA:251,42,0,0
BRDA:251,42,1,0
BRDA:259,43,0,0
BRDA:259,43,1,0
BRDA:260,44,0,0
BRDA:260,44,1,0
BRDA:262,45,0,0
BRDA:262,45,1,0
BRDA:262,46,0,0
BRDA:262,46,1,0
BRDA:264,47,0,0
BRDA:264,48,0,0
BRDA:264,48,1,0
BRDA:274,49,0,0
BRDA:282,50,0,0
BRDA:282,50,1,0
BRDA:283,51,0,0
BRDA:283,51,1,0
BRDA:283,51,2,0
BRDA:294,52,0,0
BRDA:294,52,1,0
BRF:118
BRH:67
end_of_record
TN:
SF:src/dice-expression.ts
FN:10,die
FN:22,literal
FN:35,diceReduce
FN:53,binaryOp
FN:72,unaryOp
FN:94,diceExpressions
FN:107,diceListWithFilter
FN:124,diceListWithMap
FN:145,filterableDiceArray
FN:157,filterableDiceExpressions
FN:176,drop
FN:190,keep
FN:208,explode
FN:222,reroll
FN:236,emphasis
FN:256,always
FN:267,upTo
FN:283,exact
FN:296,between
FN:312,valueOrMore
FN:324,valueOrLess
FN:336,composite
FN:361,insufficientSides
FN:372,emptySet
FN:384,infiniteReroll
FN:401,tooManyDrops
FN:418,tooManyKeeps
FN:433,dropOrKeepShouldBePositive
FNF:28
FNH:19
FNDA:2365,die
FNDA:907,literal
FNDA:456,diceReduce
FNDA:47,binaryOp
FNDA:9,unaryOp
FNDA:714,diceExpressions
FNDA:74,diceListWithFilter
FNDA:88,diceListWithMap
FNDA:634,filterableDiceArray
FNDA:168,filterableDiceExpressions
FNDA:42,drop
FNDA:36,keep
FNDA:38,explode
FNDA:26,reroll
FNDA:89,emphasis
FNDA:6,always
FNDA:52,upTo
FNDA:48,exact
FNDA:0,between
FNDA:16,valueOrMore
FNDA:0,valueOrLess
FNDA:0,composite
FNDA:0,insufficientSides
FNDA:0,emptySet
FNDA:0,infiniteReroll
FNDA:0,tooManyDrops
FNDA:0,tooManyKeeps
FNDA:0,dropOrKeepShouldBePositive
DA:10,2
DA:11,2365
DA:22,2
DA:23,907
DA:35,2
DA:39,456
DA:53,2
DA:58,47
DA:72,2
DA:73,9
DA:94,2
DA:95,714
DA:107,2
DA:111,74
DA:124,2
DA:128,88
DA:145,2
DA:146,634
DA:157,2
DA:160,168
DA:176,2
DA:177,42
DA:190,2
DA:191,36
DA:208,2
DA:209,38
DA:222,2
DA:223,26
DA:236,2
DA:240,89
DA:256,2
DA:257,6
DA:267,2
DA:268,52
DA:283,2
DA:284,48
DA:296,2
DA:300,0
DA:312,2
DA:313,16
DA:324,2
DA:325,0
DA:336,2
DA:337,0
DA:361,2
DA:362,0
DA:372,2
DA:373,0
DA:384,2
DA:388,0
DA:401,2
DA:405,0
DA:418,2
DA:422,0
DA:433,2
DA:434,0
LF:56
LH:47
BRF:0
BRH:0
end_of_record
TN:
SF:src/dice-parser.ts
FN:61,(anonymous_0)
FN:62,(anonymous_1)
FN:65,(anonymous_2)
FN:67,(anonymous_3)
FN:68,(anonymous_4)
FN:70,(anonymous_5)
FN:75,(anonymous_6)
FN:76,(anonymous_7)
FN:82,(anonymous_8)
FN:83,(anonymous_9)
FN:85,(anonymous_10)
FN:86,(anonymous_11)
FN:110,(anonymous_12)
FN:111,(anonymous_13)
FN:120,(anonymous_14)
FN:127,(anonymous_15)
FN:130,(anonymous_16)
FN:131,(anonymous_17)
FN:132,(anonymous_18)
FN:135,(anonymous_19)
FN:139,(anonymous_20)
FN:140,(anonymous_21)
FN:156,(anonymous_22)
FN:156,(anonymous_23)
FN:166,(anonymous_24)
FN:167,(anonymous_25)
FN:170,(anonymous_26)
FN:171,(anonymous_27)
FN:172,(anonymous_28)
FN:173,(anonymous_29)
FN:199,(anonymous_30)
FN:200,(anonymous_31)
FN:207,(anonymous_32)
FN:209,(anonymous_33)
FN:213,(anonymous_34)
FN:223,(anonymous_35)
FN:225,(anonymous_36)
FN:226,(anonymous_37)
FN:227,(anonymous_38)
FN:231,(anonymous_39)
FN:235,(anonymous_40)
FN:237,(anonymous_41)
FN:238,(anonymous_42)
FN:239,(anonymous_43)
FN:243,(anonymous_44)
FN:244,(anonymous_45)
FN:245,(anonymous_46)
FN:247,(anonymous_47)
FN:248,(anonymous_48)
FN:249,(anonymous_49)
FN:250,(anonymous_50)
FN:251,(anonymous_51)
FN:257,(anonymous_52)
FN:259,(anonymous_53)
FN:260,(anonymous_54)
FN:261,(anonymous_55)
FN:265,(anonymous_56)
FN:266,(anonymous_57)
FN:267,(anonymous_58)
FN:268,(anonymous_59)
FN:274,(anonymous_60)
FN:285,(anonymous_61)
FN:295,(anonymous_62)
FN:300,(anonymous_63)
FN:304,(anonymous_64)
FN:307,(anonymous_65)
FNF:66
FNH:58
FNDA:24,(anonymous_0)
FNDA:24,(anonymous_1)
FNDA:1600,(anonymous_2)
FNDA:48,(anonymous_3)
FNDA:48,(anonymous_4)
FNDA:16,(anonymous_5)
FNDA:0,(anonymous_6)
FNDA:0,(anonymous_7)
FNDA:48,(anonymous_8)
FNDA:0,(anonymous_9)
FNDA:48,(anonymous_10)
FNDA:0,(anonymous_11)
FNDA:1,(anonymous_12)
FNDA:12,(anonymous_13)
FNDA:16,(anonymous_14)
FNDA:4,(anonymous_15)
FNDA:2,(anonymous_16)
FNDA:48,(anonymous_17)
FNDA:48,(anonymous_18)
FNDA:1,(anonymous_19)
FNDA:4,(anonymous_20)
FNDA:0,(anonymous_21)
FNDA:1,(anonymous_22)
FNDA:7,(anonymous_23)
FNDA:38,(anonymous_24)
FNDA:38,(anonymous_25)
FNDA:1,(anonymous_26)
FNDA:847,(anonymous_27)
FNDA:26,(anonymous_28)
FNDA:38,(anonymous_29)
FNDA:3,(anonymous_30)
FNDA:442,(anonymous_31)
FNDA:22,(anonymous_32)
FNDA:420,(anonymous_33)
FNDA:4,(anonymous_34)
FNDA:1,(anonymous_35)
FNDA:2322,(anonymous_36)
FNDA:594,(anonymous_37)
FNDA:1850,(anonymous_38)
FNDA:112,(anonymous_39)
FNDA:1,(anonymous_40)
FNDA:2342,(anonymous_41)
FNDA:614,(anonymous_42)
FNDA:1996,(anonymous_43)
FNDA:20,(anonymous_44)
FNDA:166,(anonymous_45)
FNDA:800,(anonymous_46)
FNDA:4,(anonymous_47)
FNDA:32,(anonymous_48)
FNDA:4,(anonymous_49)
FNDA:32,(anonymous_50)
FNDA:72,(anonymous_51)
FNDA:1,(anonymous_52)
FNDA:2378,(anonymous_53)
FNDA:650,(anonymous_54)
FNDA:2088,(anonymous_55)
FNDA:0,(anonymous_56)
FNDA:826,(anonymous_57)
FNDA:1504,(anonymous_58)
FNDA:84,(anonymous_59)
FNDA:1,(anonymous_60)
FNDA:1,(anonymous_61)
FNDA:99,(anonymous_62)
FNDA:0,(anonymous_63)
FNDA:99,(anonymous_64)
FNDA:0,(anonymous_65)
DA:2,1
DA:3,1
DA:35,1
DA:38,1
DA:39,1
DA:41,1
DA:42,1
DA:43,1
DA:44,1
DA:45,1
DA:46,1
DA:48,1
DA:49,1
DA:50,1
DA:51,1
DA:52,1
DA:53,1
DA:56,1
DA:57,1
DA:60,1
DA:61,24
DA:62,24
DA:65,1
DA:66,1600
DA:68,48
DA:70,16
DA:74,1
DA:75,0
DA:76,0
DA:79,1
DA:80,1
DA:81,1
DA:83,48
DA:86,48
DA:87,0
DA:88,0
DA:89,0
DA:90,0
DA:97,1
DA:104,1
DA:110,1
DA:112,12
DA:121,16
DA:127,4
DA:130,1
DA:131,2
DA:132,48
DA:135,1
DA:139,4
DA:140,0
DA:143,1
DA:144,1
DA:145,1
DA:146,1
DA:147,1
DA:149,1
DA:150,1
DA:156,7
DA:157,1
DA:159,1
DA:166,1
DA:167,38
DA:170,1
DA:171,1
DA:172,847
DA:173,26
DA:174,38
DA:177,17
DA:180,21
DA:182,7
DA:184,14
DA:187,0
DA:194,1
DA:198,1
DA:199,1
DA:200,3
DA:201,442
DA:207,22
DA:209,420
DA:213,1
DA:214,4
DA:223,1
DA:224,1
DA:226,2322
DA:227,1850
DA:228,594
DA:231,112
DA:235,1
DA:236,1
DA:238,2342
DA:239,1996
DA:240,614
DA:243,20
DA:244,166
DA:246,800
DA:247,4
DA:248,32
DA:249,4
DA:250,32
DA:252,72
DA:257,1
DA:258,1
DA:260,2378
DA:261,2088
DA:265,0
DA:266,826
DA:268,1504
DA:269,84
DA:274,1
DA:275,1
DA:285,1
DA:286,1
DA:293,1
DA:295,1
DA:296,99
DA:299,1
DA:301,0
DA:302,0
DA:305,99
DA:308,0
DA:309,0
DA:310,0
DA:312,0
LF:123
LH:108
BRDA:87,0,0,0
BRDA:87,0,1,0
BRDA:87,0,2,0
BRDA:174,1,0,14
BRDA:174,1,1,17
BRDA:174,1,2,8
BRDA:174,1,3,21
BRDA:174,1,4,0
BRDA:180,2,0,7
BRDA:180,2,1,14
BRDA:302,3,0,0
BRDA:302,3,1,0
BRDA:309,4,0,0
BRDA:309,4,1,0
BRF:14
BRH:6
end_of_record
TN:
SF:src/roll-result-domain.ts
FN:4,(anonymous_0)
FNF:1
FNH:1
FNDA:1062,(anonymous_0)
DA:3,2
DA:5,1062
DA:6,494
DA:8,568
LF:4
LH:4
BRDA:5,0,0,494
BRDA:5,0,1,568
BRF:2
BRH:2
end_of_record
TN:
SF:src/roller.ts
FN:6,mapNotNull
FN:17,compareNumbers
FN:21,median
FN:31,rank
FN:32,(anonymous_4)
FN:33,(anonymous_5)
FN:49,pickFurthest
FN:69,(anonymous_7)
FN:80,(anonymous_8)
FN:84,(anonymous_9)
FN:88,(anonymous_10)
FN:90,(anonymous_11)
FN:94,(anonymous_12)
FN:96,(anonymous_13)
FN:101,(anonymous_14)
FN:103,(anonymous_15)
FN:105,(anonymous_16)
FN:110,(anonymous_17)
FN:116,(anonymous_18)
FN:125,(anonymous_19)
FN:142,(anonymous_20)
FN:175,(anonymous_21)
FN:177,(anonymous_22)
FN:183,(anonymous_23)
FN:185,(anonymous_24)
FN:189,(anonymous_25)
FN:191,(anonymous_26)
FN:196,(anonymous_27)
FN:212,(anonymous_28)
FN:217,(anonymous_29)
FN:222,(anonymous_30)
FN:233,(anonymous_31)
FN:234,(anonymous_32)
FN:244,(anonymous_33)
FN:245,(anonymous_34)
FN:249,(anonymous_35)
FN:258,(anonymous_36)
FN:259,(anonymous_37)
FN:268,(anonymous_38)
FN:272,(anonymous_39)
FN:274,(anonymous_40)
FN:276,(anonymous_41)
FN:282,(anonymous_42)
FNF:43
FNH:40
FNDA:24,mapNotNull
FNDA:252,compareNumbers
FNDA:0,median
FNDA:24,rank
FNDA:80,(anonymous_4)
FNDA:56,(anonymous_5)
FNDA:612,pickFurthest
FNDA:116,(anonymous_7)
FNDA:0,(anonymous_8)
FNDA:24,(anonymous_9)
FNDA:37,(anonymous_10)
FNDA:9,(anonymous_11)
FNDA:25,(anonymous_12)
FNDA:9,(anonymous_13)
FNDA:203,(anonymous_14)
FNDA:177,(anonymous_15)
FNDA:350,(anonymous_16)
FNDA:20,(anonymous_17)
FNDA:60,(anonymous_18)
FNDA:98,(anonymous_19)
FNDA:843,(anonymous_20)
FNDA:46,(anonymous_21)
FNDA:12,(anonymous_22)
FNDA:18,(anonymous_23)
FNDA:34,(anonymous_24)
FNDA:0,(anonymous_25)
FNDA:34,(anonymous_26)
FNDA:12,(anonymous_27)
FNDA:52,(anonymous_28)
FNDA:34,(anonymous_29)
FNDA:86,(anonymous_30)
FNDA:46,(anonymous_31)
FNDA:98,(anonymous_32)
FNDA:24,(anonymous_33)
FNDA:136,(anonymous_34)
FNDA:80,(anonymous_35)
FNDA:24,(anonymous_36)
FNDA:80,(anonymous_37)
FNDA:177,(anonymous_38)
FNDA:177,(anonymous_39)
FNDA:28,(anonymous_40)
FNDA:381,(anonymous_41)
FNDA:177,(anonymous_42)
DA:1,2
DA:2,2
DA:3,2
DA:4,2
DA:7,24
DA:8,24
DA:9,80
DA:10,80
DA:11,43
DA:14,24
DA:18,252
DA:22,0
DA:23,0
DA:24,0
DA:25,0
DA:27,0
DA:32,80
DA:33,56
DA:34,24
DA:35,24
DA:36,24
DA:37,24
DA:38,80
DA:39,80
DA:40,40
DA:41,40
DA:43,80
DA:44,80
DA:46,24
DA:50,612
DA:51,612
DA:52,612
DA:53,0
DA:54,612
DA:55,0
DA:57,612
DA:59,3
DA:61,3
DA:63,606
DA:68,2
DA:70,116
DA:72,86
DA:74,0
DA:76,30
DA:78,0
DA:80,0
DA:85,24
DA:87,14
DA:88,37
DA:90,9
DA:93,10
DA:94,25
DA:96,9
DA:101,203
DA:104,177
DA:105,350
DA:106,107
DA:107,107
DA:108,70
DA:109,24
DA:110,20
DA:111,4
DA:112,4
DA:113,4
DA:114,4
DA:115,20
DA:116,60
DA:117,20
DA:118,20
DA:119,20
DA:120,20
DA:122,0
DA:124,46
DA:125,46
DA:126,98
DA:127,98
DA:128,98
DA:130,0
DA:133,46
DA:134,46
DA:135,46
DA:136,46
DA:138,0
DA:143,843
DA:144,408
DA:145,435
DA:146,196
DA:147,239
DA:148,177
DA:149,62
DA:150,50
DA:151,50
DA:152,50
DA:153,27
DA:154,23
DA:155,3
DA:156,20
DA:157,13
DA:158,7
DA:159,7
DA:161,0
DA:163,12
DA:164,12
DA:165,12
DA:166,12
DA:168,0
DA:171,0
DA:176,46
DA:177,12
DA:179,34
DA:180,34
DA:182,20
DA:183,18
DA:185,34
DA:188,14
DA:189,0
DA:191,34
DA:197,12
DA:198,12
DA:199,12
DA:200,12
DA:201,606
DA:202,600
DA:203,600
DA:205,12
DA:206,0
DA:208,12
DA:213,52
DA:214,52
DA:218,34
DA:219,34
DA:223,86
DA:224,86
DA:225,86
DA:226,58
DA:227,58
DA:228,58
DA:230,86
DA:234,46
DA:235,98
DA:236,70
DA:237,15
DA:238,13
DA:239,0
DA:245,24
DA:246,136
DA:248,24
DA:249,24
DA:250,80
DA:251,43
DA:253,37
DA:259,24
DA:260,80
DA:261,43
DA:263,37
DA:269,177
DA:273,177
DA:274,28
DA:275,0
DA:276,381
DA:277,9
DA:278,9
DA:283,177
LF:163
LH:143
BRDA:10,0,0,43
BRDA:24,1,0,0
BRDA:24,1,1,0
BRDA:31,2,0,24
BRDA:39,3,0,40
BRDA:44,4,0,80
BRDA:52,5,0,0
BRDA:52,5,1,612
BRDA:54,6,0,0
BRDA:54,6,1,612
BRDA:57,7,0,3
BRDA:57,7,1,3
BRDA:57,7,2,606
BRDA:59,8,0,0
BRDA:59,8,1,3
BRDA:61,9,0,0
BRDA:61,9,1,3
BRDA:70,10,0,86
BRDA:70,10,1,0
BRDA:70,10,2,30
BRDA:70,10,3,0
BRDA:70,10,4,0
BRDA:74,11,0,0
BRDA:74,11,1,0
BRDA:85,12,0,14
BRDA:85,12,1,10
BRDA:87,13,0,11
BRDA:87,13,1,3
BRDA:93,14,0,7
BRDA:93,14,1,3
BRDA:104,15,0,107
BRDA:104,15,1,70
BRDA:108,16,0,24
BRDA:108,16,1,46
BRDA:109,17,0,4
BRDA:109,17,1,20
BRDA:115,18,0,20
BRDA:115,18,1,0
BRDA:124,19,0,46
BRDA:124,19,1,0
BRDA:127,20,0,98
BRDA:127,20,1,0
BRDA:143,21,0,408
BRDA:143,21,1,435
BRDA:145,22,0,196
BRDA:145,22,1,239
BRDA:147,23,0,177
BRDA:147,23,1,62
BRDA:149,24,0,50
BRDA:149,24,1,12
BRDA:152,25,0,27
BRDA:152,25,1,23
BRDA:154,26,0,3
BRDA:154,26,1,20
BRDA:156,27,0,13
BRDA:156,27,1,7
BRDA:158,28,0,7
BRDA:158,28,1,0
BRDA:163,29,0,12
BRDA:163,29,1,0
BRDA:165,30,0,12
BRDA:165,30,1,0
BRDA:176,31,0,12
BRDA:180,32,0,20
BRDA:180,32,1,14
BRDA:182,33,0,6
BRDA:182,33,1,14
BRDA:188,34,0,0
BRDA:188,34,1,14
BRDA:198,35,0,8
BRDA:198,35,1,4
BRDA:201,36,0,6
BRDA:205,37,0,0
BRDA:205,37,1,12
BRDA:214,38,0,39
BRDA:214,38,1,13
BRDA:219,39,0,19
BRDA:219,39,1,15
BRDA:225,40,0,144
BRDA:225,40,1,116
BRDA:235,41,0,70
BRDA:235,41,1,15
BRDA:235,41,2,13
BRDA:235,41,3,0
BRDA:250,42,0,43
BRDA:250,42,1,37
BRDA:260,43,0,43
BRDA:260,43,1,37
BRDA:273,44,0,10
BRDA:273,44,1,0
BRDA:273,44,2,149
BRDA:273,44,3,9
BRDA:273,44,4,9
BRF:93
BRH:72
end_of_record
