TN:
SF:src/dice-expression-domain.ts
FN:4,distinctPrimitive
FN:8,diceListWithFilterToString
FN:18,diceReduceToString
FN:30,binOpToString
FN:43,unaryOpToString
FN:51,(anonymous_5)
FN:67,(anonymous_6)
FN:79,(anonymous_7)
FN:81,(anonymous_8)
FN:88,(anonymous_9)
FN:92,(anonymous_10)
FN:96,(anonymous_11)
FN:101,(anonymous_12)
FN:113,(anonymous_13)
FN:123,(anonymous_14)
FN:133,(anonymous_15)
FN:145,(anonymous_16)
FN:155,(anonymous_17)
FN:171,(anonymous_18)
FN:175,(anonymous_19)
FN:178,(anonymous_20)
FN:185,(anonymous_21)
FN:193,(anonymous_22)
FN:203,(anonymous_23)
FN:222,(anonymous_24)
FN:228,(anonymous_25)
FN:232,(anonymous_26)
FN:236,(anonymous_27)
FN:254,(anonymous_28)
FN:263,(anonymous_29)
FN:274,(anonymous_30)
FNF:31
FNH:19
FNDA:46,distinctPrimitive
FNDA:18,diceListWithFilterToString
FNDA:80,diceReduceToString
FNDA:32,binOpToString
FNDA:4,unaryOpToString
FNDA:285,(anonymous_5)
FNDA:79,(anonymous_6)
FNDA:13,(anonymous_7)
FNDA:13,(anonymous_8)
FNDA:26,(anonymous_9)
FNDA:15,(anonymous_10)
FNDA:6,(anonymous_11)
FNDA:13,(anonymous_12)
FNDA:13,(anonymous_13)
FNDA:65,(anonymous_14)
FNDA:65,(anonymous_15)
FNDA:80,(anonymous_16)
FNDA:18,(anonymous_17)
FNDA:4,(anonymous_18)
FNDA:0,(anonymous_19)
FNDA:0,(anonymous_20)
FNDA:0,(anonymous_21)
FNDA:0,(anonymous_22)
FNDA:0,(anonymous_23)
FNDA:0,(anonymous_24)
FNDA:0,(anonymous_25)
FNDA:0,(anonymous_26)
FNDA:0,(anonymous_27)
FNDA:0,(anonymous_28)
FNDA:0,(anonymous_29)
FNDA:0,(anonymous_30)
DA:1,1
DA:2,1
DA:5,46
DA:9,18
DA:10,2
DA:11,16
DA:12,16
DA:14,0
DA:19,80
DA:20,49
DA:21,31
DA:22,18
DA:23,13
DA:24,13
DA:26,0
DA:31,32
DA:33,14
DA:35,3
DA:37,10
DA:39,5
DA:44,4
DA:46,4
DA:50,1
DA:52,285
DA:53,109
DA:54,176
DA:55,60
DA:56,116
DA:57,80
DA:58,36
DA:59,32
DA:60,4
DA:61,4
DA:63,0
DA:68,79
DA:69,2
DA:70,77
DA:71,68
DA:72,9
DA:73,0
DA:75,9
DA:80,13
DA:81,13
DA:82,13
DA:84,8
DA:86,5
DA:88,26
DA:89,13
DA:93,15
DA:94,13
DA:96,6
DA:97,2
DA:102,13
DA:103,3
DA:104,10
DA:105,6
DA:106,4
DA:107,2
DA:109,2
DA:114,13
DA:115,12
DA:116,0
DA:117,0
DA:118,0
DA:119,1
DA:124,65
DA:125,27
DA:126,38
DA:127,2
DA:129,36
DA:134,65
DA:135,65
DA:136,152
DA:137,118
DA:139,34
DA:142,31
DA:146,80
DA:147,70
DA:148,3
DA:149,3
DA:150,4
DA:151,0
DA:156,18
DA:157,9
DA:158,6
DA:160,3
DA:163,9
DA:164,6
DA:166,3
DA:172,4
DA:176,0
DA:178,0
DA:181,0
DA:182,0
DA:183,0
DA:185,0
DA:189,0
DA:194,0
DA:195,0
DA:196,0
DA:197,0
DA:198,0
DA:199,0
DA:204,0
DA:206,0
DA:207,0
DA:209,0
DA:212,0
DA:214,0
DA:216,0
DA:218,0
DA:223,0
DA:225,0
DA:226,0
DA:228,0
DA:232,0
DA:233,0
DA:234,0
DA:236,0
DA:240,0
DA:241,0
DA:242,0
DA:243,0
DA:244,0
DA:245,0
DA:246,0
DA:247,0
DA:249,0
DA:255,0
DA:256,0
DA:257,0
DA:260,0
DA:264,0
DA:268,0
DA:270,0
DA:275,0
DA:276,0
DA:277,0
DA:279,0
LF:139
LH:82
BRDA:9,0,0,2
BRDA:9,0,1,16
BRDA:11,1,0,16
BRDA:11,1,1,0
BRDA:19,2,0,49
BRDA:19,2,1,31
BRDA:21,3,0,18
BRDA:21,3,1,13
BRDA:23,4,0,13
BRDA:23,4,1,0
BRDA:31,5,0,14
BRDA:31,5,1,3
BRDA:31,5,2,10
BRDA:31,5,3,5
BRDA:44,6,0,4
BRDA:52,7,0,109
BRDA:52,7,1,176
BRDA:54,8,0,60
BRDA:54,8,1,116
BRDA:56,9,0,80
BRDA:56,9,1,36
BRDA:58,10,0,32
BRDA:58,10,1,4
BRDA:60,11,0,4
BRDA:60,11,1,0
BRDA:68,12,0,2
BRDA:68,12,1,77
BRDA:68,13,0,79
BRDA:68,13,1,70
BRDA:70,14,0,68
BRDA:70,14,1,9
BRDA:72,15,0,0
BRDA:72,15,1,9
BRDA:82,16,0,8
BRDA:82,16,1,5
BRDA:93,17,0,13
BRDA:93,17,1,2
BRDA:102,18,0,3
BRDA:102,18,1,10
BRDA:104,19,0,6
BRDA:104,19,1,4
BRDA:106,20,0,2
BRDA:106,20,1,2
BRDA:114,21,0,12
BRDA:114,21,1,0
BRDA:114,21,2,0
BRDA:114,21,3,0
BRDA:114,21,4,1
BRDA:124,22,0,27
BRDA:124,22,1,38
BRDA:125,23,0,22
BRDA:125,23,1,5
BRDA:126,24,0,2
BRDA:126,24,1,36
BRDA:126,25,0,38
BRDA:126,25,1,4
BRDA:136,26,0,118
BRDA:136,26,1,34
BRDA:146,27,0,70
BRDA:146,27,1,3
BRDA:146,27,2,3
BRDA:146,27,3,4
BRDA:146,27,4,0
BRDA:156,28,0,9
BRDA:156,28,1,9
BRDA:157,29,0,6
BRDA:157,29,1,3
BRDA:163,30,0,6
BRDA:163,30,1,3
BRDA:176,31,0,0
BRDA:176,31,1,0
BRDA:176,31,2,0
BRDA:182,32,0,0
BRDA:182,32,1,0
BRDA:194,33,0,0
BRDA:194,33,1,0
BRDA:194,33,2,0
BRDA:194,33,3,0
BRDA:194,33,4,0
BRDA:204,34,0,0
BRDA:204,34,1,0
BRDA:204,34,2,0
BRDA:204,34,3,0
BRDA:204,34,4,0
BRDA:206,35,0,0
BRDA:206,35,1,0
BRDA:223,36,0,0
BRDA:223,36,1,0
BRDA:223,36,2,0
BRDA:225,37,0,0
BRDA:225,37,1,0
BRDA:233,38,0,0
BRDA:233,38,1,0
BRDA:241,39,0,0
BRDA:241,39,1,0
BRDA:242,40,0,0
BRDA:242,40,1,0
BRDA:244,41,0,0
BRDA:244,41,1,0
BRDA:244,42,0,0
BRDA:244,42,1,0
BRDA:246,43,0,0
BRDA:246,44,0,0
BRDA:246,44,1,0
BRDA:256,45,0,0
BRDA:264,46,0,0
BRDA:264,46,1,0
BRDA:265,47,0,0
BRDA:265,47,1,0
BRDA:265,47,2,0
BRDA:276,48,0,0
BRDA:276,48,1,0
BRF:112
BRH:61
end_of_record
TN:
SF:src/dice-expression.ts
FN:10,die
FN:22,literal
FN:35,diceReduce
FN:53,binaryOp
FN:72,unaryOp
FN:94,diceExpressions
FN:107,diceListWithFilter
FN:124,diceListWithMap
FN:145,filterableDiceArray
FN:157,filterableDiceExpressions
FN:176,drop
FN:190,keep
FN:208,explode
FN:222,reroll
FN:238,always
FN:249,upTo
FN:265,exact
FN:278,between
FN:294,valueOrMore
FN:306,valueOrLess
FN:318,composite
FN:343,insufficientSides
FN:354,emptySet
FN:366,infiniteReroll
FN:383,tooManyDrops
FN:400,tooManyKeeps
FN:415,dropOrKeepShouldBePositive
FNF:27
FNH:18
FNDA:2353,die
FNDA:907,literal
FNDA:440,diceReduce
FNDA:47,binaryOp
FNDA:9,unaryOp
FNDA:714,diceExpressions
FNDA:74,diceListWithFilter
FNDA:56,diceListWithMap
FNDA:634,filterableDiceArray
FNDA:168,filterableDiceExpressions
FNDA:42,drop
FNDA:36,keep
FNDA:38,explode
FNDA:26,reroll
FNDA:6,always
FNDA:52,upTo
FNDA:48,exact
FNDA:0,between
FNDA:16,valueOrMore
FNDA:0,valueOrLess
FNDA:0,composite
FNDA:0,insufficientSides
FNDA:0,emptySet
FNDA:0,infiniteReroll
FNDA:0,tooManyDrops
FNDA:0,tooManyKeeps
FNDA:0,dropOrKeepShouldBePositive
DA:10,2
DA:11,2353
DA:22,2
DA:23,907
DA:35,2
DA:39,440
DA:53,2
DA:58,47
DA:72,2
DA:73,9
DA:94,2
DA:95,714
DA:107,2
DA:111,74
DA:124,2
DA:128,56
DA:145,2
DA:146,634
DA:157,2
DA:160,168
DA:176,2
DA:177,42
DA:190,2
DA:191,36
DA:208,2
DA:209,38
DA:222,2
DA:223,26
DA:238,2
DA:239,6
DA:249,2
DA:250,52
DA:265,2
DA:266,48
DA:278,2
DA:282,0
DA:294,2
DA:295,16
DA:306,2
DA:307,0
DA:318,2
DA:319,0
DA:343,2
DA:344,0
DA:354,2
DA:355,0
DA:366,2
DA:370,0
DA:383,2
DA:387,0
DA:400,2
DA:404,0
DA:415,2
DA:416,0
LF:54
LH:45
BRF:0
BRH:0
end_of_record
TN:
SF:src/dice-parser.ts
FN:60,(anonymous_0)
FN:61,(anonymous_1)
FN:64,(anonymous_2)
FN:66,(anonymous_3)
FN:67,(anonymous_4)
FN:69,(anonymous_5)
FN:74,(anonymous_6)
FN:75,(anonymous_7)
FN:81,(anonymous_8)
FN:82,(anonymous_9)
FN:84,(anonymous_10)
FN:85,(anonymous_11)
FN:109,(anonymous_12)
FN:110,(anonymous_13)
FN:111,(anonymous_14)
FN:114,(anonymous_15)
FN:115,(anonymous_16)
FN:116,(anonymous_17)
FN:134,(anonymous_18)
FN:134,(anonymous_19)
FN:144,(anonymous_20)
FN:145,(anonymous_21)
FN:148,(anonymous_22)
FN:149,(anonymous_23)
FN:150,(anonymous_24)
FN:151,(anonymous_25)
FN:177,(anonymous_26)
FN:178,(anonymous_27)
FN:185,(anonymous_28)
FN:187,(anonymous_29)
FN:191,(anonymous_30)
FN:201,(anonymous_31)
FN:203,(anonymous_32)
FN:204,(anonymous_33)
FN:205,(anonymous_34)
FN:209,(anonymous_35)
FN:213,(anonymous_36)
FN:215,(anonymous_37)
FN:216,(anonymous_38)
FN:217,(anonymous_39)
FN:221,(anonymous_40)
FN:222,(anonymous_41)
FN:223,(anonymous_42)
FN:225,(anonymous_43)
FN:226,(anonymous_44)
FN:227,(anonymous_45)
FN:228,(anonymous_46)
FN:229,(anonymous_47)
FN:235,(anonymous_48)
FN:237,(anonymous_49)
FN:238,(anonymous_50)
FN:239,(anonymous_51)
FN:243,(anonymous_52)
FN:244,(anonymous_53)
FN:245,(anonymous_54)
FN:246,(anonymous_55)
FN:252,(anonymous_56)
FN:263,(anonymous_57)
FN:273,(anonymous_58)
FN:278,(anonymous_59)
FN:282,(anonymous_60)
FN:285,(anonymous_61)
FNF:62
FNH:54
FNDA:24,(anonymous_0)
FNDA:24,(anonymous_1)
FNDA:1600,(anonymous_2)
FNDA:48,(anonymous_3)
FNDA:48,(anonymous_4)
FNDA:16,(anonymous_5)
FNDA:0,(anonymous_6)
FNDA:0,(anonymous_7)
FNDA:48,(anonymous_8)
FNDA:0,(anonymous_9)
FNDA:48,(anonymous_10)
FNDA:0,(anonymous_11)
FNDA:2,(anonymous_12)
FNDA:48,(anonymous_13)
FNDA:48,(anonymous_14)
FNDA:1,(anonymous_15)
FNDA:4,(anonymous_16)
FNDA:0,(anonymous_17)
FNDA:1,(anonymous_18)
FNDA:7,(anonymous_19)
FNDA:38,(anonymous_20)
FNDA:38,(anonymous_21)
FNDA:1,(anonymous_22)
FNDA:839,(anonymous_23)
FNDA:26,(anonymous_24)
FNDA:38,(anonymous_25)
FNDA:3,(anonymous_26)
FNDA:426,(anonymous_27)
FNDA:22,(anonymous_28)
FNDA:404,(anonymous_29)
FNDA:4,(anonymous_30)
FNDA:1,(anonymous_31)
FNDA:2322,(anonymous_32)
FNDA:594,(anonymous_33)
FNDA:1850,(anonymous_34)
FNDA:112,(anonymous_35)
FNDA:1,(anonymous_36)
FNDA:2342,(anonymous_37)
FNDA:614,(anonymous_38)
FNDA:1996,(anonymous_39)
FNDA:20,(anonymous_40)
FNDA:166,(anonymous_41)
FNDA:800,(anonymous_42)
FNDA:4,(anonymous_43)
FNDA:32,(anonymous_44)
FNDA:4,(anonymous_45)
FNDA:32,(anonymous_46)
FNDA:72,(anonymous_47)
FNDA:1,(anonymous_48)
FNDA:2378,(anonymous_49)
FNDA:650,(anonymous_50)
FNDA:2088,(anonymous_51)
FNDA:0,(anonymous_52)
FNDA:794,(anonymous_53)
FNDA:1472,(anonymous_54)
FNDA:52,(anonymous_55)
FNDA:1,(anonymous_56)
FNDA:1,(anonymous_57)
FNDA:91,(anonymous_58)
FNDA:0,(anonymous_59)
FNDA:91,(anonymous_60)
FNDA:0,(anonymous_61)
DA:2,1
DA:3,1
DA:34,1
DA:37,1
DA:38,1
DA:40,1
DA:41,1
DA:42,1
DA:43,1
DA:44,1
DA:45,1
DA:47,1
DA:48,1
DA:49,1
DA:50,1
DA:51,1
DA:52,1
DA:55,1
DA:56,1
DA:59,1
DA:60,24
DA:61,24
DA:64,1
DA:65,1600
DA:67,48
DA:69,16
DA:73,1
DA:74,0
DA:75,0
DA:78,1
DA:79,1
DA:80,1
DA:82,48
DA:85,48
DA:86,0
DA:87,0
DA:88,0
DA:89,0
DA:96,1
DA:103,1
DA:109,1
DA:110,2
DA:111,48
DA:114,1
DA:115,4
DA:116,0
DA:121,1
DA:122,1
DA:123,1
DA:124,1
DA:125,1
DA:127,1
DA:128,1
DA:134,7
DA:135,1
DA:137,1
DA:144,1
DA:145,38
DA:148,1
DA:149,1
DA:150,839
DA:151,26
DA:152,38
DA:155,17
DA:158,21
DA:160,7
DA:162,14
DA:165,0
DA:172,1
DA:176,1
DA:177,1
DA:178,3
DA:179,426
DA:185,22
DA:187,404
DA:191,1
DA:192,4
DA:201,1
DA:202,1
DA:204,2322
DA:205,1850
DA:206,594
DA:209,112
DA:213,1
DA:214,1
DA:216,2342
DA:217,1996
DA:218,614
DA:221,20
DA:222,166
DA:224,800
DA:225,4
DA:226,32
DA:227,4
DA:228,32
DA:230,72
DA:235,1
DA:236,1
DA:238,2378
DA:239,2088
DA:243,0
DA:244,794
DA:246,1472
DA:247,52
DA:252,1
DA:253,1
DA:263,1
DA:264,1
DA:271,1
DA:273,1
DA:274,91
DA:277,1
DA:279,0
DA:280,0
DA:283,91
DA:286,0
DA:287,0
DA:288,0
DA:290,0
LF:119
LH:104
BRDA:86,0,0,0
BRDA:86,0,1,0
BRDA:86,0,2,0
BRDA:152,1,0,14
BRDA:152,1,1,17
BRDA:152,1,2,8
BRDA:152,1,3,21
BRDA:152,1,4,0
BRDA:158,2,0,7
BRDA:158,2,1,14
BRDA:280,3,0,0
BRDA:280,3,1,0
BRDA:287,4,0,0
BRDA:287,4,1,0
BRF:14
BRH:6
end_of_record
TN:
SF:src/roll-result.ts
FN:8,oneResult
FN:21,literalResult
FN:36,diceReduceResult
FN:57,binaryOpResult
FN:79,unaryOpResult
FN:104,diceExpressionsResult
FN:117,diceFilterableResult
FN:134,diceMapeableResult
FN:155,rerolled
FN:167,exploded
FN:179,normal
FN:197,dieResult
FN:210,keepResult
FN:222,discardResult
FNF:14
FNH:14
FNDA:518,oneResult
FNDA:268,literalResult
FNDA:193,diceReduceResult
FNDA:54,binaryOpResult
FNDA:16,unaryOpResult
FNDA:123,diceExpressionsResult
FNDA:28,diceFilterableResult
FNDA:42,diceMapeableResult
FNDA:19,rerolled
FNDA:17,exploded
FNDA:74,normal
FNDA:494,dieResult
FNDA:51,keepResult
FNDA:41,discardResult
DA:8,2
DA:9,518
DA:21,2
DA:22,268
DA:36,2
DA:41,193
DA:57,2
DA:63,54
DA:79,2
DA:84,16
DA:104,2
DA:105,123
DA:117,2
DA:121,28
DA:134,2
DA:138,42
DA:155,2
DA:156,19
DA:167,2
DA:168,17
DA:179,2
DA:180,74
DA:197,2
DA:198,494
DA:210,2
DA:211,51
DA:222,2
DA:223,41
LF:28
LH:28
BRF:0
BRH:0
end_of_record
TN:
SF:src/roller.ts
FN:6,mapNotNull
FN:17,compareNumbers
FN:21,median
FN:31,rank
FN:32,(anonymous_4)
FN:33,(anonymous_5)
FN:50,(anonymous_6)
FN:61,(anonymous_7)
FN:65,(anonymous_8)
FN:69,(anonymous_9)
FN:71,(anonymous_10)
FN:75,(anonymous_11)
FN:77,(anonymous_12)
FN:82,(anonymous_13)
FN:84,(anonymous_14)
FN:86,(anonymous_15)
FN:91,(anonymous_16)
FN:97,(anonymous_17)
FN:106,(anonymous_18)
FN:123,(anonymous_19)
FN:156,(anonymous_20)
FN:161,(anonymous_21)
FN:163,(anonymous_22)
FN:167,(anonymous_23)
FN:169,(anonymous_24)
FN:174,(anonymous_25)
FN:179,(anonymous_26)
FN:184,(anonymous_27)
FN:195,(anonymous_28)
FN:196,(anonymous_29)
FN:206,(anonymous_30)
FN:207,(anonymous_31)
FN:211,(anonymous_32)
FN:220,(anonymous_33)
FN:221,(anonymous_34)
FN:230,(anonymous_35)
FN:234,(anonymous_36)
FN:236,(anonymous_37)
FN:238,(anonymous_38)
FN:244,(anonymous_39)
FNF:40
FNH:37
FNDA:24,mapNotNull
FNDA:252,compareNumbers
FNDA:0,median
FNDA:24,rank
FNDA:80,(anonymous_4)
FNDA:56,(anonymous_5)
FNDA:116,(anonymous_6)
FNDA:0,(anonymous_7)
FNDA:24,(anonymous_8)
FNDA:37,(anonymous_9)
FNDA:9,(anonymous_10)
FNDA:25,(anonymous_11)
FNDA:9,(anonymous_12)
FNDA:191,(anonymous_13)
FNDA:165,(anonymous_14)
FNDA:350,(anonymous_15)
FNDA:20,(anonymous_16)
FNDA:60,(anonymous_17)
FNDA:86,(anonymous_18)
FNDA:819,(anonymous_19)
FNDA:34,(anonymous_20)
FNDA:18,(anonymous_21)
FNDA:34,(anonymous_22)
FNDA:0,(anonymous_23)
FNDA:34,(anonymous_24)
FNDA:52,(anonymous_25)
FNDA:34,(anonymous_26)
FNDA:86,(anonymous_27)
FNDA:34,(anonymous_28)
FNDA:86,(anonymous_29)
FNDA:24,(anonymous_30)
FNDA:136,(anonymous_31)
FNDA:80,(anonymous_32)
FNDA:24,(anonymous_33)
FNDA:80,(anonymous_34)
FNDA:165,(anonymous_35)
FNDA:165,(anonymous_36)
FNDA:28,(anonymous_37)
FNDA:369,(anonymous_38)
FNDA:165,(anonymous_39)
DA:1,2
DA:2,2
DA:3,2
DA:4,2
DA:7,24
DA:8,24
DA:9,80
DA:10,80
DA:11,43
DA:14,24
DA:18,252
DA:22,0
DA:23,0
DA:24,0
DA:25,0
DA:27,0
DA:32,80
DA:33,56
DA:34,24
DA:35,24
DA:36,24
DA:37,24
DA:38,80
DA:39,80
DA:40,40
DA:41,40
DA:43,80
DA:44,80
DA:46,24
DA:49,2
DA:51,116
DA:53,86
DA:55,0
DA:57,30
DA:59,0
DA:61,0
DA:66,24
DA:68,14
DA:69,37
DA:71,9
DA:74,10
DA:75,25
DA:77,9
DA:82,191
DA:85,165
DA:86,350
DA:87,107
DA:88,107
DA:89,58
DA:90,24
DA:91,20
DA:92,4
DA:93,4
DA:94,4
DA:95,4
DA:96,20
DA:97,60
DA:98,20
DA:99,20
DA:100,20
DA:101,20
DA:103,0
DA:105,34
DA:106,34
DA:107,86
DA:108,86
DA:109,86
DA:111,0
DA:114,34
DA:115,34
DA:116,34
DA:117,34
DA:119,0
DA:124,819
DA:125,396
DA:126,423
DA:127,196
DA:128,227
DA:129,165
DA:130,62
DA:131,50
DA:132,50
DA:133,50
DA:134,27
DA:135,23
DA:136,3
DA:137,20
DA:138,13
DA:139,7
DA:140,7
DA:142,0
DA:144,12
DA:145,12
DA:146,12
DA:147,12
DA:149,0
DA:152,0
DA:157,34
DA:158,34
DA:160,20
DA:161,18
DA:163,34
DA:166,14
DA:167,0
DA:169,34
DA:175,52
DA:176,52
DA:180,34
DA:181,34
DA:185,86
DA:186,86
DA:187,86
DA:188,58
DA:189,58
DA:190,58
DA:192,86
DA:196,34
DA:197,86
DA:198,58
DA:199,15
DA:200,13
DA:201,0
DA:207,24
DA:208,136
DA:210,24
DA:211,24
DA:212,80
DA:213,43
DA:215,37
DA:221,24
DA:222,80
DA:223,43
DA:225,37
DA:231,165
DA:235,165
DA:236,28
DA:237,0
DA:238,369
DA:239,9
DA:240,9
DA:245,165
LF:141
LH:124
BRDA:10,0,0,43
BRDA:24,1,0,0
BRDA:24,1,1,0
BRDA:31,2,0,24
BRDA:39,3,0,40
BRDA:44,4,0,80
BRDA:51,5,0,86
BRDA:51,5,1,0
BRDA:51,5,2,30
BRDA:51,5,3,0
BRDA:51,5,4,0
BRDA:55,6,0,0
BRDA:55,6,1,0
BRDA:66,7,0,14
BRDA:66,7,1,10
BRDA:68,8,0,11
BRDA:68,8,1,3
BRDA:74,9,0,7
BRDA:74,9,1,3
BRDA:85,10,0,107
BRDA:85,10,1,58
BRDA:89,11,0,24
BRDA:89,11,1,34
BRDA:90,12,0,4
BRDA:90,12,1,20
BRDA:96,13,0,20
BRDA:96,13,1,0
BRDA:105,14,0,34
BRDA:105,14,1,0
BRDA:108,15,0,86
BRDA:108,15,1,0
BRDA:124,16,0,396
BRDA:124,16,1,423
BRDA:126,17,0,196
BRDA:126,17,1,227
BRDA:128,18,0,165
BRDA:128,18,1,62
BRDA:130,19,0,50
BRDA:130,19,1,12
BRDA:133,20,0,27
BRDA:133,20,1,23
BRDA:135,21,0,3
BRDA:135,21,1,20
BRDA:137,22,0,13
BRDA:137,22,1,7
BRDA:139,23,0,7
BRDA:139,23,1,0
BRDA:144,24,0,12
BRDA:144,24,1,0
BRDA:146,25,0,12
BRDA:146,25,1,0
BRDA:158,26,0,20
BRDA:158,26,1,14
BRDA:160,27,0,6
BRDA:160,27,1,14
BRDA:166,28,0,0
BRDA:166,28,1,14
BRDA:176,29,0,39
BRDA:176,29,1,13
BRDA:181,30,0,19
BRDA:181,30,1,15
BRDA:187,31,0,144
BRDA:187,31,1,116
BRDA:197,32,0,58
BRDA:197,32,1,15
BRDA:197,32,2,13
BRDA:197,32,3,0
BRDA:212,33,0,43
BRDA:212,33,1,37
BRDA:222,34,0,43
BRDA:222,34,1,37
BRDA:235,35,0,10
BRDA:235,35,1,0
BRDA:235,35,2,137
BRDA:235,35,3,9
BRDA:235,35,4,9
BRF:76
BRH:60
end_of_record
